[ 2015-03-20T23:32:41+08:00 ] 223.87.103.92 /Index/Index/blogData
INFO: [ route_check ] --START--
INFO: CheckRoute Behavior ::run [ RunTime:0.000144s ]
INFO: [ route_check ] --END-- [ RunTime:0.000239s ]
INFO: [ app_begin ] --START--
INFO: ReadHtmlCache Behavior ::run [ RunTime:0.000135s ]
INFO: [ app_begin ] --END-- [ RunTime:0.000203s ]
SQL: SHOW COLUMNS FROM `star_blog` [ RunTime:0.000908s ]
SQL: SELECT * FROM `star_blog` ORDER BY convert(username using gb2312) ASC LIMIT 0,8   [ RunTime:0.000196s ]

[ 2015-03-20T23:32:43+08:00 ] 223.87.103.92 /Index/Index/blogData
INFO: [ route_check ] --START--
INFO: CheckRoute Behavior ::run [ RunTime:0.000165s ]
INFO: [ route_check ] --END-- [ RunTime:0.000277s ]
INFO: [ app_begin ] --START--
INFO: ReadHtmlCache Behavior ::run [ RunTime:0.000153s ]
INFO: [ app_begin ] --END-- [ RunTime:0.000226s ]
SQL: SHOW COLUMNS FROM `star_blog` [ RunTime:0.000912s ]
SQL: SELECT * FROM `star_blog` ORDER BY convert(username using gb2312) ASC LIMIT 8,8   [ RunTime:0.000532s ]

[ 2015-03-20T23:32:46+08:00 ] 223.87.103.92 /Index/Index/blogData
INFO: [ route_check ] --START--
INFO: CheckRoute Behavior ::run [ RunTime:0.000153s ]
INFO: [ route_check ] --END-- [ RunTime:0.000256s ]
INFO: [ app_begin ] --START--
INFO: ReadHtmlCache Behavior ::run [ RunTime:0.000139s ]
INFO: [ app_begin ] --END-- [ RunTime:0.000206s ]
SQL: SHOW COLUMNS FROM `star_blog` [ RunTime:0.000923s ]
SQL: SELECT * FROM `star_blog` ORDER BY convert(username using gb2312) ASC LIMIT 16,8   [ RunTime:0.000538s ]

[ 2015-03-20T23:32:48+08:00 ] 223.87.103.92 /Index/Index/blogData
INFO: [ route_check ] --START--
INFO: CheckRoute Behavior ::run [ RunTime:0.000152s ]
INFO: [ route_check ] --END-- [ RunTime:0.000254s ]
INFO: [ app_begin ] --START--
INFO: ReadHtmlCache Behavior ::run [ RunTime:0.000138s ]
INFO: [ app_begin ] --END-- [ RunTime:0.000204s ]
SQL: SHOW COLUMNS FROM `star_blog` [ RunTime:0.000933s ]
SQL: SELECT * FROM `star_blog` ORDER BY convert(username using gb2312) ASC LIMIT 24,8   [ RunTime:0.000597s ]

[ 2015-03-20T23:32:54+08:00 ] 223.87.103.92 /Index/Index/blogData
INFO: [ route_check ] --START--
INFO: CheckRoute Behavior ::run [ RunTime:0.000161s ]
INFO: [ route_check ] --END-- [ RunTime:0.000268s ]
INFO: [ app_begin ] --START--
INFO: ReadHtmlCache Behavior ::run [ RunTime:0.000140s ]
INFO: [ app_begin ] --END-- [ RunTime:0.000210s ]
SQL: SHOW COLUMNS FROM `star_blog` [ RunTime:0.000995s ]
SQL: SELECT * FROM `star_blog` ORDER BY convert(username using gb2312) ASC LIMIT 32,8   [ RunTime:0.000581s ]

[ 2015-03-20T23:32:54+08:00 ] 223.87.103.92 /Index/Index/blogData
INFO: [ route_check ] --START--
INFO: CheckRoute Behavior ::run [ RunTime:0.000147s ]
INFO: [ route_check ] --END-- [ RunTime:0.000242s ]
INFO: [ app_begin ] --START--
INFO: ReadHtmlCache Behavior ::run [ RunTime:0.000135s ]
INFO: [ app_begin ] --END-- [ RunTime:0.000202s ]
SQL: SHOW COLUMNS FROM `star_blog` [ RunTime:0.000866s ]
SQL: SELECT * FROM `star_blog` ORDER BY convert(username using gb2312) ASC LIMIT 40,8   [ RunTime:0.000546s ]

[ 2015-03-20T23:32:55+08:00 ] 223.87.103.92 /Index/Index/loveBlog
INFO: [ route_check ] --START--
INFO: CheckRoute Behavior ::run [ RunTime:0.000151s ]
INFO: [ route_check ] --END-- [ RunTime:0.000251s ]
INFO: [ app_begin ] --START--
INFO: ReadHtmlCache Behavior ::run [ RunTime:0.000136s ]
INFO: [ app_begin ] --END-- [ RunTime:0.000204s ]
SQL: SHOW COLUMNS FROM `star_ip_list` [ RunTime:0.000973s ]
SQL: SELECT * FROM `star_ip_list` WHERE ( `login_ip` = '223.87.103.92' ) AND ( `date` = '15-03-20' )  [ RunTime:0.003017s ]
SQL: INSERT INTO `star_ip_list` (`login_ip`,`date`) VALUES ('223.87.103.92','15-03-20') [ RunTime:0.000341s ]
SQL: SELECT * FROM `star_ip_list` WHERE ( `login_ip` = '223.87.103.92' ) AND ( `date` = '15-03-20' )  [ RunTime:0.002963s ]
SQL: UPDATE `star_ip_list` SET `times`=times+1 WHERE ( `login_ip` = '223.87.103.92' ) AND ( `date` = '15-03-20' ) [ RunTime:0.014709s ]
SQL: SHOW COLUMNS FROM `star_blog` [ RunTime:0.000879s ]
SQL: UPDATE `star_blog` SET `vote_number`=vote_number+1 WHERE ( `id` = 4 ) [ RunTime:0.000597s ]

[ 2015-03-20T23:34:32+08:00 ] 223.87.103.165 /
INFO: [ app_begin ] --START--
INFO: ReadHtmlCache Behavior ::run [ RunTime:0.000156s ]
INFO: [ app_begin ] --END-- [ RunTime:0.000255s ]
INFO: [ view_parse ] --START--
INFO: ParseTemplate Behavior ::run [ RunTime:0.004187s ]
INFO: [ view_parse ] --END-- [ RunTime:0.004272s ]
INFO: [ view_filter ] --START--
INFO: ContentReplace Behavior ::run [ RunTime:0.000179s ]
INFO: TokenBuild Behavior ::run [ RunTime:0.000159s ]
INFO: WriteHtmlCache Behavior ::run [ RunTime:0.000090s ]
INFO: ShowRuntime Behavior ::run [ RunTime:0.000159s ]
INFO: [ view_filter ] --END-- [ RunTime:0.000790s ]
INFO: [ view_end ] --START--
INFO: ShowPageTrace Behavior ::run [ RunTime:0.000137s ]
INFO: [ view_end ] --END-- [ RunTime:0.000207s ]

[ 2015-03-20T23:34:33+08:00 ] 223.87.103.165 /Index/Index/broadcast.html
INFO: [ route_check ] --START--
INFO: CheckRoute Behavior ::run [ RunTime:0.000155s ]
INFO: [ route_check ] --END-- [ RunTime:0.000255s ]
INFO: [ app_begin ] --START--
INFO: ReadHtmlCache Behavior ::run [ RunTime:0.000139s ]
INFO: [ app_begin ] --END-- [ RunTime:0.000214s ]
SQL: SHOW COLUMNS FROM `star_blog` [ RunTime:0.000947s ]
SQL: SELECT * FROM `star_blog` ORDER BY id DESC  [ RunTime:0.000571s ]
INFO: [ view_parse ] --START--
INFO: ParseTemplate Behavior ::run [ RunTime:0.003120s ]
INFO: [ view_parse ] --END-- [ RunTime:0.003207s ]
INFO: [ view_filter ] --START--
INFO: ContentReplace Behavior ::run [ RunTime:0.000168s ]
INFO: TokenBuild Behavior ::run [ RunTime:0.000133s ]
INFO: WriteHtmlCache Behavior ::run [ RunTime:0.000088s ]
INFO: ShowRuntime Behavior ::run [ RunTime:0.000146s ]
INFO: [ view_filter ] --END-- [ RunTime:0.000733s ]
INFO: [ view_end ] --START--
INFO: ShowPageTrace Behavior ::run [ RunTime:0.000131s ]
INFO: [ view_end ] --END-- [ RunTime:0.000202s ]

[ 2015-03-20T23:34:34+08:00 ] 223.87.103.165 /Index/Index/blogData
INFO: [ route_check ] --START--
INFO: CheckRoute Behavior ::run [ RunTime:0.000154s ]
INFO: [ route_check ] --END-- [ RunTime:0.000252s ]
INFO: [ app_begin ] --START--
INFO: ReadHtmlCache Behavior ::run [ RunTime:0.000140s ]
INFO: [ app_begin ] --END-- [ RunTime:0.000209s ]
SQL: SHOW COLUMNS FROM `star_blog` [ RunTime:0.000957s ]
SQL: SELECT * FROM `star_blog` ORDER BY convert(username using gb2312) ASC LIMIT 0,8   [ RunTime:0.000504s ]

[ 2015-03-20T23:34:35+08:00 ] 223.87.103.165 /Index/Index/broadcast.html
INFO: [ route_check ] --START--
INFO: CheckRoute Behavior ::run [ RunTime:0.000151s ]
INFO: [ route_check ] --END-- [ RunTime:0.000254s ]
INFO: [ app_begin ] --START--
INFO: ReadHtmlCache Behavior ::run [ RunTime:0.000140s ]
INFO: [ app_begin ] --END-- [ RunTime:0.000214s ]
SQL: SHOW COLUMNS FROM `star_blog` [ RunTime:0.000941s ]
SQL: SELECT * FROM `star_blog` ORDER BY id DESC  [ RunTime:0.000212s ]
INFO: [ view_parse ] --START--
INFO: ParseTemplate Behavior ::run [ RunTime:0.003121s ]
INFO: [ view_parse ] --END-- [ RunTime:0.003209s ]
INFO: [ view_filter ] --START--
INFO: ContentReplace Behavior ::run [ RunTime:0.000170s ]
INFO: TokenBuild Behavior ::run [ RunTime:0.000137s ]
INFO: WriteHtmlCache Behavior ::run [ RunTime:0.000089s ]
INFO: ShowRuntime Behavior ::run [ RunTime:0.000148s ]
INFO: [ view_filter ] --END-- [ RunTime:0.000741s ]
INFO: [ view_end ] --START--
INFO: ShowPageTrace Behavior ::run [ RunTime:0.000133s ]
INFO: [ view_end ] --END-- [ RunTime:0.000204s ]

[ 2015-03-20T23:34:35+08:00 ] 223.87.103.165 /Index/Index/blogData
INFO: [ route_check ] --START--
INFO: CheckRoute Behavior ::run [ RunTime:0.000148s ]
INFO: [ route_check ] --END-- [ RunTime:0.000248s ]
INFO: [ app_begin ] --START--
INFO: ReadHtmlCache Behavior ::run [ RunTime:0.000139s ]
INFO: [ app_begin ] --END-- [ RunTime:0.000208s ]
SQL: SHOW COLUMNS FROM `star_blog` [ RunTime:0.000959s ]
SQL: SELECT * FROM `star_blog` ORDER BY convert(username using gb2312) ASC LIMIT 0,8   [ RunTime:0.000199s ]

[ 2015-03-20T23:34:37+08:00 ] 223.87.103.165 /Index/Index/blogData
INFO: [ route_check ] --START--
INFO: CheckRoute Behavior ::run [ RunTime:0.000151s ]
INFO: [ route_check ] --END-- [ RunTime:0.000256s ]
INFO: [ app_begin ] --START--
INFO: ReadHtmlCache Behavior ::run [ RunTime:0.000137s ]
INFO: [ app_begin ] --END-- [ RunTime:0.000206s ]
SQL: SHOW COLUMNS FROM `star_blog` [ RunTime:0.000977s ]
SQL: SELECT * FROM `star_blog` ORDER BY convert(username using gb2312) ASC LIMIT 8,8   [ RunTime:0.000527s ]

[ 2015-03-20T23:34:39+08:00 ] 223.87.103.165 /Index/Index/blogData
INFO: [ route_check ] --START--
INFO: CheckRoute Behavior ::run [ RunTime:0.000170s ]
INFO: [ route_check ] --END-- [ RunTime:0.000277s ]
INFO: [ app_begin ] --START--
INFO: ReadHtmlCache Behavior ::run [ RunTime:0.000158s ]
INFO: [ app_begin ] --END-- [ RunTime:0.000231s ]
SQL: SHOW COLUMNS FROM `star_blog` [ RunTime:0.000931s ]
SQL: SELECT * FROM `star_blog` ORDER BY convert(username using gb2312) ASC LIMIT 16,8   [ RunTime:0.000480s ]

[ 2015-03-20T23:34:42+08:00 ] 223.87.103.165 /Index/Index/blogData
INFO: [ route_check ] --START--
INFO: CheckRoute Behavior ::run [ RunTime:0.000167s ]
INFO: [ route_check ] --END-- [ RunTime:0.000281s ]
INFO: [ app_begin ] --START--
INFO: ReadHtmlCache Behavior ::run [ RunTime:0.000153s ]
INFO: [ app_begin ] --END-- [ RunTime:0.000226s ]
SQL: SHOW COLUMNS FROM `star_blog` [ RunTime:0.000917s ]
SQL: SELECT * FROM `star_blog` ORDER BY convert(username using gb2312) ASC LIMIT 24,8   [ RunTime:0.000567s ]

[ 2015-03-20T23:34:43+08:00 ] 223.87.103.165 /Index/Index/blogData
INFO: [ route_check ] --START--
INFO: CheckRoute Behavior ::run [ RunTime:0.000150s ]
INFO: [ route_check ] --END-- [ RunTime:0.000250s ]
INFO: [ app_begin ] --START--
INFO: ReadHtmlCache Behavior ::run [ RunTime:0.000140s ]
INFO: [ app_begin ] --END-- [ RunTime:0.000211s ]
SQL: SHOW COLUMNS FROM `star_blog` [ RunTime:0.000946s ]
SQL: SELECT * FROM `star_blog` ORDER BY convert(username using gb2312) ASC LIMIT 32,8   [ RunTime:0.000577s ]

[ 2015-03-20T23:34:43+08:00 ] 223.87.103.165 /Index/Index/blogData
INFO: [ route_check ] --START--
INFO: CheckRoute Behavior ::run [ RunTime:0.000161s ]
INFO: [ route_check ] --END-- [ RunTime:0.000266s ]
INFO: [ app_begin ] --START--
INFO: ReadHtmlCache Behavior ::run [ RunTime:0.000153s ]
INFO: [ app_begin ] --END-- [ RunTime:0.000225s ]
SQL: SHOW COLUMNS FROM `star_blog` [ RunTime:0.000827s ]
SQL: SELECT * FROM `star_blog` ORDER BY convert(username using gb2312) ASC LIMIT 40,8   [ RunTime:0.000526s ]

[ 2015-03-20T23:35:19+08:00 ] 118.112.143.29 /Index/Index/broadcast.html
INFO: [ route_check ] --START--
INFO: CheckRoute Behavior ::run [ RunTime:0.000160s ]
INFO: [ route_check ] --END-- [ RunTime:0.000260s ]
INFO: [ app_begin ] --START--
INFO: ReadHtmlCache Behavior ::run [ RunTime:0.000142s ]
INFO: [ app_begin ] --END-- [ RunTime:0.000216s ]
SQL: SHOW COLUMNS FROM `star_blog` [ RunTime:0.000900s ]
SQL: SELECT * FROM `star_blog` ORDER BY id DESC  [ RunTime:0.000234s ]
INFO: [ view_parse ] --START--
INFO: ParseTemplate Behavior ::run [ RunTime:0.003162s ]
INFO: [ view_parse ] --END-- [ RunTime:0.003250s ]
INFO: [ view_filter ] --START--
INFO: ContentReplace Behavior ::run [ RunTime:0.000169s ]
INFO: TokenBuild Behavior ::run [ RunTime:0.000138s ]
INFO: WriteHtmlCache Behavior ::run [ RunTime:0.000088s ]
INFO: ShowRuntime Behavior ::run [ RunTime:0.000148s ]
INFO: [ view_filter ] --END-- [ RunTime:0.000736s ]
INFO: [ view_end ] --START--
INFO: ShowPageTrace Behavior ::run [ RunTime:0.000135s ]
INFO: [ view_end ] --END-- [ RunTime:0.000206s ]

[ 2015-03-20T23:35:21+08:00 ] 118.112.143.29 /Index/Index/blogData
INFO: [ route_check ] --START--
INFO: CheckRoute Behavior ::run [ RunTime:0.000167s ]
INFO: [ route_check ] --END-- [ RunTime:0.000278s ]
INFO: [ app_begin ] --START--
INFO: ReadHtmlCache Behavior ::run [ RunTime:0.000151s ]
INFO: [ app_begin ] --END-- [ RunTime:0.000224s ]
SQL: SHOW COLUMNS FROM `star_blog` [ RunTime:0.000884s ]
SQL: SELECT * FROM `star_blog` ORDER BY convert(username using gb2312) ASC LIMIT 0,8   [ RunTime:0.000210s ]

[ 2015-03-20T23:36:02+08:00 ] 223.87.103.165 /
INFO: [ app_begin ] --START--
INFO: ReadHtmlCache Behavior ::run [ RunTime:0.000155s ]
INFO: [ app_begin ] --END-- [ RunTime:0.000255s ]
INFO: [ view_parse ] --START--
INFO: ParseTemplate Behavior ::run [ RunTime:0.004172s ]
INFO: [ view_parse ] --END-- [ RunTime:0.004258s ]
INFO: [ view_filter ] --START--
INFO: ContentReplace Behavior ::run [ RunTime:0.000174s ]
INFO: TokenBuild Behavior ::run [ RunTime:0.000131s ]
INFO: WriteHtmlCache Behavior ::run [ RunTime:0.000084s ]
INFO: ShowRuntime Behavior ::run [ RunTime:0.000150s ]
INFO: [ view_filter ] --END-- [ RunTime:0.000742s ]
INFO: [ view_end ] --START--
INFO: ShowPageTrace Behavior ::run [ RunTime:0.000132s ]
INFO: [ view_end ] --END-- [ RunTime:0.000201s ]

[ 2015-03-20T23:36:03+08:00 ] 223.87.103.165 /Index/Index/broadcast.html
INFO: [ route_check ] --START--
INFO: CheckRoute Behavior ::run [ RunTime:0.000169s ]
INFO: [ route_check ] --END-- [ RunTime:0.000286s ]
INFO: [ app_begin ] --START--
INFO: ReadHtmlCache Behavior ::run [ RunTime:0.000146s ]
INFO: [ app_begin ] --END-- [ RunTime:0.000231s ]
SQL: SHOW COLUMNS FROM `star_blog` [ RunTime:0.000999s ]
SQL: SELECT * FROM `star_blog` ORDER BY id DESC  [ RunTime:0.000217s ]
INFO: [ view_parse ] --START--
INFO: ParseTemplate Behavior ::run [ RunTime:0.003369s ]
INFO: [ view_parse ] --END-- [ RunTime:0.003467s ]
INFO: [ view_filter ] --START--
INFO: ContentReplace Behavior ::run [ RunTime:0.000183s ]
INFO: TokenBuild Behavior ::run [ RunTime:0.000146s ]
INFO: WriteHtmlCache Behavior ::run [ RunTime:0.000098s ]
INFO: ShowRuntime Behavior ::run [ RunTime:0.000164s ]
INFO: [ view_filter ] --END-- [ RunTime:0.000796s ]
INFO: [ view_end ] --START--
INFO: ShowPageTrace Behavior ::run [ RunTime:0.000144s ]
INFO: [ view_end ] --END-- [ RunTime:0.000219s ]

[ 2015-03-20T23:36:03+08:00 ] 223.87.103.165 /Index/Index/blogData
INFO: [ route_check ] --START--
INFO: CheckRoute Behavior ::run [ RunTime:0.000167s ]
INFO: [ route_check ] --END-- [ RunTime:0.000282s ]
INFO: [ app_begin ] --START--
INFO: ReadHtmlCache Behavior ::run [ RunTime:0.000154s ]
INFO: [ app_begin ] --END-- [ RunTime:0.000227s ]
SQL: SHOW COLUMNS FROM `star_blog` [ RunTime:0.000950s ]
SQL: SELECT * FROM `star_blog` ORDER BY convert(username using gb2312) ASC LIMIT 0,8   [ RunTime:0.000199s ]

[ 2015-03-20T23:36:04+08:00 ] 223.87.103.165 /Index/Index/broadcast.html
INFO: [ route_check ] --START--
INFO: CheckRoute Behavior ::run [ RunTime:0.000152s ]
INFO: [ route_check ] --END-- [ RunTime:0.000255s ]
INFO: [ app_begin ] --START--
INFO: ReadHtmlCache Behavior ::run [ RunTime:0.000138s ]
INFO: [ app_begin ] --END-- [ RunTime:0.000213s ]
SQL: SHOW COLUMNS FROM `star_blog` [ RunTime:0.000960s ]
SQL: SELECT * FROM `star_blog` ORDER BY id DESC  [ RunTime:0.000214s ]
INFO: [ view_parse ] --START--
INFO: ParseTemplate Behavior ::run [ RunTime:0.003122s ]
INFO: [ view_parse ] --END-- [ RunTime:0.003209s ]
INFO: [ view_filter ] --START--
INFO: ContentReplace Behavior ::run [ RunTime:0.000172s ]
INFO: TokenBuild Behavior ::run [ RunTime:0.000134s ]
INFO: WriteHtmlCache Behavior ::run [ RunTime:0.000089s ]
INFO: ShowRuntime Behavior ::run [ RunTime:0.000150s ]
INFO: [ view_filter ] --END-- [ RunTime:0.000742s ]
INFO: [ view_end ] --START--
INFO: ShowPageTrace Behavior ::run [ RunTime:0.000136s ]
INFO: [ view_end ] --END-- [ RunTime:0.000204s ]

[ 2015-03-20T23:36:05+08:00 ] 223.87.103.165 /Index/Index/blogData
INFO: [ route_check ] --START--
INFO: CheckRoute Behavior ::run [ RunTime:0.000147s ]
INFO: [ route_check ] --END-- [ RunTime:0.000243s ]
INFO: [ app_begin ] --START--
INFO: ReadHtmlCache Behavior ::run [ RunTime:0.000137s ]
INFO: [ app_begin ] --END-- [ RunTime:0.000205s ]
SQL: SHOW COLUMNS FROM `star_blog` [ RunTime:0.000858s ]
SQL: SELECT * FROM `star_blog` ORDER BY convert(username using gb2312) ASC LIMIT 0,8   [ RunTime:0.000197s ]

[ 2015-03-20T23:36:06+08:00 ] 223.87.103.165 /Index/Index/blogData
INFO: [ route_check ] --START--
INFO: CheckRoute Behavior ::run [ RunTime:0.000170s ]
INFO: [ route_check ] --END-- [ RunTime:0.000280s ]
INFO: [ app_begin ] --START--
INFO: ReadHtmlCache Behavior ::run [ RunTime:0.000153s ]
INFO: [ app_begin ] --END-- [ RunTime:0.000225s ]
SQL: SHOW COLUMNS FROM `star_blog` [ RunTime:0.009133s ]
SQL: SELECT * FROM `star_blog` ORDER BY convert(username using gb2312) ASC LIMIT 8,8   [ RunTime:0.000205s ]

[ 2015-03-20T23:36:07+08:00 ] 223.87.103.165 /Index/Index/blogData
INFO: [ route_check ] --START--
INFO: CheckRoute Behavior ::run [ RunTime:0.000168s ]
INFO: [ route_check ] --END-- [ RunTime:0.000282s ]
INFO: [ app_begin ] --START--
INFO: ReadHtmlCache Behavior ::run [ RunTime:0.000154s ]
INFO: [ app_begin ] --END-- [ RunTime:0.000227s ]
SQL: SHOW COLUMNS FROM `star_blog` [ RunTime:0.000981s ]
SQL: SELECT * FROM `star_blog` ORDER BY convert(username using gb2312) ASC LIMIT 16,8   [ RunTime:0.000154s ]

[ 2015-03-20T23:36:08+08:00 ] 223.87.103.165 /Index/Index/blogData
INFO: [ route_check ] --START--
INFO: CheckRoute Behavior ::run [ RunTime:0.000154s ]
INFO: [ route_check ] --END-- [ RunTime:0.000255s ]
INFO: [ app_begin ] --START--
INFO: ReadHtmlCache Behavior ::run [ RunTime:0.000138s ]
INFO: [ app_begin ] --END-- [ RunTime:0.000207s ]
SQL: SHOW COLUMNS FROM `star_blog` [ RunTime:0.000963s ]
SQL: SELECT * FROM `star_blog` ORDER BY convert(username using gb2312) ASC LIMIT 24,8   [ RunTime:0.000229s ]

[ 2015-03-20T23:36:09+08:00 ] 223.87.103.165 /Index/Index/blogData
INFO: [ route_check ] --START--
INFO: CheckRoute Behavior ::run [ RunTime:0.000153s ]
INFO: [ route_check ] --END-- [ RunTime:0.000253s ]
INFO: [ app_begin ] --START--
INFO: ReadHtmlCache Behavior ::run [ RunTime:0.000139s ]
INFO: [ app_begin ] --END-- [ RunTime:0.000208s ]
SQL: SHOW COLUMNS FROM `star_blog` [ RunTime:0.000976s ]
SQL: SELECT * FROM `star_blog` ORDER BY convert(username using gb2312) ASC LIMIT 32,8   [ RunTime:0.000193s ]

[ 2015-03-20T23:36:09+08:00 ] 223.87.103.165 /Index/Index/blogData
INFO: [ route_check ] --START--
INFO: CheckRoute Behavior ::run [ RunTime:0.000151s ]
INFO: [ route_check ] --END-- [ RunTime:0.000249s ]
INFO: [ app_begin ] --START--
INFO: ReadHtmlCache Behavior ::run [ RunTime:0.000138s ]
INFO: [ app_begin ] --END-- [ RunTime:0.000207s ]
SQL: SHOW COLUMNS FROM `star_blog` [ RunTime:0.000951s ]
SQL: SELECT * FROM `star_blog` ORDER BY convert(username using gb2312) ASC LIMIT 40,8   [ RunTime:0.000192s ]

[ 2015-03-20T23:36:13+08:00 ] 113.54.135.188 /
INFO: [ app_begin ] --START--
INFO: ReadHtmlCache Behavior ::run [ RunTime:0.000151s ]
INFO: [ app_begin ] --END-- [ RunTime:0.000249s ]
INFO: [ view_parse ] --START--
INFO: ParseTemplate Behavior ::run [ RunTime:0.004139s ]
INFO: [ view_parse ] --END-- [ RunTime:0.004223s ]
INFO: [ view_filter ] --START--
INFO: ContentReplace Behavior ::run [ RunTime:0.000180s ]
INFO: TokenBuild Behavior ::run [ RunTime:0.000132s ]
INFO: WriteHtmlCache Behavior ::run [ RunTime:0.000087s ]
INFO: ShowRuntime Behavior ::run [ RunTime:0.000157s ]
INFO: [ view_filter ] --END-- [ RunTime:0.000760s ]
INFO: [ view_end ] --START--
INFO: ShowPageTrace Behavior ::run [ RunTime:0.000136s ]
INFO: [ view_end ] --END-- [ RunTime:0.000203s ]

[ 2015-03-20T23:36:13+08:00 ] 113.54.135.188 /Index/Index/broadcast.html
INFO: [ route_check ] --START--
INFO: CheckRoute Behavior ::run [ RunTime:0.000165s ]
INFO: [ route_check ] --END-- [ RunTime:0.000271s ]
INFO: [ app_begin ] --START--
INFO: ReadHtmlCache Behavior ::run [ RunTime:0.000141s ]
INFO: [ app_begin ] --END-- [ RunTime:0.000225s ]
SQL: SHOW COLUMNS FROM `star_blog` [ RunTime:0.000930s ]
SQL: SELECT * FROM `star_blog` ORDER BY id DESC  [ RunTime:0.000213s ]
INFO: [ view_parse ] --START--
INFO: ParseTemplate Behavior ::run [ RunTime:0.003213s ]
INFO: [ view_parse ] --END-- [ RunTime:0.003309s ]
INFO: [ view_filter ] --START--
INFO: ContentReplace Behavior ::run [ RunTime:0.000177s ]
INFO: TokenBuild Behavior ::run [ RunTime:0.000135s ]
INFO: WriteHtmlCache Behavior ::run [ RunTime:0.000088s ]
INFO: ShowRuntime Behavior ::run [ RunTime:0.000156s ]
INFO: [ view_filter ] --END-- [ RunTime:0.000757s ]
INFO: [ view_end ] --START--
INFO: ShowPageTrace Behavior ::run [ RunTime:0.000138s ]
INFO: [ view_end ] --END-- [ RunTime:0.000213s ]

[ 2015-03-20T23:36:13+08:00 ] 113.54.135.188 /Index/Index/blogData
INFO: [ route_check ] --START--
INFO: CheckRoute Behavior ::run [ RunTime:0.000167s ]
INFO: [ route_check ] --END-- [ RunTime:0.000277s ]
INFO: [ app_begin ] --START--
INFO: ReadHtmlCache Behavior ::run [ RunTime:0.000155s ]
INFO: [ app_begin ] --END-- [ RunTime:0.000227s ]
SQL: SHOW COLUMNS FROM `star_blog` [ RunTime:0.000892s ]
SQL: SELECT * FROM `star_blog` ORDER BY convert(username using gb2312) ASC LIMIT 0,8   [ RunTime:0.000210s ]

[ 2015-03-20T23:36:14+08:00 ] 113.54.135.188 /Index/Index/broadcast.html
INFO: [ route_check ] --START--
INFO: CheckRoute Behavior ::run [ RunTime:0.000148s ]
INFO: [ route_check ] --END-- [ RunTime:0.000248s ]
INFO: [ app_begin ] --START--
INFO: ReadHtmlCache Behavior ::run [ RunTime:0.000137s ]
INFO: [ app_begin ] --END-- [ RunTime:0.000212s ]
SQL: SHOW COLUMNS FROM `star_blog` [ RunTime:0.000828s ]
SQL: SELECT * FROM `star_blog` ORDER BY id DESC  [ RunTime:0.000143s ]
INFO: [ view_parse ] --START--
INFO: ParseTemplate Behavior ::run [ RunTime:0.010565s ]
INFO: [ view_parse ] --END-- [ RunTime:0.010656s ]
INFO: [ view_filter ] --START--
INFO: ContentReplace Behavior ::run [ RunTime:0.000179s ]
INFO: TokenBuild Behavior ::run [ RunTime:0.000137s ]
INFO: WriteHtmlCache Behavior ::run [ RunTime:0.000094s ]
INFO: ShowRuntime Behavior ::run [ RunTime:0.000150s ]
INFO: [ view_filter ] --END-- [ RunTime:0.000774s ]
INFO: [ view_end ] --START--
INFO: ShowPageTrace Behavior ::run [ RunTime:0.000133s ]
INFO: [ view_end ] --END-- [ RunTime:0.000203s ]

[ 2015-03-20T23:36:14+08:00 ] 113.54.135.188 /Index/Index/blogData
INFO: [ route_check ] --START--
INFO: CheckRoute Behavior ::run [ RunTime:0.000141s ]
INFO: [ route_check ] --END-- [ RunTime:0.000235s ]
INFO: [ app_begin ] --START--
INFO: ReadHtmlCache Behavior ::run [ RunTime:0.000135s ]
INFO: [ app_begin ] --END-- [ RunTime:0.000204s ]
SQL: SHOW COLUMNS FROM `star_blog` [ RunTime:0.000809s ]
SQL: SELECT * FROM `star_blog` ORDER BY convert(username using gb2312) ASC LIMIT 0,8   [ RunTime:0.000149s ]

[ 2015-03-20T23:36:15+08:00 ] 113.54.135.188 /Index/Index/blogData
INFO: [ route_check ] --START--
INFO: CheckRoute Behavior ::run [ RunTime:0.000169s ]
INFO: [ route_check ] --END-- [ RunTime:0.000269s ]
INFO: [ app_begin ] --START--
INFO: ReadHtmlCache Behavior ::run [ RunTime:0.000138s ]
INFO: [ app_begin ] --END-- [ RunTime:0.000205s ]
SQL: SHOW COLUMNS FROM `star_blog` [ RunTime:0.000875s ]
SQL: SELECT * FROM `star_blog` ORDER BY convert(username using gb2312) ASC LIMIT 8,8   [ RunTime:0.000212s ]

[ 2015-03-20T23:36:46+08:00 ] 223.87.103.220 /
INFO: [ app_begin ] --START--
INFO: ReadHtmlCache Behavior ::run [ RunTime:0.000165s ]
INFO: [ app_begin ] --END-- [ RunTime:0.000278s ]
INFO: [ view_parse ] --START--
INFO: ParseTemplate Behavior ::run [ RunTime:0.004356s ]
INFO: [ view_parse ] --END-- [ RunTime:0.004454s ]
INFO: [ view_filter ] --START--
INFO: ContentReplace Behavior ::run [ RunTime:0.000187s ]
INFO: TokenBuild Behavior ::run [ RunTime:0.000133s ]
INFO: WriteHtmlCache Behavior ::run [ RunTime:0.000085s ]
INFO: ShowRuntime Behavior ::run [ RunTime:0.000164s ]
INFO: [ view_filter ] --END-- [ RunTime:0.000778s ]
INFO: [ view_end ] --START--
INFO: ShowPageTrace Behavior ::run [ RunTime:0.000139s ]
INFO: [ view_end ] --END-- [ RunTime:0.000215s ]

[ 2015-03-20T23:36:47+08:00 ] 223.87.103.220 /Index/Index/broadcast.html
INFO: [ route_check ] --START--
INFO: CheckRoute Behavior ::run [ RunTime:0.000159s ]
INFO: [ route_check ] --END-- [ RunTime:0.000262s ]
INFO: [ app_begin ] --START--
INFO: ReadHtmlCache Behavior ::run [ RunTime:0.000143s ]
INFO: [ app_begin ] --END-- [ RunTime:0.000219s ]
SQL: SHOW COLUMNS FROM `star_blog` [ RunTime:0.001009s ]
SQL: SELECT * FROM `star_blog` ORDER BY id DESC  [ RunTime:0.000225s ]
INFO: [ view_parse ] --START--
INFO: ParseTemplate Behavior ::run [ RunTime:0.003152s ]
INFO: [ view_parse ] --END-- [ RunTime:0.003240s ]
INFO: [ view_filter ] --START--
INFO: ContentReplace Behavior ::run [ RunTime:0.000171s ]
INFO: TokenBuild Behavior ::run [ RunTime:0.000140s ]
INFO: WriteHtmlCache Behavior ::run [ RunTime:0.000090s ]
INFO: ShowRuntime Behavior ::run [ RunTime:0.000148s ]
INFO: [ view_filter ] --END-- [ RunTime:0.000744s ]
INFO: [ view_end ] --START--
INFO: ShowPageTrace Behavior ::run [ RunTime:0.000138s ]
INFO: [ view_end ] --END-- [ RunTime:0.000208s ]

[ 2015-03-20T23:36:48+08:00 ] 223.87.103.220 /Index/Index/blogData
INFO: [ route_check ] --START--
INFO: CheckRoute Behavior ::run [ RunTime:0.000150s ]
INFO: [ route_check ] --END-- [ RunTime:0.000254s ]
INFO: [ app_begin ] --START--
INFO: ReadHtmlCache Behavior ::run [ RunTime:0.000139s ]
INFO: [ app_begin ] --END-- [ RunTime:0.000207s ]
SQL: SHOW COLUMNS FROM `star_blog` [ RunTime:0.000949s ]
SQL: SELECT * FROM `star_blog` ORDER BY convert(username using gb2312) ASC LIMIT 0,8   [ RunTime:0.000203s ]

[ 2015-03-20T23:36:50+08:00 ] 223.87.103.220 /Index/Index/broadcast.html
INFO: [ route_check ] --START--
INFO: CheckRoute Behavior ::run [ RunTime:0.000157s ]
INFO: [ route_check ] --END-- [ RunTime:0.000300s ]
INFO: [ app_begin ] --START--
INFO: ReadHtmlCache Behavior ::run [ RunTime:0.000140s ]
INFO: [ app_begin ] --END-- [ RunTime:0.000213s ]
SQL: SHOW COLUMNS FROM `star_blog` [ RunTime:0.000935s ]
SQL: SELECT * FROM `star_blog` ORDER BY id DESC  [ RunTime:0.000217s ]
INFO: [ view_parse ] --START--
INFO: ParseTemplate Behavior ::run [ RunTime:0.003107s ]
INFO: [ view_parse ] --END-- [ RunTime:0.003233s ]
INFO: [ view_filter ] --START--
INFO: ContentReplace Behavior ::run [ RunTime:0.000174s ]
INFO: TokenBuild Behavior ::run [ RunTime:0.000134s ]
INFO: WriteHtmlCache Behavior ::run [ RunTime:0.000089s ]
INFO: ShowRuntime Behavior ::run [ RunTime:0.000149s ]
INFO: [ view_filter ] --END-- [ RunTime:0.000744s ]
INFO: [ view_end ] --START--
INFO: ShowPageTrace Behavior ::run [ RunTime:0.000134s ]
INFO: [ view_end ] --END-- [ RunTime:0.000205s ]

[ 2015-03-20T23:36:50+08:00 ] 223.87.103.220 /Index/Index/blogData
INFO: [ route_check ] --START--
INFO: CheckRoute Behavior ::run [ RunTime:0.000170s ]
INFO: [ route_check ] --END-- [ RunTime:0.000281s ]
INFO: [ app_begin ] --START--
INFO: ReadHtmlCache Behavior ::run [ RunTime:0.000154s ]
INFO: [ app_begin ] --END-- [ RunTime:0.000226s ]
SQL: SHOW COLUMNS FROM `star_blog` [ RunTime:0.000938s ]
SQL: SELECT * FROM `star_blog` ORDER BY convert(username using gb2312) ASC LIMIT 0,8   [ RunTime:0.000198s ]

[ 2015-03-20T23:36:53+08:00 ] 223.87.103.220 /Index/Index/blogData
INFO: [ route_check ] --START--
INFO: CheckRoute Behavior ::run [ RunTime:0.000154s ]
INFO: [ route_check ] --END-- [ RunTime:0.000258s ]
INFO: [ app_begin ] --START--
INFO: ReadHtmlCache Behavior ::run [ RunTime:0.000138s ]
INFO: [ app_begin ] --END-- [ RunTime:0.000205s ]
SQL: SHOW COLUMNS FROM `star_blog` [ RunTime:0.000965s ]
SQL: SELECT * FROM `star_blog` ORDER BY convert(username using gb2312) ASC LIMIT 8,8   [ RunTime:0.000197s ]

[ 2015-03-20T23:36:54+08:00 ] 223.87.103.220 /Index/Index/blogData
INFO: [ route_check ] --START--
INFO: CheckRoute Behavior ::run [ RunTime:0.000149s ]
INFO: [ route_check ] --END-- [ RunTime:0.000251s ]
INFO: [ app_begin ] --START--
INFO: ReadHtmlCache Behavior ::run [ RunTime:0.000142s ]
INFO: [ app_begin ] --END-- [ RunTime:0.000228s ]
SQL: SHOW COLUMNS FROM `star_blog` [ RunTime:0.000923s ]
SQL: SELECT * FROM `star_blog` ORDER BY convert(username using gb2312) ASC LIMIT 16,8   [ RunTime:0.000141s ]

[ 2015-03-20T23:36:55+08:00 ] 223.87.103.220 /Index/Index/blogData
INFO: [ route_check ] --START--
INFO: CheckRoute Behavior ::run [ RunTime:0.000164s ]
INFO: [ route_check ] --END-- [ RunTime:0.000273s ]
INFO: [ app_begin ] --START--
INFO: ReadHtmlCache Behavior ::run [ RunTime:0.000150s ]
INFO: [ app_begin ] --END-- [ RunTime:0.000222s ]
SQL: SHOW COLUMNS FROM `star_blog` [ RunTime:0.000892s ]
SQL: SELECT * FROM `star_blog` ORDER BY convert(username using gb2312) ASC LIMIT 24,8   [ RunTime:0.000197s ]

[ 2015-03-20T23:36:55+08:00 ] 223.87.103.220 /Index/Index/blogData
INFO: [ route_check ] --START--
INFO: CheckRoute Behavior ::run [ RunTime:0.000145s ]
INFO: [ route_check ] --END-- [ RunTime:0.000240s ]
INFO: [ app_begin ] --START--
INFO: ReadHtmlCache Behavior ::run [ RunTime:0.000136s ]
INFO: [ app_begin ] --END-- [ RunTime:0.000202s ]
SQL: SHOW COLUMNS FROM `star_blog` [ RunTime:0.000895s ]
SQL: SELECT * FROM `star_blog` ORDER BY convert(username using gb2312) ASC LIMIT 32,8   [ RunTime:0.000181s ]

[ 2015-03-20T23:36:56+08:00 ] 223.87.103.220 /Index/Index/blogData
INFO: [ route_check ] --START--
INFO: CheckRoute Behavior ::run [ RunTime:0.000143s ]
INFO: [ route_check ] --END-- [ RunTime:0.000238s ]
INFO: [ app_begin ] --START--
INFO: ReadHtmlCache Behavior ::run [ RunTime:0.000136s ]
INFO: [ app_begin ] --END-- [ RunTime:0.000204s ]
SQL: SHOW COLUMNS FROM `star_blog` [ RunTime:0.000874s ]
SQL: SELECT * FROM `star_blog` ORDER BY convert(username using gb2312) ASC LIMIT 40,8   [ RunTime:0.000180s ]

[ 2015-03-20T23:37:01+08:00 ] 223.87.103.220 /Index/Index/loveBlog
INFO: [ route_check ] --START--
INFO: CheckRoute Behavior ::run [ RunTime:0.000153s ]
INFO: [ route_check ] --END-- [ RunTime:0.000258s ]
INFO: [ app_begin ] --START--
INFO: ReadHtmlCache Behavior ::run [ RunTime:0.000139s ]
INFO: [ app_begin ] --END-- [ RunTime:0.000207s ]
SQL: SHOW COLUMNS FROM `star_ip_list` [ RunTime:0.000979s ]
SQL: SELECT * FROM `star_ip_list` WHERE ( `login_ip` = '223.87.103.220' ) AND ( `date` = '15-03-20' )  [ RunTime:0.003046s ]
SQL: INSERT INTO `star_ip_list` (`login_ip`,`date`) VALUES ('223.87.103.220','15-03-20') [ RunTime:0.000349s ]
SQL: SELECT * FROM `star_ip_list` WHERE ( `login_ip` = '223.87.103.220' ) AND ( `date` = '15-03-20' )  [ RunTime:0.002998s ]
SQL: UPDATE `star_ip_list` SET `times`=times+1 WHERE ( `login_ip` = '223.87.103.220' ) AND ( `date` = '15-03-20' ) [ RunTime:0.014809s ]
SQL: SHOW COLUMNS FROM `star_blog` [ RunTime:0.000870s ]
SQL: UPDATE `star_blog` SET `vote_number`=vote_number+1 WHERE ( `id` = 4 ) [ RunTime:0.000533s ]

[ 2015-03-20T23:37:29+08:00 ] 223.87.103.220 /
INFO: [ app_begin ] --START--
INFO: ReadHtmlCache Behavior ::run [ RunTime:0.000154s ]
INFO: [ app_begin ] --END-- [ RunTime:0.000253s ]
INFO: [ view_parse ] --START--
INFO: ParseTemplate Behavior ::run [ RunTime:0.004189s ]
INFO: [ view_parse ] --END-- [ RunTime:0.004275s ]
INFO: [ view_filter ] --START--
INFO: ContentReplace Behavior ::run [ RunTime:0.000178s ]
INFO: TokenBuild Behavior ::run [ RunTime:0.000136s ]
INFO: WriteHtmlCache Behavior ::run [ RunTime:0.000087s ]
INFO: ShowRuntime Behavior ::run [ RunTime:0.000156s ]
INFO: [ view_filter ] --END-- [ RunTime:0.000761s ]
INFO: [ view_end ] --START--
INFO: ShowPageTrace Behavior ::run [ RunTime:0.000137s ]
INFO: [ view_end ] --END-- [ RunTime:0.000207s ]

[ 2015-03-20T23:37:30+08:00 ] 223.87.103.220 /Index/Index/broadcast.html
INFO: [ route_check ] --START--
INFO: CheckRoute Behavior ::run [ RunTime:0.000154s ]
INFO: [ route_check ] --END-- [ RunTime:0.000258s ]
INFO: [ app_begin ] --START--
INFO: ReadHtmlCache Behavior ::run [ RunTime:0.000143s ]
INFO: [ app_begin ] --END-- [ RunTime:0.000219s ]
SQL: SHOW COLUMNS FROM `star_blog` [ RunTime:0.000901s ]
SQL: SELECT * FROM `star_blog` ORDER BY id DESC  [ RunTime:0.000686s ]
INFO: [ view_parse ] --START--
INFO: ParseTemplate Behavior ::run [ RunTime:0.003105s ]
INFO: [ view_parse ] --END-- [ RunTime:0.003191s ]
INFO: [ view_filter ] --START--
INFO: ContentReplace Behavior ::run [ RunTime:0.000169s ]
INFO: TokenBuild Behavior ::run [ RunTime:0.000153s ]
INFO: WriteHtmlCache Behavior ::run [ RunTime:0.000087s ]
INFO: ShowRuntime Behavior ::run [ RunTime:0.000145s ]
INFO: [ view_filter ] --END-- [ RunTime:0.000754s ]
INFO: [ view_end ] --START--
INFO: ShowPageTrace Behavior ::run [ RunTime:0.000132s ]
INFO: [ view_end ] --END-- [ RunTime:0.000202s ]

[ 2015-03-20T23:37:31+08:00 ] 223.87.103.220 /Index/Index/blogData
INFO: [ route_check ] --START--
INFO: CheckRoute Behavior ::run [ RunTime:0.000151s ]
INFO: [ route_check ] --END-- [ RunTime:0.000252s ]
INFO: [ app_begin ] --START--
INFO: ReadHtmlCache Behavior ::run [ RunTime:0.000141s ]
INFO: [ app_begin ] --END-- [ RunTime:0.000211s ]
SQL: SHOW COLUMNS FROM `star_blog` [ RunTime:0.000969s ]
SQL: SELECT * FROM `star_blog` ORDER BY convert(username using gb2312) ASC LIMIT 0,8   [ RunTime:0.000521s ]

[ 2015-03-20T23:37:35+08:00 ] 223.87.103.220 /Index/Index/broadcast.html
INFO: [ route_check ] --START--
INFO: CheckRoute Behavior ::run [ RunTime:0.000152s ]
INFO: [ route_check ] --END-- [ RunTime:0.000253s ]
INFO: [ app_begin ] --START--
INFO: ReadHtmlCache Behavior ::run [ RunTime:0.000139s ]
INFO: [ app_begin ] --END-- [ RunTime:0.000213s ]
SQL: SHOW COLUMNS FROM `star_blog` [ RunTime:0.006437s ]
SQL: SELECT * FROM `star_blog` ORDER BY id DESC  [ RunTime:0.000226s ]
INFO: [ view_parse ] --START--
INFO: ParseTemplate Behavior ::run [ RunTime:0.003126s ]
INFO: [ view_parse ] --END-- [ RunTime:0.003212s ]
INFO: [ view_filter ] --START--
INFO: ContentReplace Behavior ::run [ RunTime:0.000189s ]
INFO: TokenBuild Behavior ::run [ RunTime:0.000137s ]
INFO: WriteHtmlCache Behavior ::run [ RunTime:0.000086s ]
INFO: ShowRuntime Behavior ::run [ RunTime:0.000145s ]
INFO: [ view_filter ] --END-- [ RunTime:0.000758s ]
INFO: [ view_end ] --START--
INFO: ShowPageTrace Behavior ::run [ RunTime:0.000132s ]
INFO: [ view_end ] --END-- [ RunTime:0.000202s ]

[ 2015-03-20T23:37:35+08:00 ] 223.87.103.220 /Index/Index/blogData
INFO: [ route_check ] --START--
INFO: CheckRoute Behavior ::run [ RunTime:0.000151s ]
INFO: [ route_check ] --END-- [ RunTime:0.000255s ]
INFO: [ app_begin ] --START--
INFO: ReadHtmlCache Behavior ::run [ RunTime:0.000139s ]
INFO: [ app_begin ] --END-- [ RunTime:0.000207s ]
SQL: SHOW COLUMNS FROM `star_blog` [ RunTime:0.000845s ]
SQL: SELECT * FROM `star_blog` ORDER BY convert(username using gb2312) ASC LIMIT 0,8   [ RunTime:0.000105s ]

[ 2015-03-20T23:37:37+08:00 ] 223.87.103.220 /Index/Index/blogData
INFO: [ route_check ] --START--
INFO: CheckRoute Behavior ::run [ RunTime:0.000170s ]
INFO: [ route_check ] --END-- [ RunTime:0.000285s ]
INFO: [ app_begin ] --START--
INFO: ReadHtmlCache Behavior ::run [ RunTime:0.000152s ]
INFO: [ app_begin ] --END-- [ RunTime:0.000224s ]
SQL: SHOW COLUMNS FROM `star_blog` [ RunTime:0.000914s ]
SQL: SELECT * FROM `star_blog` ORDER BY convert(username using gb2312) ASC LIMIT 8,8   [ RunTime:0.000533s ]

[ 2015-03-20T23:37:39+08:00 ] 223.87.103.220 /Index/Index/blogData
INFO: [ route_check ] --START--
INFO: CheckRoute Behavior ::run [ RunTime:0.000152s ]
INFO: [ route_check ] --END-- [ RunTime:0.000255s ]
INFO: [ app_begin ] --START--
INFO: ReadHtmlCache Behavior ::run [ RunTime:0.000139s ]
INFO: [ app_begin ] --END-- [ RunTime:0.000206s ]
SQL: SHOW COLUMNS FROM `star_blog` [ RunTime:0.000968s ]
SQL: SELECT * FROM `star_blog` ORDER BY convert(username using gb2312) ASC LIMIT 16,8   [ RunTime:0.000552s ]

[ 2015-03-20T23:37:39+08:00 ] 223.87.103.220 /Index/Index/blogData
INFO: [ route_check ] --START--
INFO: CheckRoute Behavior ::run [ RunTime:0.000169s ]
INFO: [ route_check ] --END-- [ RunTime:0.000279s ]
INFO: [ app_begin ] --START--
INFO: ReadHtmlCache Behavior ::run [ RunTime:0.000154s ]
INFO: [ app_begin ] --END-- [ RunTime:0.000226s ]
SQL: SHOW COLUMNS FROM `star_blog` [ RunTime:0.000887s ]
SQL: SELECT * FROM `star_blog` ORDER BY convert(username using gb2312) ASC LIMIT 24,8   [ RunTime:0.000720s ]

[ 2015-03-20T23:37:45+08:00 ] 223.87.103.220 /Index/Index/blogData
INFO: [ route_check ] --START--
INFO: CheckRoute Behavior ::run [ RunTime:0.000168s ]
INFO: [ route_check ] --END-- [ RunTime:0.000285s ]
INFO: [ app_begin ] --START--
INFO: ReadHtmlCache Behavior ::run [ RunTime:0.000157s ]
INFO: [ app_begin ] --END-- [ RunTime:0.000230s ]
SQL: SHOW COLUMNS FROM `star_blog` [ RunTime:0.000959s ]
SQL: SELECT * FROM `star_blog` ORDER BY convert(username using gb2312) ASC LIMIT 32,8   [ RunTime:0.000570s ]

[ 2015-03-20T23:37:45+08:00 ] 223.87.103.220 /Index/Index/blogData
INFO: [ route_check ] --START--
INFO: CheckRoute Behavior ::run [ RunTime:0.000164s ]
INFO: [ route_check ] --END-- [ RunTime:0.000277s ]
INFO: [ app_begin ] --START--
INFO: ReadHtmlCache Behavior ::run [ RunTime:0.000153s ]
INFO: [ app_begin ] --END-- [ RunTime:0.000225s ]
SQL: SHOW COLUMNS FROM `star_blog` [ RunTime:0.000962s ]
SQL: SELECT * FROM `star_blog` ORDER BY convert(username using gb2312) ASC LIMIT 40,8   [ RunTime:0.000550s ]

[ 2015-03-20T23:37:49+08:00 ] 223.87.103.220 /Index/Index/loveBlog
INFO: [ route_check ] --START--
INFO: CheckRoute Behavior ::run [ RunTime:0.000168s ]
INFO: [ route_check ] --END-- [ RunTime:0.000284s ]
INFO: [ app_begin ] --START--
INFO: ReadHtmlCache Behavior ::run [ RunTime:0.000174s ]
INFO: [ app_begin ] --END-- [ RunTime:0.000248s ]
SQL: SHOW COLUMNS FROM `star_ip_list` [ RunTime:0.000994s ]
SQL: SELECT * FROM `star_ip_list` WHERE ( `login_ip` = '223.87.103.220' ) AND ( `date` = '15-03-20' )  [ RunTime:0.003018s ]
SQL: SELECT * FROM `star_ip_list` WHERE ( `login_ip` = '223.87.103.220' ) AND ( `date` = '15-03-20' )  [ RunTime:0.000177s ]
SQL: UPDATE `star_ip_list` SET `times`=times+1 WHERE ( `login_ip` = '223.87.103.220' ) AND ( `date` = '15-03-20' ) [ RunTime:0.014859s ]
SQL: SHOW COLUMNS FROM `star_blog` [ RunTime:0.000853s ]
SQL: UPDATE `star_blog` SET `vote_number`=vote_number+1 WHERE ( `id` = 4 ) [ RunTime:0.000430s ]

[ 2015-03-20T23:38:21+08:00 ] 223.87.103.220 /
INFO: [ app_begin ] --START--
INFO: ReadHtmlCache Behavior ::run [ RunTime:0.000159s ]
INFO: [ app_begin ] --END-- [ RunTime:0.000267s ]
INFO: [ view_parse ] --START--
INFO: ParseTemplate Behavior ::run [ RunTime:0.004350s ]
INFO: [ view_parse ] --END-- [ RunTime:0.004448s ]
INFO: [ view_filter ] --START--
INFO: ContentReplace Behavior ::run [ RunTime:0.000190s ]
INFO: TokenBuild Behavior ::run [ RunTime:0.000138s ]
INFO: WriteHtmlCache Behavior ::run [ RunTime:0.000092s ]
INFO: ShowRuntime Behavior ::run [ RunTime:0.000174s ]
INFO: [ view_filter ] --END-- [ RunTime:0.000804s ]
INFO: [ view_end ] --START--
INFO: ShowPageTrace Behavior ::run [ RunTime:0.000144s ]
INFO: [ view_end ] --END-- [ RunTime:0.000219s ]

[ 2015-03-20T23:38:21+08:00 ] 223.87.103.220 /Index/Index/broadcast.html
INFO: [ route_check ] --START--
INFO: CheckRoute Behavior ::run [ RunTime:0.000201s ]
INFO: [ route_check ] --END-- [ RunTime:0.000311s ]
INFO: [ app_begin ] --START--
INFO: ReadHtmlCache Behavior ::run [ RunTime:0.000170s ]
INFO: [ app_begin ] --END-- [ RunTime:0.000252s ]
SQL: SHOW COLUMNS FROM `star_blog` [ RunTime:0.000949s ]
SQL: SELECT * FROM `star_blog` ORDER BY id DESC  [ RunTime:0.000567s ]
INFO: [ view_parse ] --START--
INFO: ParseTemplate Behavior ::run [ RunTime:0.003970s ]
INFO: [ view_parse ] --END-- [ RunTime:0.004068s ]
INFO: [ view_filter ] --START--
INFO: ContentReplace Behavior ::run [ RunTime:0.000191s ]
INFO: TokenBuild Behavior ::run [ RunTime:0.000150s ]
INFO: WriteHtmlCache Behavior ::run [ RunTime:0.000106s ]
INFO: ShowRuntime Behavior ::run [ RunTime:0.000176s ]
INFO: [ view_filter ] --END-- [ RunTime:0.000844s ]
INFO: [ view_end ] --START--
INFO: ShowPageTrace Behavior ::run [ RunTime:0.000165s ]
INFO: [ view_end ] --END-- [ RunTime:0.000241s ]

[ 2015-03-20T23:38:22+08:00 ] 223.87.103.220 /Index/Index/blogData
INFO: [ route_check ] --START--
INFO: CheckRoute Behavior ::run [ RunTime:0.000169s ]
INFO: [ route_check ] --END-- [ RunTime:0.000278s ]
INFO: [ app_begin ] --START--
INFO: ReadHtmlCache Behavior ::run [ RunTime:0.000165s ]
INFO: [ app_begin ] --END-- [ RunTime:0.000244s ]
SQL: SHOW COLUMNS FROM `star_blog` [ RunTime:0.000888s ]
SQL: SELECT * FROM `star_blog` ORDER BY convert(username using gb2312) ASC LIMIT 0,8   [ RunTime:0.000529s ]

[ 2015-03-20T23:38:25+08:00 ] 223.87.103.220 /Index/Index/broadcast.html
INFO: [ route_check ] --START--
INFO: CheckRoute Behavior ::run [ RunTime:0.000188s ]
INFO: [ route_check ] --END-- [ RunTime:0.000299s ]
INFO: [ app_begin ] --START--
INFO: ReadHtmlCache Behavior ::run [ RunTime:0.000147s ]
INFO: [ app_begin ] --END-- [ RunTime:0.000229s ]
SQL: SHOW COLUMNS FROM `star_blog` [ RunTime:0.000948s ]
SQL: SELECT * FROM `star_blog` ORDER BY id DESC  [ RunTime:0.000220s ]
INFO: [ view_parse ] --START--
INFO: ParseTemplate Behavior ::run [ RunTime:0.003328s ]
INFO: [ view_parse ] --END-- [ RunTime:0.003424s ]
INFO: [ view_filter ] --START--
INFO: ContentReplace Behavior ::run [ RunTime:0.000176s ]
INFO: TokenBuild Behavior ::run [ RunTime:0.000136s ]
INFO: WriteHtmlCache Behavior ::run [ RunTime:0.000088s ]
INFO: ShowRuntime Behavior ::run [ RunTime:0.000157s ]
INFO: [ view_filter ] --END-- [ RunTime:0.000759s ]
INFO: [ view_end ] --START--
INFO: ShowPageTrace Behavior ::run [ RunTime:0.000139s ]
INFO: [ view_end ] --END-- [ RunTime:0.000214s ]

[ 2015-03-20T23:38:26+08:00 ] 223.87.103.220 /Index/Index/blogData
INFO: [ route_check ] --START--
INFO: CheckRoute Behavior ::run [ RunTime:0.000172s ]
INFO: [ route_check ] --END-- [ RunTime:0.000282s ]
INFO: [ app_begin ] --START--
INFO: ReadHtmlCache Behavior ::run [ RunTime:0.000148s ]
INFO: [ app_begin ] --END-- [ RunTime:0.000226s ]
SQL: SHOW COLUMNS FROM `star_blog` [ RunTime:0.000906s ]
SQL: SELECT * FROM `star_blog` ORDER BY convert(username using gb2312) ASC LIMIT 0,8   [ RunTime:0.000212s ]

[ 2015-03-20T23:38:27+08:00 ] 223.87.103.220 /Index/Index/blogData
INFO: [ route_check ] --START--
INFO: CheckRoute Behavior ::run [ RunTime:0.000167s ]
INFO: [ route_check ] --END-- [ RunTime:0.000279s ]
INFO: [ app_begin ] --START--
INFO: ReadHtmlCache Behavior ::run [ RunTime:0.000151s ]
INFO: [ app_begin ] --END-- [ RunTime:0.000223s ]
SQL: SHOW COLUMNS FROM `star_blog` [ RunTime:0.000894s ]
SQL: SELECT * FROM `star_blog` ORDER BY convert(username using gb2312) ASC LIMIT 8,8   [ RunTime:0.000523s ]

[ 2015-03-20T23:38:28+08:00 ] 223.87.103.220 /Index/Index/blogData
INFO: [ route_check ] --START--
INFO: CheckRoute Behavior ::run [ RunTime:0.000156s ]
INFO: [ route_check ] --END-- [ RunTime:0.000257s ]
INFO: [ app_begin ] --START--
INFO: ReadHtmlCache Behavior ::run [ RunTime:0.000143s ]
INFO: [ app_begin ] --END-- [ RunTime:0.000210s ]
SQL: SHOW COLUMNS FROM `star_blog` [ RunTime:0.000963s ]
SQL: SELECT * FROM `star_blog` ORDER BY convert(username using gb2312) ASC LIMIT 16,8   [ RunTime:0.000542s ]

[ 2015-03-20T23:38:29+08:00 ] 223.87.103.220 /Index/Index/blogData
INFO: [ route_check ] --START--
INFO: CheckRoute Behavior ::run [ RunTime:0.000167s ]
INFO: [ route_check ] --END-- [ RunTime:0.000279s ]
INFO: [ app_begin ] --START--
INFO: ReadHtmlCache Behavior ::run [ RunTime:0.000151s ]
INFO: [ app_begin ] --END-- [ RunTime:0.000223s ]
SQL: SHOW COLUMNS FROM `star_blog` [ RunTime:0.000918s ]
SQL: SELECT * FROM `star_blog` ORDER BY convert(username using gb2312) ASC LIMIT 24,8   [ RunTime:0.000578s ]

[ 2015-03-20T23:38:31+08:00 ] 223.87.103.220 /Index/Index/blogData
INFO: [ route_check ] --START--
INFO: CheckRoute Behavior ::run [ RunTime:0.000167s ]
INFO: [ route_check ] --END-- [ RunTime:0.000279s ]
INFO: [ app_begin ] --START--
INFO: ReadHtmlCache Behavior ::run [ RunTime:0.000150s ]
INFO: [ app_begin ] --END-- [ RunTime:0.000222s ]
SQL: SHOW COLUMNS FROM `star_blog` [ RunTime:0.000959s ]
SQL: SELECT * FROM `star_blog` ORDER BY convert(username using gb2312) ASC LIMIT 32,8   [ RunTime:0.000560s ]

[ 2015-03-20T23:38:31+08:00 ] 223.87.103.220 /Index/Index/blogData
INFO: [ route_check ] --START--
INFO: CheckRoute Behavior ::run [ RunTime:0.000170s ]
INFO: [ route_check ] --END-- [ RunTime:0.000277s ]
INFO: [ app_begin ] --START--
INFO: ReadHtmlCache Behavior ::run [ RunTime:0.000150s ]
INFO: [ app_begin ] --END-- [ RunTime:0.000246s ]
SQL: SHOW COLUMNS FROM `star_blog` [ RunTime:0.000955s ]
SQL: SELECT * FROM `star_blog` ORDER BY convert(username using gb2312) ASC LIMIT 40,8   [ RunTime:0.000501s ]

[ 2015-03-20T23:38:34+08:00 ] 171.209.52.113 /
INFO: [ app_begin ] --START--
INFO: ReadHtmlCache Behavior ::run [ RunTime:0.000160s ]
INFO: [ app_begin ] --END-- [ RunTime:0.000267s ]
INFO: [ view_parse ] --START--
INFO: ParseTemplate Behavior ::run [ RunTime:0.004309s ]
INFO: [ view_parse ] --END-- [ RunTime:0.004402s ]
INFO: [ view_filter ] --START--
INFO: ContentReplace Behavior ::run [ RunTime:0.000182s ]
INFO: TokenBuild Behavior ::run [ RunTime:0.000133s ]
INFO: WriteHtmlCache Behavior ::run [ RunTime:0.000100s ]
INFO: ShowRuntime Behavior ::run [ RunTime:0.000170s ]
INFO: [ view_filter ] --END-- [ RunTime:0.000792s ]
INFO: [ view_end ] --START--
INFO: ShowPageTrace Behavior ::run [ RunTime:0.000138s ]
INFO: [ view_end ] --END-- [ RunTime:0.000212s ]

[ 2015-03-20T23:38:34+08:00 ] 171.209.52.113 /Index/Index/broadcast.html
INFO: [ route_check ] --START--
INFO: CheckRoute Behavior ::run [ RunTime:0.000175s ]
INFO: [ route_check ] --END-- [ RunTime:0.000290s ]
INFO: [ app_begin ] --START--
INFO: ReadHtmlCache Behavior ::run [ RunTime:0.000155s ]
INFO: [ app_begin ] --END-- [ RunTime:0.000235s ]
SQL: SHOW COLUMNS FROM `star_blog` [ RunTime:0.000861s ]
SQL: SELECT * FROM `star_blog` ORDER BY id DESC  [ RunTime:0.000213s ]
INFO: [ view_parse ] --START--
INFO: ParseTemplate Behavior ::run [ RunTime:0.003460s ]
INFO: [ view_parse ] --END-- [ RunTime:0.003562s ]
INFO: [ view_filter ] --START--
INFO: ContentReplace Behavior ::run [ RunTime:0.000180s ]
INFO: TokenBuild Behavior ::run [ RunTime:0.000140s ]
INFO: WriteHtmlCache Behavior ::run [ RunTime:0.000108s ]
INFO: ShowRuntime Behavior ::run [ RunTime:0.000163s ]
INFO: [ view_filter ] --END-- [ RunTime:0.000796s ]
INFO: [ view_end ] --START--
INFO: ShowPageTrace Behavior ::run [ RunTime:0.000144s ]
INFO: [ view_end ] --END-- [ RunTime:0.000218s ]

[ 2015-03-20T23:38:35+08:00 ] 171.209.52.113 /Index/Index/blogData
INFO: [ route_check ] --START--
INFO: CheckRoute Behavior ::run [ RunTime:0.000163s ]
INFO: [ route_check ] --END-- [ RunTime:0.000274s ]
INFO: [ app_begin ] --START--
INFO: ReadHtmlCache Behavior ::run [ RunTime:0.000146s ]
INFO: [ app_begin ] --END-- [ RunTime:0.000223s ]
SQL: SHOW COLUMNS FROM `star_blog` [ RunTime:0.000908s ]
SQL: SELECT * FROM `star_blog` ORDER BY convert(username using gb2312) ASC LIMIT 0,8   [ RunTime:0.000203s ]

[ 2015-03-20T23:38:37+08:00 ] 171.209.52.113 /Index/Index/article.html
INFO: [ route_check ] --START--
INFO: CheckRoute Behavior ::run [ RunTime:0.000166s ]
INFO: [ route_check ] --END-- [ RunTime:0.000285s ]
INFO: [ app_begin ] --START--
INFO: ReadHtmlCache Behavior ::run [ RunTime:0.000147s ]
INFO: [ app_begin ] --END-- [ RunTime:0.000235s ]
SQL: SHOW COLUMNS FROM `star_passage` [ RunTime:0.000941s ]
SQL: SELECT * FROM `star_passage` ORDER BY id DESC  [ RunTime:0.000318s ]
INFO: [ view_parse ] --START--
INFO: ParseTemplate Behavior ::run [ RunTime:0.007518s ]
INFO: [ view_parse ] --END-- [ RunTime:0.007622s ]
INFO: [ view_filter ] --START--
INFO: ContentReplace Behavior ::run [ RunTime:0.000203s ]
INFO: TokenBuild Behavior ::run [ RunTime:0.000141s ]
INFO: WriteHtmlCache Behavior ::run [ RunTime:0.000088s ]
INFO: ShowRuntime Behavior ::run [ RunTime:0.000156s ]
INFO: [ view_filter ] --END-- [ RunTime:0.000795s ]
INFO: [ view_end ] --START--
INFO: ShowPageTrace Behavior ::run [ RunTime:0.000139s ]
INFO: [ view_end ] --END-- [ RunTime:0.000214s ]

[ 2015-03-20T23:38:37+08:00 ] 223.87.103.220 /Index/Index/loveBlog
INFO: [ route_check ] --START--
INFO: CheckRoute Behavior ::run [ RunTime:0.000145s ]
INFO: [ route_check ] --END-- [ RunTime:0.000242s ]
INFO: [ app_begin ] --START--
INFO: ReadHtmlCache Behavior ::run [ RunTime:0.000138s ]
INFO: [ app_begin ] --END-- [ RunTime:0.000205s ]
SQL: SHOW COLUMNS FROM `star_ip_list` [ RunTime:0.000876s ]
SQL: SELECT * FROM `star_ip_list` WHERE ( `login_ip` = '223.87.103.220' ) AND ( `date` = '15-03-20' )  [ RunTime:0.003038s ]
SQL: SELECT * FROM `star_ip_list` WHERE ( `login_ip` = '223.87.103.220' ) AND ( `date` = '15-03-20' )  [ RunTime:0.000179s ]
SQL: UPDATE `star_ip_list` SET `times`=times+1 WHERE ( `login_ip` = '223.87.103.220' ) AND ( `date` = '15-03-20' ) [ RunTime:0.014844s ]
SQL: SHOW COLUMNS FROM `star_blog` [ RunTime:0.000857s ]
SQL: UPDATE `star_blog` SET `vote_number`=vote_number+1 WHERE ( `id` = 4 ) [ RunTime:0.000808s ]

[ 2015-03-20T23:38:37+08:00 ] 171.209.52.113 /Index/Index/passageData
INFO: [ route_check ] --START--
INFO: CheckRoute Behavior ::run [ RunTime:0.000187s ]
INFO: [ route_check ] --END-- [ RunTime:0.000295s ]
INFO: [ app_begin ] --START--
INFO: ReadHtmlCache Behavior ::run [ RunTime:0.000148s ]
INFO: [ app_begin ] --END-- [ RunTime:0.000225s ]
SQL: SHOW COLUMNS FROM `star_passage` [ RunTime:0.000818s ]
SQL: SELECT * FROM `star_passage` ORDER BY convert(title using gb2312) ASC LIMIT 0,5   [ RunTime:0.000198s ]

[ 2015-03-20T23:38:40+08:00 ] 171.209.52.113 /Index/Index/passageData
INFO: [ route_check ] --START--
INFO: CheckRoute Behavior ::run [ RunTime:0.000174s ]
INFO: [ route_check ] --END-- [ RunTime:0.000288s ]
INFO: [ app_begin ] --START--
INFO: ReadHtmlCache Behavior ::run [ RunTime:0.000151s ]
INFO: [ app_begin ] --END-- [ RunTime:0.000225s ]
SQL: SHOW COLUMNS FROM `star_passage` [ RunTime:0.000992s ]
SQL: SELECT * FROM `star_passage` ORDER BY convert(title using gb2312) ASC LIMIT 5,5   [ RunTime:0.000226s ]

[ 2015-03-20T23:38:42+08:00 ] 171.209.52.113 /Index/Index/passageData
INFO: [ route_check ] --START--
INFO: CheckRoute Behavior ::run [ RunTime:0.000159s ]
INFO: [ route_check ] --END-- [ RunTime:0.000266s ]
INFO: [ app_begin ] --START--
INFO: ReadHtmlCache Behavior ::run [ RunTime:0.000146s ]
INFO: [ app_begin ] --END-- [ RunTime:0.000224s ]
SQL: SHOW COLUMNS FROM `star_passage` [ RunTime:0.000909s ]
SQL: SELECT * FROM `star_passage` ORDER BY convert(title using gb2312) ASC LIMIT 10,5   [ RunTime:0.000204s ]

[ 2015-03-20T23:38:43+08:00 ] 171.209.52.113 /Index/Index/passageData
INFO: [ route_check ] --START--
INFO: CheckRoute Behavior ::run [ RunTime:0.000173s ]
INFO: [ route_check ] --END-- [ RunTime:0.000278s ]
INFO: [ app_begin ] --START--
INFO: ReadHtmlCache Behavior ::run [ RunTime:0.000138s ]
INFO: [ app_begin ] --END-- [ RunTime:0.000206s ]
SQL: SHOW COLUMNS FROM `star_passage` [ RunTime:0.000895s ]
SQL: SELECT * FROM `star_passage` ORDER BY convert(title using gb2312) ASC LIMIT 15,5   [ RunTime:0.000208s ]

[ 2015-03-20T23:38:46+08:00 ] 171.209.52.113 /Index/Index/passageData
INFO: [ route_check ] --START--
INFO: CheckRoute Behavior ::run [ RunTime:0.000175s ]
INFO: [ route_check ] --END-- [ RunTime:0.000282s ]
INFO: [ app_begin ] --START--
INFO: ReadHtmlCache Behavior ::run [ RunTime:0.000149s ]
INFO: [ app_begin ] --END-- [ RunTime:0.000224s ]
SQL: SHOW COLUMNS FROM `star_passage` [ RunTime:0.000907s ]
SQL: SELECT * FROM `star_passage` ORDER BY convert(title using gb2312) ASC LIMIT 20,5   [ RunTime:0.000196s ]

[ 2015-03-20T23:38:48+08:00 ] 171.209.52.113 /Index/Index/passageData
INFO: [ route_check ] --START--
INFO: CheckRoute Behavior ::run [ RunTime:0.000164s ]
INFO: [ route_check ] --END-- [ RunTime:0.000271s ]
INFO: [ app_begin ] --START--
INFO: ReadHtmlCache Behavior ::run [ RunTime:0.000153s ]
INFO: [ app_begin ] --END-- [ RunTime:0.000234s ]
SQL: SHOW COLUMNS FROM `star_passage` [ RunTime:0.000835s ]
SQL: SELECT * FROM `star_passage` ORDER BY convert(title using gb2312) ASC LIMIT 25,5   [ RunTime:0.000202s ]

[ 2015-03-20T23:38:50+08:00 ] 171.209.52.113 /Index/Index/passageData
INFO: [ route_check ] --START--
INFO: CheckRoute Behavior ::run [ RunTime:0.000179s ]
INFO: [ route_check ] --END-- [ RunTime:0.000294s ]
INFO: [ app_begin ] --START--
INFO: ReadHtmlCache Behavior ::run [ RunTime:0.000155s ]
INFO: [ app_begin ] --END-- [ RunTime:0.000228s ]
SQL: SHOW COLUMNS FROM `star_passage` [ RunTime:0.000963s ]
SQL: SELECT * FROM `star_passage` ORDER BY convert(title using gb2312) ASC LIMIT 30,5   [ RunTime:0.000722s ]

[ 2015-03-20T23:38:51+08:00 ] 171.209.52.113 /Index/Index/passageData
INFO: [ route_check ] --START--
INFO: CheckRoute Behavior ::run [ RunTime:0.000162s ]
INFO: [ route_check ] --END-- [ RunTime:0.000267s ]
INFO: [ app_begin ] --START--
INFO: ReadHtmlCache Behavior ::run [ RunTime:0.000146s ]
INFO: [ app_begin ] --END-- [ RunTime:0.000223s ]
SQL: SHOW COLUMNS FROM `star_passage` [ RunTime:0.006532s ]
SQL: SELECT * FROM `star_passage` ORDER BY convert(title using gb2312) ASC LIMIT 35,5   [ RunTime:0.000675s ]

[ 2015-03-20T23:39:12+08:00 ] 171.209.52.113 /Index/Index/passageData
INFO: [ route_check ] --START--
INFO: CheckRoute Behavior ::run [ RunTime:0.000166s ]
INFO: [ route_check ] --END-- [ RunTime:0.000276s ]
INFO: [ app_begin ] --START--
INFO: ReadHtmlCache Behavior ::run [ RunTime:0.000146s ]
INFO: [ app_begin ] --END-- [ RunTime:0.000223s ]
SQL: SHOW COLUMNS FROM `star_passage` [ RunTime:0.000924s ]
SQL: SELECT * FROM `star_passage` ORDER BY convert(title using gb2312) ASC LIMIT 40,5   [ RunTime:0.000713s ]

[ 2015-03-20T23:39:15+08:00 ] 171.209.52.113 /Index/Index/passageData
INFO: [ route_check ] --START--
INFO: CheckRoute Behavior ::run [ RunTime:0.000164s ]
INFO: [ route_check ] --END-- [ RunTime:0.000274s ]
INFO: [ app_begin ] --START--
INFO: ReadHtmlCache Behavior ::run [ RunTime:0.000148s ]
INFO: [ app_begin ] --END-- [ RunTime:0.000225s ]
SQL: SHOW COLUMNS FROM `star_passage` [ RunTime:0.000888s ]
SQL: SELECT * FROM `star_passage` ORDER BY convert(title using gb2312) ASC LIMIT 45,5   [ RunTime:0.000728s ]

[ 2015-03-20T23:39:19+08:00 ] 171.209.52.113 /Index/Index/passageData
INFO: [ route_check ] --START--
INFO: CheckRoute Behavior ::run [ RunTime:0.000164s ]
INFO: [ route_check ] --END-- [ RunTime:0.000276s ]
INFO: [ app_begin ] --START--
INFO: ReadHtmlCache Behavior ::run [ RunTime:0.000143s ]
INFO: [ app_begin ] --END-- [ RunTime:0.000220s ]
SQL: SHOW COLUMNS FROM `star_passage` [ RunTime:0.000837s ]
SQL: SELECT * FROM `star_passage` ORDER BY convert(title using gb2312) ASC LIMIT 50,5   [ RunTime:0.000740s ]

[ 2015-03-20T23:39:21+08:00 ] 171.209.52.113 /Index/Index/passageData
INFO: [ route_check ] --START--
INFO: CheckRoute Behavior ::run [ RunTime:0.000174s ]
INFO: [ route_check ] --END-- [ RunTime:0.000284s ]
INFO: [ app_begin ] --START--
INFO: ReadHtmlCache Behavior ::run [ RunTime:0.000150s ]
INFO: [ app_begin ] --END-- [ RunTime:0.000225s ]
SQL: SHOW COLUMNS FROM `star_passage` [ RunTime:0.000918s ]
SQL: SELECT * FROM `star_passage` ORDER BY convert(title using gb2312) ASC LIMIT 55,5   [ RunTime:0.000750s ]

[ 2015-03-20T23:39:25+08:00 ] 171.209.52.113 /Index/Index/passageData
INFO: [ route_check ] --START--
INFO: CheckRoute Behavior ::run [ RunTime:0.000171s ]
INFO: [ route_check ] --END-- [ RunTime:0.000282s ]
INFO: [ app_begin ] --START--
INFO: ReadHtmlCache Behavior ::run [ RunTime:0.000151s ]
INFO: [ app_begin ] --END-- [ RunTime:0.000229s ]
SQL: SHOW COLUMNS FROM `star_passage` [ RunTime:0.004047s ]
SQL: SELECT * FROM `star_passage` ORDER BY convert(title using gb2312) ASC LIMIT 60,5   [ RunTime:0.000714s ]

[ 2015-03-20T23:39:26+08:00 ] 171.209.52.113 /Index/Index/passageData
INFO: [ route_check ] --START--
INFO: CheckRoute Behavior ::run [ RunTime:0.000159s ]
INFO: [ route_check ] --END-- [ RunTime:0.000261s ]
INFO: [ app_begin ] --START--
INFO: ReadHtmlCache Behavior ::run [ RunTime:0.000142s ]
INFO: [ app_begin ] --END-- [ RunTime:0.000211s ]
SQL: SHOW COLUMNS FROM `star_passage` [ RunTime:0.000898s ]
SQL: SELECT * FROM `star_passage` ORDER BY convert(title using gb2312) ASC LIMIT 65,5   [ RunTime:0.000778s ]

[ 2015-03-20T23:39:27+08:00 ] 171.209.52.113 /Index/Index/passageData
INFO: [ route_check ] --START--
INFO: CheckRoute Behavior ::run [ RunTime:0.000165s ]
INFO: [ route_check ] --END-- [ RunTime:0.000275s ]
INFO: [ app_begin ] --START--
INFO: ReadHtmlCache Behavior ::run [ RunTime:0.000147s ]
INFO: [ app_begin ] --END-- [ RunTime:0.000223s ]
SQL: SHOW COLUMNS FROM `star_passage` [ RunTime:0.000922s ]
SQL: SELECT * FROM `star_passage` ORDER BY convert(title using gb2312) ASC LIMIT 70,5   [ RunTime:0.000812s ]

[ 2015-03-20T23:39:28+08:00 ] 171.209.52.113 /Index/Index/passageData
INFO: [ route_check ] --START--
INFO: CheckRoute Behavior ::run [ RunTime:0.000174s ]
INFO: [ route_check ] --END-- [ RunTime:0.000285s ]
INFO: [ app_begin ] --START--
INFO: ReadHtmlCache Behavior ::run [ RunTime:0.000152s ]
INFO: [ app_begin ] --END-- [ RunTime:0.000225s ]
SQL: SHOW COLUMNS FROM `star_passage` [ RunTime:0.000958s ]
SQL: SELECT * FROM `star_passage` ORDER BY convert(title using gb2312) ASC LIMIT 75,5   [ RunTime:0.000765s ]

[ 2015-03-20T23:40:20+08:00 ] 171.209.52.113 /Index/Index/loveArticle
INFO: [ route_check ] --START--
INFO: CheckRoute Behavior ::run [ RunTime:0.000151s ]
INFO: [ route_check ] --END-- [ RunTime:0.000251s ]
INFO: [ app_begin ] --START--
INFO: ReadHtmlCache Behavior ::run [ RunTime:0.000139s ]
INFO: [ app_begin ] --END-- [ RunTime:0.000207s ]
SQL: SHOW COLUMNS FROM `star_ip_list` [ RunTime:0.000928s ]
SQL: SELECT * FROM `star_ip_list` WHERE ( `login_ip` = '171.209.52.113' ) AND ( `date` = '15-03-20' )  [ RunTime:0.003045s ]
SQL: INSERT INTO `star_ip_list` (`login_ip`,`date`) VALUES ('171.209.52.113','15-03-20') [ RunTime:0.000452s ]
SQL: SELECT * FROM `star_ip_list` WHERE ( `login_ip` = '171.209.52.113' ) AND ( `date` = '15-03-20' )  [ RunTime:0.003003s ]
SQL: UPDATE `star_ip_list` SET `p_times`=p_times+1 WHERE ( `login_ip` = '171.209.52.113' ) AND ( `date` = '15-03-20' ) [ RunTime:0.014814s ]
SQL: SHOW COLUMNS FROM `star_passage` [ RunTime:0.000909s ]
SQL: UPDATE `star_passage` SET `vote_number`=vote_number+1 WHERE ( `id` = 11 ) [ RunTime:0.000968s ]

[ 2015-03-20T23:40:39+08:00 ] 171.209.52.113 /Index/Index/loveArticle
INFO: [ route_check ] --START--
INFO: CheckRoute Behavior ::run [ RunTime:0.000152s ]
INFO: [ route_check ] --END-- [ RunTime:0.000256s ]
INFO: [ app_begin ] --START--
INFO: ReadHtmlCache Behavior ::run [ RunTime:0.000138s ]
INFO: [ app_begin ] --END-- [ RunTime:0.000205s ]
SQL: SHOW COLUMNS FROM `star_ip_list` [ RunTime:0.000967s ]
SQL: SELECT * FROM `star_ip_list` WHERE ( `login_ip` = '171.209.52.113' ) AND ( `date` = '15-03-20' )  [ RunTime:0.003092s ]
SQL: SELECT * FROM `star_ip_list` WHERE ( `login_ip` = '171.209.52.113' ) AND ( `date` = '15-03-20' )  [ RunTime:0.000193s ]
SQL: UPDATE `star_ip_list` SET `p_times`=p_times+1 WHERE ( `login_ip` = '171.209.52.113' ) AND ( `date` = '15-03-20' ) [ RunTime:0.014932s ]
SQL: SHOW COLUMNS FROM `star_passage` [ RunTime:0.000849s ]
SQL: UPDATE `star_passage` SET `vote_number`=vote_number+1 WHERE ( `id` = 9 ) [ RunTime:0.000373s ]

[ 2015-03-20T23:40:52+08:00 ] 101.224.127.246 /
INFO: [ app_begin ] --START--
INFO: ReadHtmlCache Behavior ::run [ RunTime:0.000192s ]
INFO: [ app_begin ] --END-- [ RunTime:0.000343s ]
INFO: [ view_parse ] --START--
INFO: ParseTemplate Behavior ::run [ RunTime:0.005056s ]
INFO: [ view_parse ] --END-- [ RunTime:0.005150s ]
INFO: [ view_filter ] --START--
INFO: ContentReplace Behavior ::run [ RunTime:0.000193s ]
INFO: TokenBuild Behavior ::run [ RunTime:0.000145s ]
INFO: WriteHtmlCache Behavior ::run [ RunTime:0.000101s ]
INFO: ShowRuntime Behavior ::run [ RunTime:0.000192s ]
INFO: [ view_filter ] --END-- [ RunTime:0.000839s ]
INFO: [ view_end ] --START--
INFO: ShowPageTrace Behavior ::run [ RunTime:0.000156s ]
INFO: [ view_end ] --END-- [ RunTime:0.000230s ]

[ 2015-03-20T23:41:01+08:00 ] 171.209.52.113 /Index/Index/loveArticle
INFO: [ route_check ] --START--
INFO: CheckRoute Behavior ::run [ RunTime:0.000152s ]
INFO: [ route_check ] --END-- [ RunTime:0.000255s ]
INFO: [ app_begin ] --START--
INFO: ReadHtmlCache Behavior ::run [ RunTime:0.000158s ]
INFO: [ app_begin ] --END-- [ RunTime:0.000226s ]
SQL: SHOW COLUMNS FROM `star_ip_list` [ RunTime:0.000861s ]
SQL: SELECT * FROM `star_ip_list` WHERE ( `login_ip` = '171.209.52.113' ) AND ( `date` = '15-03-20' )  [ RunTime:0.003025s ]
SQL: SELECT * FROM `star_ip_list` WHERE ( `login_ip` = '171.209.52.113' ) AND ( `date` = '15-03-20' )  [ RunTime:0.000200s ]
SQL: UPDATE `star_ip_list` SET `p_times`=p_times+1 WHERE ( `login_ip` = '171.209.52.113' ) AND ( `date` = '15-03-20' ) [ RunTime:0.014817s ]
SQL: SHOW COLUMNS FROM `star_passage` [ RunTime:0.000845s ]
SQL: UPDATE `star_passage` SET `vote_number`=vote_number+1 WHERE ( `id` = 63 ) [ RunTime:0.000270s ]

[ 2015-03-20T23:41:11+08:00 ] 171.209.52.113 /Index/Index/loveArticle
INFO: [ route_check ] --START--
INFO: CheckRoute Behavior ::run [ RunTime:0.000178s ]
INFO: [ route_check ] --END-- [ RunTime:0.000288s ]
INFO: [ app_begin ] --START--
INFO: ReadHtmlCache Behavior ::run [ RunTime:0.000155s ]
INFO: [ app_begin ] --END-- [ RunTime:0.000247s ]
SQL: SHOW COLUMNS FROM `star_ip_list` [ RunTime:0.000896s ]
SQL: SELECT * FROM `star_ip_list` WHERE ( `login_ip` = '171.209.52.113' ) AND ( `date` = '15-03-20' )  [ RunTime:0.003008s ]
SQL: SELECT * FROM `star_ip_list` WHERE ( `login_ip` = '171.209.52.113' ) AND ( `date` = '15-03-20' )  [ RunTime:0.000172s ]

[ 2015-03-20T23:49:40+08:00 ] 222.210.219.12 /
INFO: [ app_begin ] --START--
INFO: ReadHtmlCache Behavior ::run [ RunTime:0.000216s ]
INFO: [ app_begin ] --END-- [ RunTime:0.000341s ]
INFO: [ view_parse ] --START--
INFO: ParseTemplate Behavior ::run [ RunTime:0.004966s ]
INFO: [ view_parse ] --END-- [ RunTime:0.005062s ]
INFO: [ view_filter ] --START--
INFO: ContentReplace Behavior ::run [ RunTime:0.000193s ]
INFO: TokenBuild Behavior ::run [ RunTime:0.000143s ]
INFO: WriteHtmlCache Behavior ::run [ RunTime:0.000100s ]
INFO: ShowRuntime Behavior ::run [ RunTime:0.000185s ]
INFO: [ view_filter ] --END-- [ RunTime:0.000830s ]
INFO: [ view_end ] --START--
INFO: ShowPageTrace Behavior ::run [ RunTime:0.000158s ]
INFO: [ view_end ] --END-- [ RunTime:0.000233s ]

[ 2015-03-20T23:49:40+08:00 ] 222.210.219.12 /Index/Index/broadcast.html
INFO: [ route_check ] --START--
INFO: CheckRoute Behavior ::run [ RunTime:0.000200s ]
INFO: [ route_check ] --END-- [ RunTime:0.000317s ]
INFO: [ app_begin ] --START--
INFO: ReadHtmlCache Behavior ::run [ RunTime:0.000163s ]
INFO: [ app_begin ] --END-- [ RunTime:0.000249s ]
SQL: SHOW COLUMNS FROM `star_blog` [ RunTime:0.000978s ]
SQL: SELECT * FROM `star_blog` ORDER BY id DESC  [ RunTime:0.000573s ]
INFO: [ view_parse ] --START--
INFO: ParseTemplate Behavior ::run [ RunTime:0.003931s ]
INFO: [ view_parse ] --END-- [ RunTime:0.004028s ]
INFO: [ view_filter ] --START--
INFO: ContentReplace Behavior ::run [ RunTime:0.000189s ]
INFO: TokenBuild Behavior ::run [ RunTime:0.000148s ]
INFO: WriteHtmlCache Behavior ::run [ RunTime:0.000104s ]
INFO: ShowRuntime Behavior ::run [ RunTime:0.000193s ]
INFO: [ view_filter ] --END-- [ RunTime:0.000841s ]
INFO: [ view_end ] --START--
INFO: ShowPageTrace Behavior ::run [ RunTime:0.000157s ]
INFO: [ view_end ] --END-- [ RunTime:0.000232s ]

[ 2015-03-20T23:49:42+08:00 ] 222.210.219.12 /Index/Index/blogData
INFO: [ route_check ] --START--
INFO: CheckRoute Behavior ::run [ RunTime:0.000182s ]
INFO: [ route_check ] --END-- [ RunTime:0.000283s ]
INFO: [ app_begin ] --START--
INFO: ReadHtmlCache Behavior ::run [ RunTime:0.000139s ]
INFO: [ app_begin ] --END-- [ RunTime:0.000209s ]
SQL: SHOW COLUMNS FROM `star_blog` [ RunTime:0.000953s ]
SQL: SELECT * FROM `star_blog` ORDER BY convert(username using gb2312) ASC LIMIT 0,8   [ RunTime:0.000624s ]

[ 2015-03-20T23:49:55+08:00 ] 222.210.219.12 /Index/Index/broadcast.html
INFO: [ route_check ] --START--
INFO: CheckRoute Behavior ::run [ RunTime:0.000209s ]
INFO: [ route_check ] --END-- [ RunTime:0.000324s ]
INFO: [ app_begin ] --START--
INFO: ReadHtmlCache Behavior ::run [ RunTime:0.000177s ]
INFO: [ app_begin ] --END-- [ RunTime:0.000258s ]
SQL: SHOW COLUMNS FROM `star_blog` [ RunTime:0.000964s ]
SQL: SELECT * FROM `star_blog` ORDER BY id DESC  [ RunTime:0.000215s ]
INFO: [ view_parse ] --START--
INFO: ParseTemplate Behavior ::run [ RunTime:0.003573s ]
INFO: [ view_parse ] --END-- [ RunTime:0.003671s ]
INFO: [ view_filter ] --START--
INFO: ContentReplace Behavior ::run [ RunTime:0.000181s ]
INFO: TokenBuild Behavior ::run [ RunTime:0.000142s ]
INFO: WriteHtmlCache Behavior ::run [ RunTime:0.000095s ]
INFO: ShowRuntime Behavior ::run [ RunTime:0.000166s ]
INFO: [ view_filter ] --END-- [ RunTime:0.000784s ]
INFO: [ view_end ] --START--
INFO: ShowPageTrace Behavior ::run [ RunTime:0.000163s ]
INFO: [ view_end ] --END-- [ RunTime:0.000239s ]

[ 2015-03-20T23:49:56+08:00 ] 222.210.219.12 /Index/Index/blogData
INFO: [ route_check ] --START--
INFO: CheckRoute Behavior ::run [ RunTime:0.000166s ]
INFO: [ route_check ] --END-- [ RunTime:0.000275s ]
INFO: [ app_begin ] --START--
INFO: ReadHtmlCache Behavior ::run [ RunTime:0.000151s ]
INFO: [ app_begin ] --END-- [ RunTime:0.000223s ]
SQL: SHOW COLUMNS FROM `star_blog` [ RunTime:0.000937s ]
SQL: SELECT * FROM `star_blog` ORDER BY convert(username using gb2312) ASC LIMIT 0,8   [ RunTime:0.000191s ]

[ 2015-03-20T23:49:57+08:00 ] 222.210.219.12 /Index/Index/blogData
INFO: [ route_check ] --START--
INFO: CheckRoute Behavior ::run [ RunTime:0.000163s ]
INFO: [ route_check ] --END-- [ RunTime:0.000287s ]
INFO: [ app_begin ] --START--
INFO: ReadHtmlCache Behavior ::run [ RunTime:0.000143s ]
INFO: [ app_begin ] --END-- [ RunTime:0.000219s ]
SQL: SHOW COLUMNS FROM `star_blog` [ RunTime:0.000804s ]
SQL: SELECT * FROM `star_blog` ORDER BY convert(username using gb2312) ASC LIMIT 8,8   [ RunTime:0.000740s ]

[ 2015-03-20T23:49:59+08:00 ] 222.210.219.12 /Index/Index/blogData
INFO: [ route_check ] --START--
INFO: CheckRoute Behavior ::run [ RunTime:0.000153s ]
INFO: [ route_check ] --END-- [ RunTime:0.000255s ]
INFO: [ app_begin ] --START--
INFO: ReadHtmlCache Behavior ::run [ RunTime:0.000141s ]
INFO: [ app_begin ] --END-- [ RunTime:0.000208s ]
SQL: SHOW COLUMNS FROM `star_blog` [ RunTime:0.001014s ]
SQL: SELECT * FROM `star_blog` ORDER BY convert(username using gb2312) ASC LIMIT 16,8   [ RunTime:0.000566s ]

[ 2015-03-20T23:50:00+08:00 ] 222.210.219.12 /Index/Index/blogData
INFO: [ route_check ] --START--
INFO: CheckRoute Behavior ::run [ RunTime:0.000160s ]
INFO: [ route_check ] --END-- [ RunTime:0.000267s ]
INFO: [ app_begin ] --START--
INFO: ReadHtmlCache Behavior ::run [ RunTime:0.000144s ]
INFO: [ app_begin ] --END-- [ RunTime:0.000224s ]
SQL: SHOW COLUMNS FROM `star_blog` [ RunTime:0.000936s ]
SQL: SELECT * FROM `star_blog` ORDER BY convert(username using gb2312) ASC LIMIT 24,8   [ RunTime:0.000576s ]

[ 2015-03-20T23:50:05+08:00 ] 222.210.219.12 /Index/Index/loveBlog
INFO: [ route_check ] --START--
INFO: CheckRoute Behavior ::run [ RunTime:0.000180s ]
INFO: [ route_check ] --END-- [ RunTime:0.000298s ]
INFO: [ app_begin ] --START--
INFO: ReadHtmlCache Behavior ::run [ RunTime:0.000156s ]
INFO: [ app_begin ] --END-- [ RunTime:0.000249s ]
SQL: SHOW COLUMNS FROM `star_ip_list` [ RunTime:0.000996s ]
SQL: SELECT * FROM `star_ip_list` WHERE ( `login_ip` = '222.210.219.12' ) AND ( `date` = '15-03-20' )  [ RunTime:0.002940s ]
SQL: INSERT INTO `star_ip_list` (`login_ip`,`date`) VALUES ('222.210.219.12','15-03-20') [ RunTime:0.000628s ]
SQL: SELECT * FROM `star_ip_list` WHERE ( `login_ip` = '222.210.219.12' ) AND ( `date` = '15-03-20' )  [ RunTime:0.002876s ]
SQL: UPDATE `star_ip_list` SET `times`=times+1 WHERE ( `login_ip` = '222.210.219.12' ) AND ( `date` = '15-03-20' ) [ RunTime:0.014806s ]
SQL: SHOW COLUMNS FROM `star_blog` [ RunTime:0.000868s ]
SQL: UPDATE `star_blog` SET `vote_number`=vote_number+1 WHERE ( `id` = 24 ) [ RunTime:0.000445s ]

[ 2015-03-20T23:50:27+08:00 ] 222.210.219.12 /Index/Index/loveBlog
INFO: [ route_check ] --START--
INFO: CheckRoute Behavior ::run [ RunTime:0.000174s ]
INFO: [ route_check ] --END-- [ RunTime:0.000284s ]
INFO: [ app_begin ] --START--
INFO: ReadHtmlCache Behavior ::run [ RunTime:0.000153s ]
INFO: [ app_begin ] --END-- [ RunTime:0.000230s ]
SQL: SHOW COLUMNS FROM `star_ip_list` [ RunTime:0.000903s ]
SQL: SELECT * FROM `star_ip_list` WHERE ( `login_ip` = '222.210.219.12' ) AND ( `date` = '15-03-20' )  [ RunTime:0.002997s ]
SQL: SELECT * FROM `star_ip_list` WHERE ( `login_ip` = '222.210.219.12' ) AND ( `date` = '15-03-20' )  [ RunTime:0.000188s ]
SQL: UPDATE `star_ip_list` SET `times`=times+1 WHERE ( `login_ip` = '222.210.219.12' ) AND ( `date` = '15-03-20' ) [ RunTime:0.014962s ]
SQL: SHOW COLUMNS FROM `star_blog` [ RunTime:0.000847s ]
SQL: UPDATE `star_blog` SET `vote_number`=vote_number+1 WHERE ( `id` = 16 ) [ RunTime:0.000365s ]

[ 2015-03-20T23:50:34+08:00 ] 222.210.219.12 /Index/Index/blogData
INFO: [ route_check ] --START--
INFO: CheckRoute Behavior ::run [ RunTime:0.000172s ]
INFO: [ route_check ] --END-- [ RunTime:0.000283s ]
INFO: [ app_begin ] --START--
INFO: ReadHtmlCache Behavior ::run [ RunTime:0.000157s ]
INFO: [ app_begin ] --END-- [ RunTime:0.000233s ]
SQL: SHOW COLUMNS FROM `star_blog` [ RunTime:0.000975s ]
SQL: SELECT * FROM `star_blog` ORDER BY convert(username using gb2312) ASC LIMIT 32,8   [ RunTime:0.000588s ]

[ 2015-03-20T23:50:36+08:00 ] 222.210.219.12 /Index/Index/blogData
INFO: [ route_check ] --START--
INFO: CheckRoute Behavior ::run [ RunTime:0.000167s ]
INFO: [ route_check ] --END-- [ RunTime:0.000278s ]
INFO: [ app_begin ] --START--
INFO: ReadHtmlCache Behavior ::run [ RunTime:0.000144s ]
INFO: [ app_begin ] --END-- [ RunTime:0.000222s ]
SQL: SHOW COLUMNS FROM `star_blog` [ RunTime:0.000903s ]
SQL: SELECT * FROM `star_blog` ORDER BY convert(username using gb2312) ASC LIMIT 40,8   [ RunTime:0.000647s ]

[ 2015-03-20T23:57:19+08:00 ] 222.73.77.54 /?from=groupmessage&isappinstalled=0
INFO: [ app_begin ] --START--
INFO: ReadHtmlCache Behavior ::run [ RunTime:0.000191s ]
INFO: [ app_begin ] --END-- [ RunTime:0.000328s ]
INFO: [ view_parse ] --START--
INFO: ParseTemplate Behavior ::run [ RunTime:0.005056s ]
INFO: [ view_parse ] --END-- [ RunTime:0.005153s ]
INFO: [ view_filter ] --START--
INFO: ContentReplace Behavior ::run [ RunTime:0.000196s ]
INFO: TokenBuild Behavior ::run [ RunTime:0.000144s ]
INFO: WriteHtmlCache Behavior ::run [ RunTime:0.000101s ]
INFO: ShowRuntime Behavior ::run [ RunTime:0.000185s ]
INFO: [ view_filter ] --END-- [ RunTime:0.000835s ]
INFO: [ view_end ] --START--
INFO: ShowPageTrace Behavior ::run [ RunTime:0.000156s ]
INFO: [ view_end ] --END-- [ RunTime:0.000231s ]

[ 2015-03-20T23:57:19+08:00 ] 116.210.75.234 /?from=groupmessage&isappinstalled=0
INFO: [ app_begin ] --START--
INFO: ReadHtmlCache Behavior ::run [ RunTime:0.000182s ]
INFO: [ app_begin ] --END-- [ RunTime:0.000310s ]
INFO: [ view_parse ] --START--
INFO: ParseTemplate Behavior ::run [ RunTime:0.004909s ]
INFO: [ view_parse ] --END-- [ RunTime:0.005007s ]
INFO: [ view_filter ] --START--
INFO: ContentReplace Behavior ::run [ RunTime:0.000191s ]
INFO: TokenBuild Behavior ::run [ RunTime:0.000143s ]
INFO: WriteHtmlCache Behavior ::run [ RunTime:0.000100s ]
INFO: ShowRuntime Behavior ::run [ RunTime:0.000182s ]
INFO: [ view_filter ] --END-- [ RunTime:0.000829s ]
INFO: [ view_end ] --START--
INFO: ShowPageTrace Behavior ::run [ RunTime:0.000154s ]
INFO: [ view_end ] --END-- [ RunTime:0.000231s ]

[ 2015-03-20T23:57:19+08:00 ] 140.207.185.15 /
INFO: [ app_begin ] --START--
INFO: ReadHtmlCache Behavior ::run [ RunTime:0.000195s ]
INFO: [ app_begin ] --END-- [ RunTime:0.000310s ]
INFO: [ view_parse ] --START--
INFO: ParseTemplate Behavior ::run [ RunTime:0.004864s ]
INFO: [ view_parse ] --END-- [ RunTime:0.004963s ]
INFO: [ view_filter ] --START--
INFO: ContentReplace Behavior ::run [ RunTime:0.000190s ]
INFO: TokenBuild Behavior ::run [ RunTime:0.000143s ]
INFO: WriteHtmlCache Behavior ::run [ RunTime:0.000099s ]
INFO: ShowRuntime Behavior ::run [ RunTime:0.000182s ]
INFO: [ view_filter ] --END-- [ RunTime:0.000819s ]
INFO: [ view_end ] --START--
INFO: ShowPageTrace Behavior ::run [ RunTime:0.000152s ]
INFO: [ view_end ] --END-- [ RunTime:0.000227s ]

[ 2015-03-20T23:57:19+08:00 ] 116.210.75.234 /Index/Index/broadcast.html
INFO: [ route_check ] --START--
INFO: CheckRoute Behavior ::run [ RunTime:0.000190s ]
INFO: [ route_check ] --END-- [ RunTime:0.000295s ]
INFO: [ app_begin ] --START--
INFO: ReadHtmlCache Behavior ::run [ RunTime:0.000148s ]
INFO: [ app_begin ] --END-- [ RunTime:0.000234s ]
SQL: SHOW COLUMNS FROM `star_blog` [ RunTime:0.000990s ]
SQL: SELECT * FROM `star_blog` ORDER BY id DESC  [ RunTime:0.000569s ]
INFO: [ view_parse ] --START--
INFO: ParseTemplate Behavior ::run [ RunTime:0.003249s ]
INFO: [ view_parse ] --END-- [ RunTime:0.003345s ]
INFO: [ view_filter ] --START--
INFO: ContentReplace Behavior ::run [ RunTime:0.000178s ]
INFO: TokenBuild Behavior ::run [ RunTime:0.000134s ]
INFO: WriteHtmlCache Behavior ::run [ RunTime:0.000085s ]
INFO: ShowRuntime Behavior ::run [ RunTime:0.000155s ]
INFO: [ view_filter ] --END-- [ RunTime:0.000756s ]
INFO: [ view_end ] --START--
INFO: ShowPageTrace Behavior ::run [ RunTime:0.000140s ]
INFO: [ view_end ] --END-- [ RunTime:0.000214s ]

[ 2015-03-20T23:57:20+08:00 ] 116.210.75.234 /Index/Index/blogData
INFO: [ route_check ] --START--
INFO: CheckRoute Behavior ::run [ RunTime:0.000193s ]
INFO: [ route_check ] --END-- [ RunTime:0.000300s ]
INFO: [ app_begin ] --START--
INFO: ReadHtmlCache Behavior ::run [ RunTime:0.000155s ]
INFO: [ app_begin ] --END-- [ RunTime:0.000229s ]
SQL: SHOW COLUMNS FROM `star_blog` [ RunTime:0.000889s ]
SQL: SELECT * FROM `star_blog` ORDER BY convert(username using gb2312) ASC LIMIT 0,8   [ RunTime:0.000496s ]

[ 2015-03-20T23:57:23+08:00 ] 101.226.89.191 /
INFO: [ app_begin ] --START--
INFO: ReadHtmlCache Behavior ::run [ RunTime:0.000163s ]
INFO: [ app_begin ] --END-- [ RunTime:0.000279s ]
INFO: [ view_parse ] --START--
INFO: ParseTemplate Behavior ::run [ RunTime:0.004274s ]
INFO: [ view_parse ] --END-- [ RunTime:0.004370s ]
INFO: [ view_filter ] --START--
INFO: ContentReplace Behavior ::run [ RunTime:0.000181s ]
INFO: TokenBuild Behavior ::run [ RunTime:0.000133s ]
INFO: WriteHtmlCache Behavior ::run [ RunTime:0.000084s ]
INFO: ShowRuntime Behavior ::run [ RunTime:0.000164s ]
INFO: [ view_filter ] --END-- [ RunTime:0.000769s ]
INFO: [ view_end ] --START--
INFO: ShowPageTrace Behavior ::run [ RunTime:0.000139s ]
INFO: [ view_end ] --END-- [ RunTime:0.000213s ]

[ 2015-03-20T23:57:28+08:00 ] 116.210.75.234 /Index/Index/article.html
INFO: [ route_check ] --START--
INFO: CheckRoute Behavior ::run [ RunTime:0.000168s ]
INFO: [ route_check ] --END-- [ RunTime:0.000279s ]
INFO: [ app_begin ] --START--
INFO: ReadHtmlCache Behavior ::run [ RunTime:0.000145s ]
INFO: [ app_begin ] --END-- [ RunTime:0.000229s ]
SQL: SHOW COLUMNS FROM `star_passage` [ RunTime:0.000960s ]
SQL: SELECT * FROM `star_passage` ORDER BY id DESC  [ RunTime:0.000801s ]
INFO: [ view_parse ] --START--
INFO: ParseTemplate Behavior ::run [ RunTime:0.003290s ]
INFO: [ view_parse ] --END-- [ RunTime:0.003406s ]
INFO: [ view_filter ] --START--
INFO: ContentReplace Behavior ::run [ RunTime:0.000180s ]
INFO: TokenBuild Behavior ::run [ RunTime:0.000137s ]
INFO: WriteHtmlCache Behavior ::run [ RunTime:0.000087s ]
INFO: ShowRuntime Behavior ::run [ RunTime:0.000157s ]
INFO: [ view_filter ] --END-- [ RunTime:0.000765s ]
INFO: [ view_end ] --START--
INFO: ShowPageTrace Behavior ::run [ RunTime:0.000140s ]
INFO: [ view_end ] --END-- [ RunTime:0.000215s ]

[ 2015-03-20T23:57:28+08:00 ] 116.210.75.234 /Index/Index/passageData
INFO: [ route_check ] --START--
INFO: CheckRoute Behavior ::run [ RunTime:0.000163s ]
INFO: [ route_check ] --END-- [ RunTime:0.000270s ]
INFO: [ app_begin ] --START--
INFO: ReadHtmlCache Behavior ::run [ RunTime:0.000152s ]
INFO: [ app_begin ] --END-- [ RunTime:0.000224s ]
SQL: SHOW COLUMNS FROM `star_passage` [ RunTime:0.000886s ]
SQL: SELECT * FROM `star_passage` ORDER BY convert(title using gb2312) ASC LIMIT 0,5   [ RunTime:0.000580s ]

[ 2015-03-20T23:57:29+08:00 ] 140.207.185.15 /
INFO: [ app_begin ] --START--
INFO: ReadHtmlCache Behavior ::run [ RunTime:0.000155s ]
INFO: [ app_begin ] --END-- [ RunTime:0.000259s ]
INFO: [ view_parse ] --START--
INFO: ParseTemplate Behavior ::run [ RunTime:0.004219s ]
INFO: [ view_parse ] --END-- [ RunTime:0.004316s ]
INFO: [ view_filter ] --START--
INFO: ContentReplace Behavior ::run [ RunTime:0.000182s ]
INFO: TokenBuild Behavior ::run [ RunTime:0.000132s ]
INFO: WriteHtmlCache Behavior ::run [ RunTime:0.000083s ]
INFO: ShowRuntime Behavior ::run [ RunTime:0.000162s ]
INFO: [ view_filter ] --END-- [ RunTime:0.000765s ]
INFO: [ view_end ] --START--
INFO: ShowPageTrace Behavior ::run [ RunTime:0.000137s ]
INFO: [ view_end ] --END-- [ RunTime:0.000209s ]

[ 2015-03-20T23:57:39+08:00 ] 116.210.75.234 /Index/Index/passageData
INFO: [ route_check ] --START--
INFO: CheckRoute Behavior ::run [ RunTime:0.000169s ]
INFO: [ route_check ] --END-- [ RunTime:0.000288s ]
INFO: [ app_begin ] --START--
INFO: ReadHtmlCache Behavior ::run [ RunTime:0.000152s ]
INFO: [ app_begin ] --END-- [ RunTime:0.000225s ]
SQL: SHOW COLUMNS FROM `star_passage` [ RunTime:0.000996s ]
SQL: SELECT * FROM `star_passage` ORDER BY convert(title using gb2312) ASC LIMIT 5,5   [ RunTime:0.000581s ]

[ 2015-03-20T23:57:41+08:00 ] 116.210.75.234 /Index/Index/article.html
INFO: [ route_check ] --START--
INFO: CheckRoute Behavior ::run [ RunTime:0.000166s ]
INFO: [ route_check ] --END-- [ RunTime:0.000279s ]
INFO: [ app_begin ] --START--
INFO: ReadHtmlCache Behavior ::run [ RunTime:0.000146s ]
INFO: [ app_begin ] --END-- [ RunTime:0.000236s ]
SQL: SHOW COLUMNS FROM `star_passage` [ RunTime:0.000991s ]
SQL: SELECT * FROM `star_passage` ORDER BY id DESC  [ RunTime:0.000239s ]
INFO: [ view_parse ] --START--
INFO: ParseTemplate Behavior ::run [ RunTime:0.003298s ]
INFO: [ view_parse ] --END-- [ RunTime:0.003397s ]
INFO: [ view_filter ] --START--
INFO: ContentReplace Behavior ::run [ RunTime:0.000179s ]
INFO: TokenBuild Behavior ::run [ RunTime:0.000137s ]
INFO: WriteHtmlCache Behavior ::run [ RunTime:0.000088s ]
INFO: ShowRuntime Behavior ::run [ RunTime:0.000157s ]
INFO: [ view_filter ] --END-- [ RunTime:0.000765s ]
INFO: [ view_end ] --START--
INFO: ShowPageTrace Behavior ::run [ RunTime:0.000140s ]
INFO: [ view_end ] --END-- [ RunTime:0.000216s ]

[ 2015-03-20T23:57:42+08:00 ] 116.210.75.234 /Index/Index/passageData
INFO: [ route_check ] --START--
INFO: CheckRoute Behavior ::run [ RunTime:0.000169s ]
INFO: [ route_check ] --END-- [ RunTime:0.000285s ]
INFO: [ app_begin ] --START--
INFO: ReadHtmlCache Behavior ::run [ RunTime:0.000149s ]
INFO: [ app_begin ] --END-- [ RunTime:0.000221s ]
SQL: SHOW COLUMNS FROM `star_passage` [ RunTime:0.000926s ]
SQL: SELECT * FROM `star_passage` ORDER BY convert(title using gb2312) ASC LIMIT 0,5   [ RunTime:0.000198s ]

[ 2015-03-20T23:57:46+08:00 ] 116.210.75.234 /Index/Index/passageData
INFO: [ route_check ] --START--
INFO: CheckRoute Behavior ::run [ RunTime:0.000196s ]
INFO: [ route_check ] --END-- [ RunTime:0.000307s ]
INFO: [ app_begin ] --START--
INFO: ReadHtmlCache Behavior ::run [ RunTime:0.000155s ]
INFO: [ app_begin ] --END-- [ RunTime:0.000228s ]
SQL: SHOW COLUMNS FROM `star_passage` [ RunTime:0.000970s ]
SQL: SELECT * FROM `star_passage` ORDER BY convert(title using gb2312) ASC LIMIT 5,5   [ RunTime:0.000200s ]

[ 2015-03-20T23:57:48+08:00 ] 116.210.75.234 /Index/Index/passageData
INFO: [ route_check ] --START--
INFO: CheckRoute Behavior ::run [ RunTime:0.000167s ]
INFO: [ route_check ] --END-- [ RunTime:0.000279s ]
INFO: [ app_begin ] --START--
INFO: ReadHtmlCache Behavior ::run [ RunTime:0.000155s ]
INFO: [ app_begin ] --END-- [ RunTime:0.000226s ]
SQL: SHOW COLUMNS FROM `star_passage` [ RunTime:0.000962s ]
SQL: SELECT * FROM `star_passage` ORDER BY convert(title using gb2312) ASC LIMIT 10,5   [ RunTime:0.000628s ]

[ 2015-03-20T23:57:48+08:00 ] 116.210.75.234 /Index/Index/passageData
INFO: [ route_check ] --START--
INFO: CheckRoute Behavior ::run [ RunTime:0.000163s ]
INFO: [ route_check ] --END-- [ RunTime:0.000270s ]
INFO: [ app_begin ] --START--
INFO: ReadHtmlCache Behavior ::run [ RunTime:0.000149s ]
INFO: [ app_begin ] --END-- [ RunTime:0.000321s ]
SQL: SHOW COLUMNS FROM `star_passage` [ RunTime:0.000833s ]
SQL: SELECT * FROM `star_passage` ORDER BY convert(title using gb2312) ASC LIMIT 15,5   [ RunTime:0.000589s ]

[ 2015-03-20T23:57:49+08:00 ] 116.210.75.234 /Index/Index/passageData
INFO: [ route_check ] --START--
INFO: CheckRoute Behavior ::run [ RunTime:0.000170s ]
INFO: [ route_check ] --END-- [ RunTime:0.000284s ]
INFO: [ app_begin ] --START--
INFO: ReadHtmlCache Behavior ::run [ RunTime:0.000151s ]
INFO: [ app_begin ] --END-- [ RunTime:0.000223s ]
SQL: SHOW COLUMNS FROM `star_passage` [ RunTime:0.000992s ]
SQL: SELECT * FROM `star_passage` ORDER BY convert(title using gb2312) ASC LIMIT 20,5   [ RunTime:0.000660s ]

[ 2015-03-20T23:57:59+08:00 ] 116.210.75.234 /Index/Index/passageData
INFO: [ route_check ] --START--
INFO: CheckRoute Behavior ::run [ RunTime:0.000172s ]
INFO: [ route_check ] --END-- [ RunTime:0.000289s ]
INFO: [ app_begin ] --START--
INFO: ReadHtmlCache Behavior ::run [ RunTime:0.000154s ]
INFO: [ app_begin ] --END-- [ RunTime:0.000227s ]
SQL: SHOW COLUMNS FROM `star_passage` [ RunTime:0.000994s ]
SQL: SELECT * FROM `star_passage` ORDER BY convert(title using gb2312) ASC LIMIT 25,5   [ RunTime:0.000677s ]

[ 2015-03-20T23:58:01+08:00 ] 116.210.75.234 /Index/Index/passageData
INFO: [ route_check ] --START--
INFO: CheckRoute Behavior ::run [ RunTime:0.000165s ]
INFO: [ route_check ] --END-- [ RunTime:0.000280s ]
INFO: [ app_begin ] --START--
INFO: ReadHtmlCache Behavior ::run [ RunTime:0.000157s ]
INFO: [ app_begin ] --END-- [ RunTime:0.000228s ]
SQL: SHOW COLUMNS FROM `star_passage` [ RunTime:0.000992s ]
SQL: SELECT * FROM `star_passage` ORDER BY convert(title using gb2312) ASC LIMIT 30,5   [ RunTime:0.000640s ]

[ 2015-03-20T23:58:06+08:00 ] 116.210.75.234 /Index/Index/passageData
INFO: [ route_check ] --START--
INFO: CheckRoute Behavior ::run [ RunTime:0.000170s ]
INFO: [ route_check ] --END-- [ RunTime:0.000285s ]
INFO: [ app_begin ] --START--
INFO: ReadHtmlCache Behavior ::run [ RunTime:0.000153s ]
INFO: [ app_begin ] --END-- [ RunTime:0.000227s ]
SQL: SHOW COLUMNS FROM `star_passage` [ RunTime:0.000929s ]
SQL: SELECT * FROM `star_passage` ORDER BY convert(title using gb2312) ASC LIMIT 35,5   [ RunTime:0.000719s ]

[ 2015-03-20T23:58:20+08:00 ] 116.210.75.234 /Index/Index/passageData
INFO: [ route_check ] --START--
INFO: CheckRoute Behavior ::run [ RunTime:0.000170s ]
INFO: [ route_check ] --END-- [ RunTime:0.000287s ]
INFO: [ app_begin ] --START--
INFO: ReadHtmlCache Behavior ::run [ RunTime:0.000152s ]
INFO: [ app_begin ] --END-- [ RunTime:0.000223s ]
SQL: SHOW COLUMNS FROM `star_passage` [ RunTime:0.000990s ]
SQL: SELECT * FROM `star_passage` ORDER BY convert(title using gb2312) ASC LIMIT 0,5   [ RunTime:0.000199s ]

[ 2015-03-20T23:58:32+08:00 ] 116.210.75.234 /?from=groupmessage&isappinstalled=0
INFO: [ app_begin ] --START--
INFO: ReadHtmlCache Behavior ::run [ RunTime:0.000164s ]
INFO: [ app_begin ] --END-- [ RunTime:0.000278s ]
INFO: [ view_parse ] --START--
INFO: ParseTemplate Behavior ::run [ RunTime:0.004335s ]
INFO: [ view_parse ] --END-- [ RunTime:0.004429s ]
INFO: [ view_filter ] --START--
INFO: ContentReplace Behavior ::run [ RunTime:0.000183s ]
INFO: TokenBuild Behavior ::run [ RunTime:0.000135s ]
INFO: WriteHtmlCache Behavior ::run [ RunTime:0.000086s ]
INFO: ShowRuntime Behavior ::run [ RunTime:0.000165s ]
INFO: [ view_filter ] --END-- [ RunTime:0.000775s ]
INFO: [ view_end ] --START--
INFO: ShowPageTrace Behavior ::run [ RunTime:0.000138s ]
INFO: [ view_end ] --END-- [ RunTime:0.000215s ]

[ 2015-03-20T23:58:32+08:00 ] 116.210.75.234 /Index/Index/broadcast.html
INFO: [ route_check ] --START--
INFO: CheckRoute Behavior ::run [ RunTime:0.000163s ]
INFO: [ route_check ] --END-- [ RunTime:0.000269s ]
INFO: [ app_begin ] --START--
INFO: ReadHtmlCache Behavior ::run [ RunTime:0.000143s ]
INFO: [ app_begin ] --END-- [ RunTime:0.000225s ]
SQL: SHOW COLUMNS FROM `star_blog` [ RunTime:0.001003s ]
SQL: SELECT * FROM `star_blog` ORDER BY id DESC  [ RunTime:0.000161s ]
INFO: [ view_parse ] --START--
INFO: ParseTemplate Behavior ::run [ RunTime:0.003267s ]
INFO: [ view_parse ] --END-- [ RunTime:0.003366s ]
INFO: [ view_filter ] --START--
INFO: ContentReplace Behavior ::run [ RunTime:0.000179s ]
INFO: TokenBuild Behavior ::run [ RunTime:0.000133s ]
INFO: WriteHtmlCache Behavior ::run [ RunTime:0.000086s ]
INFO: ShowRuntime Behavior ::run [ RunTime:0.000154s ]
INFO: [ view_filter ] --END-- [ RunTime:0.000756s ]
INFO: [ view_end ] --START--
INFO: ShowPageTrace Behavior ::run [ RunTime:0.000137s ]
INFO: [ view_end ] --END-- [ RunTime:0.000212s ]

[ 2015-03-20T23:58:32+08:00 ] 116.210.75.234 /Index/Index/blogData
INFO: [ route_check ] --START--
INFO: CheckRoute Behavior ::run [ RunTime:0.000161s ]
INFO: [ route_check ] --END-- [ RunTime:0.000268s ]
INFO: [ app_begin ] --START--
INFO: ReadHtmlCache Behavior ::run [ RunTime:0.000151s ]
INFO: [ app_begin ] --END-- [ RunTime:0.000224s ]
SQL: SHOW COLUMNS FROM `star_blog` [ RunTime:0.000859s ]
SQL: SELECT * FROM `star_blog` ORDER BY convert(username using gb2312) ASC LIMIT 0,8   [ RunTime:0.000204s ]

[ 2015-03-20T23:58:36+08:00 ] 116.210.75.234 /Index/Index/article.html
INFO: [ route_check ] --START--
INFO: CheckRoute Behavior ::run [ RunTime:0.000164s ]
INFO: [ route_check ] --END-- [ RunTime:0.000278s ]
INFO: [ app_begin ] --START--
INFO: ReadHtmlCache Behavior ::run [ RunTime:0.000145s ]
INFO: [ app_begin ] --END-- [ RunTime:0.000232s ]
SQL: SHOW COLUMNS FROM `star_passage` [ RunTime:0.000976s ]
SQL: SELECT * FROM `star_passage` ORDER BY id DESC  [ RunTime:0.000291s ]
INFO: [ view_parse ] --START--
INFO: ParseTemplate Behavior ::run [ RunTime:0.003291s ]
INFO: [ view_parse ] --END-- [ RunTime:0.003390s ]
INFO: [ view_filter ] --START--
INFO: ContentReplace Behavior ::run [ RunTime:0.000178s ]
INFO: TokenBuild Behavior ::run [ RunTime:0.000134s ]
INFO: WriteHtmlCache Behavior ::run [ RunTime:0.000087s ]
INFO: ShowRuntime Behavior ::run [ RunTime:0.000162s ]
INFO: [ view_filter ] --END-- [ RunTime:0.000763s ]
INFO: [ view_end ] --START--
INFO: ShowPageTrace Behavior ::run [ RunTime:0.000138s ]
INFO: [ view_end ] --END-- [ RunTime:0.000211s ]

[ 2015-03-20T23:58:36+08:00 ] 116.210.75.234 /Index/Index/passageData
INFO: [ route_check ] --START--
INFO: CheckRoute Behavior ::run [ RunTime:0.000160s ]
INFO: [ route_check ] --END-- [ RunTime:0.000266s ]
INFO: [ app_begin ] --START--
INFO: ReadHtmlCache Behavior ::run [ RunTime:0.000150s ]
INFO: [ app_begin ] --END-- [ RunTime:0.000222s ]
SQL: SHOW COLUMNS FROM `star_passage` [ RunTime:0.000854s ]
SQL: SELECT * FROM `star_passage` ORDER BY convert(title using gb2312) ASC LIMIT 0,5   [ RunTime:0.000132s ]

[ 2015-03-20T23:59:04+08:00 ] 116.210.75.234 /?from=groupmessage&isappinstalled=0
INFO: [ app_begin ] --START--
INFO: ReadHtmlCache Behavior ::run [ RunTime:0.000161s ]
INFO: [ app_begin ] --END-- [ RunTime:0.000281s ]
INFO: [ view_parse ] --START--
INFO: ParseTemplate Behavior ::run [ RunTime:0.004310s ]
INFO: [ view_parse ] --END-- [ RunTime:0.004404s ]
INFO: [ view_filter ] --START--
INFO: ContentReplace Behavior ::run [ RunTime:0.000183s ]
INFO: TokenBuild Behavior ::run [ RunTime:0.000133s ]
INFO: WriteHtmlCache Behavior ::run [ RunTime:0.000085s ]
INFO: ShowRuntime Behavior ::run [ RunTime:0.000164s ]
INFO: [ view_filter ] --END-- [ RunTime:0.000768s ]
INFO: [ view_end ] --START--
INFO: ShowPageTrace Behavior ::run [ RunTime:0.000158s ]
INFO: [ view_end ] --END-- [ RunTime:0.000233s ]

[ 2015-03-20T23:59:04+08:00 ] 116.210.75.234 /Index/Index/broadcast.html
INFO: [ route_check ] --START--
INFO: CheckRoute Behavior ::run [ RunTime:0.000165s ]
INFO: [ route_check ] --END-- [ RunTime:0.000271s ]
INFO: [ app_begin ] --START--
INFO: ReadHtmlCache Behavior ::run [ RunTime:0.000144s ]
INFO: [ app_begin ] --END-- [ RunTime:0.000228s ]
SQL: SHOW COLUMNS FROM `star_blog` [ RunTime:0.000963s ]
SQL: SELECT * FROM `star_blog` ORDER BY id DESC  [ RunTime:0.000219s ]
INFO: [ view_parse ] --START--
INFO: ParseTemplate Behavior ::run [ RunTime:0.003238s ]
INFO: [ view_parse ] --END-- [ RunTime:0.003336s ]
INFO: [ view_filter ] --START--
INFO: ContentReplace Behavior ::run [ RunTime:0.000178s ]
INFO: TokenBuild Behavior ::run [ RunTime:0.000143s ]
INFO: WriteHtmlCache Behavior ::run [ RunTime:0.000086s ]
INFO: ShowRuntime Behavior ::run [ RunTime:0.000156s ]
INFO: [ view_filter ] --END-- [ RunTime:0.000766s ]
INFO: [ view_end ] --START--
INFO: ShowPageTrace Behavior ::run [ RunTime:0.000138s ]
INFO: [ view_end ] --END-- [ RunTime:0.000212s ]

[ 2015-03-20T23:59:05+08:00 ] 116.210.75.234 /Index/Index/blogData
INFO: [ route_check ] --START--
INFO: CheckRoute Behavior ::run [ RunTime:0.000164s ]
INFO: [ route_check ] --END-- [ RunTime:0.000270s ]
INFO: [ app_begin ] --START--
INFO: ReadHtmlCache Behavior ::run [ RunTime:0.000150s ]
INFO: [ app_begin ] --END-- [ RunTime:0.000222s ]
SQL: SHOW COLUMNS FROM `star_blog` [ RunTime:0.000874s ]
SQL: SELECT * FROM `star_blog` ORDER BY convert(username using gb2312) ASC LIMIT 0,8   [ RunTime:0.000228s ]

[ 2015-03-20T23:59:07+08:00 ] 116.210.75.234 /Index/Index/article.html
INFO: [ route_check ] --START--
INFO: CheckRoute Behavior ::run [ RunTime:0.000231s ]
INFO: [ route_check ] --END-- [ RunTime:0.000340s ]
INFO: [ app_begin ] --START--
INFO: ReadHtmlCache Behavior ::run [ RunTime:0.000145s ]
INFO: [ app_begin ] --END-- [ RunTime:0.000232s ]
SQL: SHOW COLUMNS FROM `star_passage` [ RunTime:0.000900s ]
SQL: SELECT * FROM `star_passage` ORDER BY id DESC  [ RunTime:0.000287s ]
INFO: [ view_parse ] --START--
INFO: ParseTemplate Behavior ::run [ RunTime:0.003239s ]
INFO: [ view_parse ] --END-- [ RunTime:0.003337s ]
INFO: [ view_filter ] --START--
INFO: ContentReplace Behavior ::run [ RunTime:0.000178s ]
INFO: TokenBuild Behavior ::run [ RunTime:0.000137s ]
INFO: WriteHtmlCache Behavior ::run [ RunTime:0.000087s ]
INFO: ShowRuntime Behavior ::run [ RunTime:0.000157s ]
INFO: [ view_filter ] --END-- [ RunTime:0.000763s ]
INFO: [ view_end ] --START--
INFO: ShowPageTrace Behavior ::run [ RunTime:0.000140s ]
INFO: [ view_end ] --END-- [ RunTime:0.000214s ]

[ 2015-03-20T23:59:07+08:00 ] 116.210.75.234 /Index/Index/passageData
INFO: [ route_check ] --START--
INFO: CheckRoute Behavior ::run [ RunTime:0.000160s ]
INFO: [ route_check ] --END-- [ RunTime:0.000264s ]
INFO: [ app_begin ] --START--
INFO: ReadHtmlCache Behavior ::run [ RunTime:0.000150s ]
INFO: [ app_begin ] --END-- [ RunTime:0.000222s ]
SQL: SHOW COLUMNS FROM `star_passage` [ RunTime:0.000881s ]
SQL: SELECT * FROM `star_passage` ORDER BY convert(title using gb2312) ASC LIMIT 0,5   [ RunTime:0.000175s ]

[ 2015-03-20T23:59:28+08:00 ] 116.210.75.234 /Index/Index/article.html
INFO: [ route_check ] --START--
INFO: CheckRoute Behavior ::run [ RunTime:0.000170s ]
INFO: [ route_check ] --END-- [ RunTime:0.000277s ]
INFO: [ app_begin ] --START--
INFO: ReadHtmlCache Behavior ::run [ RunTime:0.000147s ]
INFO: [ app_begin ] --END-- [ RunTime:0.000233s ]
SQL: SHOW COLUMNS FROM `star_passage` [ RunTime:0.000922s ]
SQL: SELECT * FROM `star_passage` ORDER BY id DESC  [ RunTime:0.000312s ]
INFO: [ view_parse ] --START--
INFO: ParseTemplate Behavior ::run [ RunTime:0.003297s ]
INFO: [ view_parse ] --END-- [ RunTime:0.003396s ]
INFO: [ view_filter ] --START--
INFO: ContentReplace Behavior ::run [ RunTime:0.000183s ]
INFO: TokenBuild Behavior ::run [ RunTime:0.000154s ]
INFO: WriteHtmlCache Behavior ::run [ RunTime:0.000094s ]
INFO: ShowRuntime Behavior ::run [ RunTime:0.000162s ]
INFO: [ view_filter ] --END-- [ RunTime:0.000800s ]
INFO: [ view_end ] --START--
INFO: ShowPageTrace Behavior ::run [ RunTime:0.000143s ]
INFO: [ view_end ] --END-- [ RunTime:0.000217s ]

[ 2015-03-20T23:59:28+08:00 ] 116.210.75.234 /Index/Index/passageData
INFO: [ route_check ] --START--
INFO: CheckRoute Behavior ::run [ RunTime:0.000166s ]
INFO: [ route_check ] --END-- [ RunTime:0.000273s ]
INFO: [ app_begin ] --START--
INFO: ReadHtmlCache Behavior ::run [ RunTime:0.000154s ]
INFO: [ app_begin ] --END-- [ RunTime:0.000227s ]
SQL: SHOW COLUMNS FROM `star_passage` [ RunTime:0.000855s ]
SQL: SELECT * FROM `star_passage` ORDER BY convert(title using gb2312) ASC LIMIT 0,5   [ RunTime:0.000163s ]

[ 2015-03-20T23:59:41+08:00 ] 116.210.75.234 /Index/Index/passageData
INFO: [ route_check ] --START--
INFO: CheckRoute Behavior ::run [ RunTime:0.000168s ]
INFO: [ route_check ] --END-- [ RunTime:0.000278s ]
INFO: [ app_begin ] --START--
INFO: ReadHtmlCache Behavior ::run [ RunTime:0.000179s ]
INFO: [ app_begin ] --END-- [ RunTime:0.000254s ]
SQL: SHOW COLUMNS FROM `star_passage` [ RunTime:0.000947s ]
SQL: SELECT * FROM `star_passage` ORDER BY convert(title using gb2312) ASC LIMIT 5,5   [ RunTime:0.000225s ]

[ 2015-03-20T23:59:42+08:00 ] 116.210.75.234 /Index/Index/passageData
INFO: [ route_check ] --START--
INFO: CheckRoute Behavior ::run [ RunTime:0.000161s ]
INFO: [ route_check ] --END-- [ RunTime:0.000267s ]
INFO: [ app_begin ] --START--
INFO: ReadHtmlCache Behavior ::run [ RunTime:0.000152s ]
INFO: [ app_begin ] --END-- [ RunTime:0.000224s ]
SQL: SHOW COLUMNS FROM `star_passage` [ RunTime:0.000841s ]
SQL: SELECT * FROM `star_passage` ORDER BY convert(title using gb2312) ASC LIMIT 10,5   [ RunTime:0.000196s ]

[ 2015-03-20T23:59:43+08:00 ] 116.210.75.234 /Index/Index/passageData
INFO: [ route_check ] --START--
INFO: CheckRoute Behavior ::run [ RunTime:0.000246s ]
INFO: [ route_check ] --END-- [ RunTime:0.000404s ]
INFO: [ app_begin ] --START--
INFO: ReadHtmlCache Behavior ::run [ RunTime:0.000168s ]
INFO: [ app_begin ] --END-- [ RunTime:0.000249s ]
SQL: SHOW COLUMNS FROM `star_passage` [ RunTime:0.000955s ]
SQL: SELECT * FROM `star_passage` ORDER BY convert(title using gb2312) ASC LIMIT 15,5   [ RunTime:0.000231s ]

[ 2015-03-20T23:59:47+08:00 ] 116.210.75.234 /Index/Index/passageData
INFO: [ route_check ] --START--
INFO: CheckRoute Behavior ::run [ RunTime:0.000172s ]
INFO: [ route_check ] --END-- [ RunTime:0.000286s ]
INFO: [ app_begin ] --START--
INFO: ReadHtmlCache Behavior ::run [ RunTime:0.000152s ]
INFO: [ app_begin ] --END-- [ RunTime:0.000225s ]
SQL: SHOW COLUMNS FROM `star_passage` [ RunTime:0.000963s ]
SQL: SELECT * FROM `star_passage` ORDER BY convert(title using gb2312) ASC LIMIT 20,5   [ RunTime:0.000200s ]

[ 2015-03-20T23:59:50+08:00 ] 116.210.75.234 /Index/Index/passageData
INFO: [ route_check ] --START--
INFO: CheckRoute Behavior ::run [ RunTime:0.000186s ]
INFO: [ route_check ] --END-- [ RunTime:0.000294s ]
INFO: [ app_begin ] --START--
INFO: ReadHtmlCache Behavior ::run [ RunTime:0.000149s ]
INFO: [ app_begin ] --END-- [ RunTime:0.000220s ]
SQL: SHOW COLUMNS FROM `star_passage` [ RunTime:0.000879s ]
SQL: SELECT * FROM `star_passage` ORDER BY convert(title using gb2312) ASC LIMIT 25,5   [ RunTime:0.000201s ]

[ 2015-03-20T23:59:50+08:00 ] 116.210.75.234 /Index/Index/passageData
INFO: [ route_check ] --START--
INFO: CheckRoute Behavior ::run [ RunTime:0.000145s ]
INFO: [ route_check ] --END-- [ RunTime:0.000241s ]
INFO: [ app_begin ] --START--
INFO: ReadHtmlCache Behavior ::run [ RunTime:0.000136s ]
INFO: [ app_begin ] --END-- [ RunTime:0.000204s ]
SQL: SHOW COLUMNS FROM `star_passage` [ RunTime:0.000914s ]
SQL: SELECT * FROM `star_passage` ORDER BY convert(title using gb2312) ASC LIMIT 30,5   [ RunTime:0.000203s ]

[ 2015-03-20T23:59:52+08:00 ] 116.210.75.234 /Index/Index/passageData
INFO: [ route_check ] --START--
INFO: CheckRoute Behavior ::run [ RunTime:0.000164s ]
INFO: [ route_check ] --END-- [ RunTime:0.000271s ]
INFO: [ app_begin ] --START--
INFO: ReadHtmlCache Behavior ::run [ RunTime:0.000149s ]
INFO: [ app_begin ] --END-- [ RunTime:0.000220s ]
SQL: SHOW COLUMNS FROM `star_passage` [ RunTime:0.009118s ]
SQL: SELECT * FROM `star_passage` ORDER BY convert(title using gb2312) ASC LIMIT 35,5   [ RunTime:0.000203s ]

[ 2015-03-20T23:59:56+08:00 ] 116.210.75.234 /Index/Index/loveArticle
INFO: [ route_check ] --START--
INFO: CheckRoute Behavior ::run [ RunTime:0.000161s ]
INFO: [ route_check ] --END-- [ RunTime:0.000267s ]
INFO: [ app_begin ] --START--
INFO: ReadHtmlCache Behavior ::run [ RunTime:0.000152s ]
INFO: [ app_begin ] --END-- [ RunTime:0.000225s ]
SQL: SHOW COLUMNS FROM `star_ip_list` [ RunTime:0.000855s ]
SQL: SELECT * FROM `star_ip_list` WHERE ( `login_ip` = '116.210.75.234' ) AND ( `date` = '15-03-20' )  [ RunTime:0.003141s ]
SQL: SELECT * FROM `star_ip_list` WHERE ( `login_ip` = '116.210.75.234' ) AND ( `date` = '15-03-20' )  [ RunTime:0.000192s ]

