[ 2015-04-02T08:00:30+08:00 ] 210.47.151.5 /
INFO: [ app_begin ] --START--
INFO: ReadHtmlCache Behavior ::run [ RunTime:0.000181s ]
INFO: [ app_begin ] --END-- [ RunTime:0.000282s ]
INFO: [ view_parse ] --START--
INFO: ParseTemplate Behavior ::run [ RunTime:0.000356s ]
INFO: [ view_parse ] --END-- [ RunTime:0.000439s ]
INFO: [ view_filter ] --START--
NOTIC: [8] Use of undefined constant APP_TMPL_PATH - assumed 'APP_TMPL_PATH' /home/www/vote/ThinkPHP/Lib/Behavior/ContentReplaceBehavior.class.php 第 40 行.
NOTIC: [8] Use of undefined constant APP_TMPL_PATH - assumed 'APP_TMPL_PATH' /home/www/vote/ThinkPHP/Lib/Behavior/ContentReplaceBehavior.class.php 第 47 行.
INFO: ContentReplace Behavior ::run [ RunTime:0.000228s ]
INFO: TokenBuild Behavior ::run [ RunTime:0.000141s ]
INFO: WriteHtmlCache Behavior ::run [ RunTime:0.000096s ]
INFO: ShowRuntime Behavior ::run [ RunTime:0.000164s ]
INFO: [ view_filter ] --END-- [ RunTime:0.000821s ]
INFO: [ view_end ] --START--
INFO: ShowPageTrace Behavior ::run [ RunTime:0.000167s ]
INFO: [ view_end ] --END-- [ RunTime:0.000236s ]

[ 2015-04-02T08:00:31+08:00 ] 210.47.151.5 /
INFO: [ app_begin ] --START--
INFO: ReadHtmlCache Behavior ::run [ RunTime:0.000159s ]
INFO: [ app_begin ] --END-- [ RunTime:0.000259s ]
INFO: [ view_parse ] --START--
INFO: ParseTemplate Behavior ::run [ RunTime:0.000325s ]
INFO: [ view_parse ] --END-- [ RunTime:0.000407s ]
INFO: [ view_filter ] --START--
NOTIC: [8] Use of undefined constant APP_TMPL_PATH - assumed 'APP_TMPL_PATH' /home/www/vote/ThinkPHP/Lib/Behavior/ContentReplaceBehavior.class.php 第 40 行.
NOTIC: [8] Use of undefined constant APP_TMPL_PATH - assumed 'APP_TMPL_PATH' /home/www/vote/ThinkPHP/Lib/Behavior/ContentReplaceBehavior.class.php 第 47 行.
INFO: ContentReplace Behavior ::run [ RunTime:0.000217s ]
INFO: TokenBuild Behavior ::run [ RunTime:0.000133s ]
INFO: WriteHtmlCache Behavior ::run [ RunTime:0.000091s ]
INFO: ShowRuntime Behavior ::run [ RunTime:0.000176s ]
INFO: [ view_filter ] --END-- [ RunTime:0.000810s ]
INFO: [ view_end ] --START--
INFO: ShowPageTrace Behavior ::run [ RunTime:0.000143s ]
INFO: [ view_end ] --END-- [ RunTime:0.000212s ]

[ 2015-04-02T08:59:13+08:00 ] 122.192.32.87 /
INFO: [ app_begin ] --START--
INFO: ReadHtmlCache Behavior ::run [ RunTime:0.000157s ]
INFO: [ app_begin ] --END-- [ RunTime:0.000253s ]
INFO: [ view_parse ] --START--
INFO: ParseTemplate Behavior ::run [ RunTime:0.000337s ]
INFO: [ view_parse ] --END-- [ RunTime:0.000419s ]
INFO: [ view_filter ] --START--
NOTIC: [8] Use of undefined constant APP_TMPL_PATH - assumed 'APP_TMPL_PATH' /home/www/vote/ThinkPHP/Lib/Behavior/ContentReplaceBehavior.class.php 第 40 行.
NOTIC: [8] Use of undefined constant APP_TMPL_PATH - assumed 'APP_TMPL_PATH' /home/www/vote/ThinkPHP/Lib/Behavior/ContentReplaceBehavior.class.php 第 47 行.
INFO: ContentReplace Behavior ::run [ RunTime:0.000227s ]
INFO: TokenBuild Behavior ::run [ RunTime:0.000142s ]
INFO: WriteHtmlCache Behavior ::run [ RunTime:0.000097s ]
INFO: ShowRuntime Behavior ::run [ RunTime:0.000158s ]
INFO: [ view_filter ] --END-- [ RunTime:0.000819s ]
INFO: [ view_end ] --START--
INFO: ShowPageTrace Behavior ::run [ RunTime:0.000148s ]
INFO: [ view_end ] --END-- [ RunTime:0.000216s ]

[ 2015-04-02T09:05:21+08:00 ] 119.147.146.189 /
INFO: [ app_begin ] --START--
INFO: ReadHtmlCache Behavior ::run [ RunTime:0.000165s ]
INFO: [ app_begin ] --END-- [ RunTime:0.000269s ]
INFO: [ view_parse ] --START--
INFO: ParseTemplate Behavior ::run [ RunTime:0.000363s ]
INFO: [ view_parse ] --END-- [ RunTime:0.000445s ]
INFO: [ view_filter ] --START--
NOTIC: [8] Use of undefined constant APP_TMPL_PATH - assumed 'APP_TMPL_PATH' /home/www/vote/ThinkPHP/Lib/Behavior/ContentReplaceBehavior.class.php 第 40 行.
NOTIC: [8] Use of undefined constant APP_TMPL_PATH - assumed 'APP_TMPL_PATH' /home/www/vote/ThinkPHP/Lib/Behavior/ContentReplaceBehavior.class.php 第 47 行.
INFO: ContentReplace Behavior ::run [ RunTime:0.000230s ]
INFO: TokenBuild Behavior ::run [ RunTime:0.000144s ]
INFO: WriteHtmlCache Behavior ::run [ RunTime:0.000100s ]
INFO: ShowRuntime Behavior ::run [ RunTime:0.000161s ]
INFO: [ view_filter ] --END-- [ RunTime:0.000832s ]
INFO: [ view_end ] --START--
INFO: ShowPageTrace Behavior ::run [ RunTime:0.000153s ]
INFO: [ view_end ] --END-- [ RunTime:0.000221s ]

[ 2015-04-02T10:16:38+08:00 ] 10.21.158.201 /
INFO: [ app_begin ] --START--
INFO: ReadHtmlCache Behavior ::run [ RunTime:0.000191s ]
INFO: [ app_begin ] --END-- [ RunTime:0.000312s ]
INFO: [ view_parse ] --START--
INFO: ParseTemplate Behavior ::run [ RunTime:0.000364s ]
INFO: [ view_parse ] --END-- [ RunTime:0.000473s ]
INFO: [ view_filter ] --START--
NOTIC: [8] Use of undefined constant APP_TMPL_PATH - assumed 'APP_TMPL_PATH' /home/www/vote/ThinkPHP/Lib/Behavior/ContentReplaceBehavior.class.php 第 40 行.
NOTIC: [8] Use of undefined constant APP_TMPL_PATH - assumed 'APP_TMPL_PATH' /home/www/vote/ThinkPHP/Lib/Behavior/ContentReplaceBehavior.class.php 第 47 行.
INFO: ContentReplace Behavior ::run [ RunTime:0.000241s ]
INFO: TokenBuild Behavior ::run [ RunTime:0.000148s ]
INFO: WriteHtmlCache Behavior ::run [ RunTime:0.000101s ]
INFO: ShowRuntime Behavior ::run [ RunTime:0.000181s ]
INFO: [ view_filter ] --END-- [ RunTime:0.000874s ]
INFO: [ view_end ] --START--
INFO: ShowPageTrace Behavior ::run [ RunTime:0.000173s ]
INFO: [ view_end ] --END-- [ RunTime:0.000249s ]

[ 2015-04-02T10:27:49+08:00 ] 104.149.77.194 /plus/mytag_js.php
INFO: [ route_check ] --START--
INFO: CheckRoute Behavior ::run [ RunTime:0.000230s ]
INFO: [ route_check ] --END-- [ RunTime:0.000360s ]
INFO: [ app_begin ] --START--
INFO: ReadHtmlCache Behavior ::run [ RunTime:0.000170s ]
INFO: [ app_begin ] --END-- [ RunTime:0.000261s ]
ERR: 无法加载模块:plus

[ 2015-04-02T10:27:52+08:00 ] 104.149.77.194 /plus/erraddsave.php
INFO: [ route_check ] --START--
INFO: CheckRoute Behavior ::run [ RunTime:0.000208s ]
INFO: [ route_check ] --END-- [ RunTime:0.000328s ]
INFO: [ app_begin ] --START--
INFO: ReadHtmlCache Behavior ::run [ RunTime:0.000171s ]
INFO: [ app_begin ] --END-- [ RunTime:0.000258s ]
ERR: 无法加载模块:plus

[ 2015-04-02T10:27:59+08:00 ] 104.149.77.194 /plus/mytag_js.php?aid=511348
INFO: [ route_check ] --START--
INFO: CheckRoute Behavior ::run [ RunTime:0.000209s ]
INFO: [ route_check ] --END-- [ RunTime:0.000332s ]
INFO: [ app_begin ] --START--
INFO: ReadHtmlCache Behavior ::run [ RunTime:0.000170s ]
INFO: [ app_begin ] --END-- [ RunTime:0.000272s ]
ERR: 无法加载模块:plus

[ 2015-04-02T11:43:57+08:00 ] 123.125.71.79 /
INFO: [ app_begin ] --START--
INFO: ReadHtmlCache Behavior ::run [ RunTime:0.000195s ]
INFO: [ app_begin ] --END-- [ RunTime:0.000313s ]
INFO: [ view_parse ] --START--
INFO: ParseTemplate Behavior ::run [ RunTime:0.000358s ]
INFO: [ view_parse ] --END-- [ RunTime:0.000452s ]
INFO: [ view_filter ] --START--
NOTIC: [8] Use of undefined constant APP_TMPL_PATH - assumed 'APP_TMPL_PATH' /home/www/vote/ThinkPHP/Lib/Behavior/ContentReplaceBehavior.class.php 第 40 行.
NOTIC: [8] Use of undefined constant APP_TMPL_PATH - assumed 'APP_TMPL_PATH' /home/www/vote/ThinkPHP/Lib/Behavior/ContentReplaceBehavior.class.php 第 47 行.
INFO: ContentReplace Behavior ::run [ RunTime:0.000243s ]
INFO: TokenBuild Behavior ::run [ RunTime:0.000147s ]
INFO: WriteHtmlCache Behavior ::run [ RunTime:0.000101s ]
INFO: ShowRuntime Behavior ::run [ RunTime:0.000179s ]
INFO: [ view_filter ] --END-- [ RunTime:0.000874s ]
INFO: [ view_end ] --START--
INFO: ShowPageTrace Behavior ::run [ RunTime:0.000173s ]
INFO: [ view_end ] --END-- [ RunTime:0.000247s ]

[ 2015-04-02T11:44:41+08:00 ] 123.125.71.92 /
INFO: [ app_begin ] --START--
INFO: ReadHtmlCache Behavior ::run [ RunTime:0.000187s ]
INFO: [ app_begin ] --END-- [ RunTime:0.000316s ]
INFO: [ view_parse ] --START--
INFO: ParseTemplate Behavior ::run [ RunTime:0.000364s ]
INFO: [ view_parse ] --END-- [ RunTime:0.000455s ]
INFO: [ view_filter ] --START--
NOTIC: [8] Use of undefined constant APP_TMPL_PATH - assumed 'APP_TMPL_PATH' /home/www/vote/ThinkPHP/Lib/Behavior/ContentReplaceBehavior.class.php 第 40 行.
NOTIC: [8] Use of undefined constant APP_TMPL_PATH - assumed 'APP_TMPL_PATH' /home/www/vote/ThinkPHP/Lib/Behavior/ContentReplaceBehavior.class.php 第 47 行.
INFO: ContentReplace Behavior ::run [ RunTime:0.000245s ]
INFO: TokenBuild Behavior ::run [ RunTime:0.000147s ]
INFO: WriteHtmlCache Behavior ::run [ RunTime:0.000099s ]
INFO: ShowRuntime Behavior ::run [ RunTime:0.000174s ]
INFO: [ view_filter ] --END-- [ RunTime:0.000873s ]
INFO: [ view_end ] --START--
INFO: ShowPageTrace Behavior ::run [ RunTime:0.000170s ]
INFO: [ view_end ] --END-- [ RunTime:0.000245s ]

[ 2015-04-02T11:46:23+08:00 ] 220.181.108.103 /
INFO: [ app_begin ] --START--
INFO: ReadHtmlCache Behavior ::run [ RunTime:0.000189s ]
INFO: [ app_begin ] --END-- [ RunTime:0.000308s ]
INFO: [ view_parse ] --START--
INFO: ParseTemplate Behavior ::run [ RunTime:0.000354s ]
INFO: [ view_parse ] --END-- [ RunTime:0.000445s ]
INFO: [ view_filter ] --START--
NOTIC: [8] Use of undefined constant APP_TMPL_PATH - assumed 'APP_TMPL_PATH' /home/www/vote/ThinkPHP/Lib/Behavior/ContentReplaceBehavior.class.php 第 40 行.
NOTIC: [8] Use of undefined constant APP_TMPL_PATH - assumed 'APP_TMPL_PATH' /home/www/vote/ThinkPHP/Lib/Behavior/ContentReplaceBehavior.class.php 第 47 行.
INFO: ContentReplace Behavior ::run [ RunTime:0.000241s ]
INFO: TokenBuild Behavior ::run [ RunTime:0.000148s ]
INFO: WriteHtmlCache Behavior ::run [ RunTime:0.000124s ]
INFO: ShowRuntime Behavior ::run [ RunTime:0.000173s ]
INFO: [ view_filter ] --END-- [ RunTime:0.000887s ]
INFO: [ view_end ] --START--
INFO: ShowPageTrace Behavior ::run [ RunTime:0.000170s ]
INFO: [ view_end ] --END-- [ RunTime:0.000244s ]

[ 2015-04-02T11:47:09+08:00 ] 220.181.108.85 /
INFO: [ app_begin ] --START--
INFO: ReadHtmlCache Behavior ::run [ RunTime:0.000170s ]
INFO: [ app_begin ] --END-- [ RunTime:0.000291s ]
INFO: [ view_parse ] --START--
INFO: ParseTemplate Behavior ::run [ RunTime:0.000335s ]
INFO: [ view_parse ] --END-- [ RunTime:0.000428s ]
INFO: [ view_filter ] --START--
NOTIC: [8] Use of undefined constant APP_TMPL_PATH - assumed 'APP_TMPL_PATH' /home/www/vote/ThinkPHP/Lib/Behavior/ContentReplaceBehavior.class.php 第 40 行.
NOTIC: [8] Use of undefined constant APP_TMPL_PATH - assumed 'APP_TMPL_PATH' /home/www/vote/ThinkPHP/Lib/Behavior/ContentReplaceBehavior.class.php 第 47 行.
INFO: ContentReplace Behavior ::run [ RunTime:0.000232s ]
INFO: TokenBuild Behavior ::run [ RunTime:0.000138s ]
INFO: WriteHtmlCache Behavior ::run [ RunTime:0.000093s ]
INFO: ShowRuntime Behavior ::run [ RunTime:0.000160s ]
INFO: [ view_filter ] --END-- [ RunTime:0.000826s ]
INFO: [ view_end ] --START--
INFO: ShowPageTrace Behavior ::run [ RunTime:0.000151s ]
INFO: [ view_end ] --END-- [ RunTime:0.000225s ]

[ 2015-04-02T13:47:59+08:00 ] 39.173.49.24 /Index/Index/broadcast.html
INFO: [ route_check ] --START--
INFO: CheckRoute Behavior ::run [ RunTime:0.000219s ]
INFO: [ route_check ] --END-- [ RunTime:0.000352s ]
INFO: [ app_begin ] --START--
INFO: ReadHtmlCache Behavior ::run [ RunTime:0.000175s ]
INFO: [ app_begin ] --END-- [ RunTime:0.000258s ]
SQL: SHOW COLUMNS FROM `star_blog` [ RunTime:0.000974s ]
SQL: SELECT * FROM `star_blog` ORDER BY id DESC  [ RunTime:0.000600s ]
INFO: [ view_parse ] --START--
INFO: ParseTemplate Behavior ::run [ RunTime:0.004706s ]
INFO: [ view_parse ] --END-- [ RunTime:0.004804s ]
INFO: [ view_filter ] --START--
INFO: ContentReplace Behavior ::run [ RunTime:0.000216s ]
INFO: TokenBuild Behavior ::run [ RunTime:0.000154s ]
INFO: WriteHtmlCache Behavior ::run [ RunTime:0.000107s ]
INFO: ShowRuntime Behavior ::run [ RunTime:0.000181s ]
INFO: [ view_filter ] --END-- [ RunTime:0.000863s ]
INFO: [ view_end ] --START--
INFO: ShowPageTrace Behavior ::run [ RunTime:0.000171s ]
INFO: [ view_end ] --END-- [ RunTime:0.000247s ]

[ 2015-04-02T13:48:00+08:00 ] 39.173.49.24 /Index/Index/blogData
INFO: [ route_check ] --START--
INFO: CheckRoute Behavior ::run [ RunTime:0.000189s ]
INFO: [ route_check ] --END-- [ RunTime:0.000288s ]
INFO: [ app_begin ] --START--
INFO: ReadHtmlCache Behavior ::run [ RunTime:0.000164s ]
INFO: [ app_begin ] --END-- [ RunTime:0.000235s ]
SQL: SHOW COLUMNS FROM `star_blog` [ RunTime:0.000870s ]
SQL: SELECT * FROM `star_blog` ORDER BY convert(username using gb2312) ASC LIMIT 0,8   [ RunTime:0.000488s ]

[ 2015-04-02T13:48:01+08:00 ] 39.173.49.24 /Index/Index/blogData
INFO: [ route_check ] --START--
INFO: CheckRoute Behavior ::run [ RunTime:0.000209s ]
INFO: [ route_check ] --END-- [ RunTime:0.000328s ]
INFO: [ app_begin ] --START--
INFO: ReadHtmlCache Behavior ::run [ RunTime:0.000169s ]
INFO: [ app_begin ] --END-- [ RunTime:0.000250s ]
SQL: SHOW COLUMNS FROM `star_blog` [ RunTime:0.000927s ]
SQL: SELECT * FROM `star_blog` ORDER BY convert(username using gb2312) ASC LIMIT 8,8   [ RunTime:0.000523s ]

[ 2015-04-02T13:48:03+08:00 ] 39.173.49.24 /Index/Index/blogData
INFO: [ route_check ] --START--
INFO: CheckRoute Behavior ::run [ RunTime:0.000150s ]
INFO: [ route_check ] --END-- [ RunTime:0.000248s ]
INFO: [ app_begin ] --START--
INFO: ReadHtmlCache Behavior ::run [ RunTime:0.000138s ]
INFO: [ app_begin ] --END-- [ RunTime:0.000207s ]
SQL: SHOW COLUMNS FROM `star_blog` [ RunTime:0.000934s ]
SQL: SELECT * FROM `star_blog` ORDER BY convert(username using gb2312) ASC LIMIT 16,8   [ RunTime:0.000535s ]

[ 2015-04-02T13:48:03+08:00 ] 39.173.49.24 /Index/Index/blogData
INFO: [ route_check ] --START--
INFO: CheckRoute Behavior ::run [ RunTime:0.000155s ]
INFO: [ route_check ] --END-- [ RunTime:0.000251s ]
INFO: [ app_begin ] --START--
INFO: ReadHtmlCache Behavior ::run [ RunTime:0.000146s ]
INFO: [ app_begin ] --END-- [ RunTime:0.000214s ]
SQL: SHOW COLUMNS FROM `star_blog` [ RunTime:0.000913s ]
SQL: SELECT * FROM `star_blog` ORDER BY convert(username using gb2312) ASC LIMIT 24,8   [ RunTime:0.000609s ]

[ 2015-04-02T13:48:05+08:00 ] 39.173.49.24 /Index/Index/blogData
INFO: [ route_check ] --START--
INFO: CheckRoute Behavior ::run [ RunTime:0.000163s ]
INFO: [ route_check ] --END-- [ RunTime:0.000272s ]
INFO: [ app_begin ] --START--
INFO: ReadHtmlCache Behavior ::run [ RunTime:0.000147s ]
INFO: [ app_begin ] --END-- [ RunTime:0.000228s ]
SQL: SHOW COLUMNS FROM `star_blog` [ RunTime:0.000920s ]
SQL: SELECT * FROM `star_blog` ORDER BY convert(username using gb2312) ASC LIMIT 32,8   [ RunTime:0.000558s ]

[ 2015-04-02T13:48:06+08:00 ] 39.173.49.24 /Index/Index/blogData
INFO: [ route_check ] --START--
INFO: CheckRoute Behavior ::run [ RunTime:0.000156s ]
INFO: [ route_check ] --END-- [ RunTime:0.000263s ]
INFO: [ app_begin ] --START--
INFO: ReadHtmlCache Behavior ::run [ RunTime:0.000161s ]
INFO: [ app_begin ] --END-- [ RunTime:0.000230s ]
SQL: SHOW COLUMNS FROM `star_blog` [ RunTime:0.000998s ]
SQL: SELECT * FROM `star_blog` ORDER BY convert(username using gb2312) ASC LIMIT 40,8   [ RunTime:0.000598s ]

[ 2015-04-02T13:48:16+08:00 ] 39.173.49.24 /Index/Index/loveBlog
INFO: [ route_check ] --START--
INFO: CheckRoute Behavior ::run [ RunTime:0.000176s ]
INFO: [ route_check ] --END-- [ RunTime:0.000286s ]
INFO: [ app_begin ] --START--
INFO: ReadHtmlCache Behavior ::run [ RunTime:0.000149s ]
INFO: [ app_begin ] --END-- [ RunTime:0.000227s ]
SQL: SHOW COLUMNS FROM `star_ip_list` [ RunTime:0.000937s ]
SQL: SELECT * FROM `star_ip_list` WHERE ( `login_ip` = '39.173.49.24' ) AND ( `date` = '15-04-02' )  [ RunTime:0.003649s ]
SQL: INSERT INTO `star_ip_list` (`login_ip`,`date`) VALUES ('39.173.49.24','15-04-02') [ RunTime:0.000360s ]
SQL: SELECT * FROM `star_ip_list` WHERE ( `login_ip` = '39.173.49.24' ) AND ( `date` = '15-04-02' )  [ RunTime:0.003607s ]
SQL: UPDATE `star_ip_list` SET `times`=times+1 WHERE ( `login_ip` = '39.173.49.24' ) AND ( `date` = '15-04-02' ) [ RunTime:0.018813s ]
SQL: SHOW COLUMNS FROM `star_blog` [ RunTime:0.000870s ]
SQL: UPDATE `star_blog` SET `vote_number`=vote_number+1 WHERE ( `id` = 28 ) [ RunTime:0.000435s ]

[ 2015-04-02T13:48:19+08:00 ] 39.173.49.24 /Index/Index/loveBlog
INFO: [ route_check ] --START--
INFO: CheckRoute Behavior ::run [ RunTime:0.000163s ]
INFO: [ route_check ] --END-- [ RunTime:0.000266s ]
INFO: [ app_begin ] --START--
INFO: ReadHtmlCache Behavior ::run [ RunTime:0.000146s ]
INFO: [ app_begin ] --END-- [ RunTime:0.000215s ]
SQL: SHOW COLUMNS FROM `star_ip_list` [ RunTime:0.000980s ]
SQL: SELECT * FROM `star_ip_list` WHERE ( `login_ip` = '39.173.49.24' ) AND ( `date` = '15-04-02' )  [ RunTime:0.003647s ]
SQL: SELECT * FROM `star_ip_list` WHERE ( `login_ip` = '39.173.49.24' ) AND ( `date` = '15-04-02' )  [ RunTime:0.000194s ]
SQL: UPDATE `star_ip_list` SET `times`=times+1 WHERE ( `login_ip` = '39.173.49.24' ) AND ( `date` = '15-04-02' ) [ RunTime:0.018819s ]
SQL: SHOW COLUMNS FROM `star_blog` [ RunTime:0.000852s ]
SQL: UPDATE `star_blog` SET `vote_number`=vote_number+1 WHERE ( `id` = 28 ) [ RunTime:0.000370s ]

[ 2015-04-02T13:48:21+08:00 ] 39.173.49.24 /Index/Index/loveBlog
INFO: [ route_check ] --START--
INFO: CheckRoute Behavior ::run [ RunTime:0.000166s ]
INFO: [ route_check ] --END-- [ RunTime:0.000274s ]
INFO: [ app_begin ] --START--
INFO: ReadHtmlCache Behavior ::run [ RunTime:0.000146s ]
INFO: [ app_begin ] --END-- [ RunTime:0.000227s ]
SQL: SHOW COLUMNS FROM `star_ip_list` [ RunTime:0.000929s ]
SQL: SELECT * FROM `star_ip_list` WHERE ( `login_ip` = '39.173.49.24' ) AND ( `date` = '15-04-02' )  [ RunTime:0.003617s ]
SQL: SELECT * FROM `star_ip_list` WHERE ( `login_ip` = '39.173.49.24' ) AND ( `date` = '15-04-02' )  [ RunTime:0.000209s ]
SQL: UPDATE `star_ip_list` SET `times`=times+1 WHERE ( `login_ip` = '39.173.49.24' ) AND ( `date` = '15-04-02' ) [ RunTime:0.018841s ]
SQL: SHOW COLUMNS FROM `star_blog` [ RunTime:0.010001s ]
SQL: UPDATE `star_blog` SET `vote_number`=vote_number+1 WHERE ( `id` = 28 ) [ RunTime:0.000361s ]

[ 2015-04-02T13:48:23+08:00 ] 39.173.49.24 /Index/Index/loveBlog
INFO: [ route_check ] --START--
INFO: CheckRoute Behavior ::run [ RunTime:0.000158s ]
INFO: [ route_check ] --END-- [ RunTime:0.000262s ]
INFO: [ app_begin ] --START--
INFO: ReadHtmlCache Behavior ::run [ RunTime:0.000146s ]
INFO: [ app_begin ] --END-- [ RunTime:0.000215s ]
SQL: SHOW COLUMNS FROM `star_ip_list` [ RunTime:0.000940s ]
SQL: SELECT * FROM `star_ip_list` WHERE ( `login_ip` = '39.173.49.24' ) AND ( `date` = '15-04-02' )  [ RunTime:0.003651s ]
SQL: SELECT * FROM `star_ip_list` WHERE ( `login_ip` = '39.173.49.24' ) AND ( `date` = '15-04-02' )  [ RunTime:0.000195s ]

[ 2015-04-02T15:00:05+08:00 ] 119.6.78.201 /
INFO: [ app_begin ] --START--
INFO: ReadHtmlCache Behavior ::run [ RunTime:0.000178s ]
INFO: [ app_begin ] --END-- [ RunTime:0.000287s ]
INFO: [ view_parse ] --START--
INFO: ParseTemplate Behavior ::run [ RunTime:0.000362s ]
INFO: [ view_parse ] --END-- [ RunTime:0.000446s ]
INFO: [ view_filter ] --START--
NOTIC: [8] Use of undefined constant APP_TMPL_PATH - assumed 'APP_TMPL_PATH' /home/www/vote/ThinkPHP/Lib/Behavior/ContentReplaceBehavior.class.php 第 40 行.
NOTIC: [8] Use of undefined constant APP_TMPL_PATH - assumed 'APP_TMPL_PATH' /home/www/vote/ThinkPHP/Lib/Behavior/ContentReplaceBehavior.class.php 第 47 行.
INFO: ContentReplace Behavior ::run [ RunTime:0.000232s ]
INFO: TokenBuild Behavior ::run [ RunTime:0.000141s ]
INFO: WriteHtmlCache Behavior ::run [ RunTime:0.000096s ]
INFO: ShowRuntime Behavior ::run [ RunTime:0.000164s ]
INFO: [ view_filter ] --END-- [ RunTime:0.000825s ]
INFO: [ view_end ] --START--
INFO: ShowPageTrace Behavior ::run [ RunTime:0.000163s ]
INFO: [ view_end ] --END-- [ RunTime:0.000232s ]

[ 2015-04-02T15:05:22+08:00 ] 222.197.176.173 /
INFO: [ app_begin ] --START--
INFO: ReadHtmlCache Behavior ::run [ RunTime:0.000187s ]
INFO: [ app_begin ] --END-- [ RunTime:0.000327s ]
INFO: [ view_parse ] --START--
INFO: ParseTemplate Behavior ::run [ RunTime:0.000366s ]
INFO: [ view_parse ] --END-- [ RunTime:0.000458s ]
INFO: [ view_filter ] --START--
NOTIC: [8] Use of undefined constant APP_TMPL_PATH - assumed 'APP_TMPL_PATH' /home/www/vote/ThinkPHP/Lib/Behavior/ContentReplaceBehavior.class.php 第 40 行.
NOTIC: [8] Use of undefined constant APP_TMPL_PATH - assumed 'APP_TMPL_PATH' /home/www/vote/ThinkPHP/Lib/Behavior/ContentReplaceBehavior.class.php 第 47 行.
INFO: ContentReplace Behavior ::run [ RunTime:0.000243s ]
INFO: TokenBuild Behavior ::run [ RunTime:0.000145s ]
INFO: WriteHtmlCache Behavior ::run [ RunTime:0.000100s ]
INFO: ShowRuntime Behavior ::run [ RunTime:0.000184s ]
INFO: [ view_filter ] --END-- [ RunTime:0.000874s ]
INFO: [ view_end ] --START--
INFO: ShowPageTrace Behavior ::run [ RunTime:0.000165s ]
INFO: [ view_end ] --END-- [ RunTime:0.000238s ]

[ 2015-04-02T15:05:22+08:00 ] 222.197.176.173 /
INFO: [ app_begin ] --START--
INFO: ReadHtmlCache Behavior ::run [ RunTime:0.000173s ]
INFO: [ app_begin ] --END-- [ RunTime:0.000268s ]
INFO: [ view_parse ] --START--
INFO: ParseTemplate Behavior ::run [ RunTime:0.000346s ]
INFO: [ view_parse ] --END-- [ RunTime:0.000428s ]
INFO: [ view_filter ] --START--
NOTIC: [8] Use of undefined constant APP_TMPL_PATH - assumed 'APP_TMPL_PATH' /home/www/vote/ThinkPHP/Lib/Behavior/ContentReplaceBehavior.class.php 第 40 行.
NOTIC: [8] Use of undefined constant APP_TMPL_PATH - assumed 'APP_TMPL_PATH' /home/www/vote/ThinkPHP/Lib/Behavior/ContentReplaceBehavior.class.php 第 47 行.
INFO: ContentReplace Behavior ::run [ RunTime:0.000228s ]
INFO: TokenBuild Behavior ::run [ RunTime:0.000142s ]
INFO: WriteHtmlCache Behavior ::run [ RunTime:0.000096s ]
INFO: ShowRuntime Behavior ::run [ RunTime:0.000162s ]
INFO: [ view_filter ] --END-- [ RunTime:0.000821s ]
INFO: [ view_end ] --START--
INFO: ShowPageTrace Behavior ::run [ RunTime:0.000151s ]
INFO: [ view_end ] --END-- [ RunTime:0.000220s ]

[ 2015-04-02T17:08:55+08:00 ] 66.249.65.196 /robots.txt
INFO: [ route_check ] --START--
INFO: CheckRoute Behavior ::run [ RunTime:0.000213s ]
INFO: [ route_check ] --END-- [ RunTime:0.000345s ]
INFO: [ app_begin ] --START--
INFO: ReadHtmlCache Behavior ::run [ RunTime:0.000171s ]
INFO: [ app_begin ] --END-- [ RunTime:0.000255s ]
NOTIC: [8] Undefined variable: group /home/www/vote/ThinkPHP/Lib/Core/App.class.php 第 102 行.
ERR: 无法加载模块:robots.txt

[ 2015-04-02T17:08:55+08:00 ] 66.249.65.192 /
INFO: [ app_begin ] --START--
INFO: ReadHtmlCache Behavior ::run [ RunTime:0.000173s ]
INFO: [ app_begin ] --END-- [ RunTime:0.000268s ]
INFO: [ view_parse ] --START--
INFO: ParseTemplate Behavior ::run [ RunTime:0.000351s ]
INFO: [ view_parse ] --END-- [ RunTime:0.000435s ]
INFO: [ view_filter ] --START--
NOTIC: [8] Use of undefined constant APP_TMPL_PATH - assumed 'APP_TMPL_PATH' /home/www/vote/ThinkPHP/Lib/Behavior/ContentReplaceBehavior.class.php 第 40 行.
NOTIC: [8] Use of undefined constant APP_TMPL_PATH - assumed 'APP_TMPL_PATH' /home/www/vote/ThinkPHP/Lib/Behavior/ContentReplaceBehavior.class.php 第 47 行.
INFO: ContentReplace Behavior ::run [ RunTime:0.000230s ]
INFO: TokenBuild Behavior ::run [ RunTime:0.000141s ]
INFO: WriteHtmlCache Behavior ::run [ RunTime:0.000096s ]
INFO: ShowRuntime Behavior ::run [ RunTime:0.000168s ]
INFO: [ view_filter ] --END-- [ RunTime:0.000828s ]
INFO: [ view_end ] --START--
INFO: ShowPageTrace Behavior ::run [ RunTime:0.000168s ]
INFO: [ view_end ] --END-- [ RunTime:0.000236s ]

[ 2015-04-02T17:16:11+08:00 ] 42.49.81.140 /
INFO: [ app_begin ] --START--
INFO: ReadHtmlCache Behavior ::run [ RunTime:0.000185s ]
INFO: [ app_begin ] --END-- [ RunTime:0.000408s ]
INFO: [ view_parse ] --START--
INFO: ParseTemplate Behavior ::run [ RunTime:0.000362s ]
INFO: [ view_parse ] --END-- [ RunTime:0.000453s ]
INFO: [ view_filter ] --START--
NOTIC: [8] Use of undefined constant APP_TMPL_PATH - assumed 'APP_TMPL_PATH' /home/www/vote/ThinkPHP/Lib/Behavior/ContentReplaceBehavior.class.php 第 40 行.
NOTIC: [8] Use of undefined constant APP_TMPL_PATH - assumed 'APP_TMPL_PATH' /home/www/vote/ThinkPHP/Lib/Behavior/ContentReplaceBehavior.class.php 第 47 行.
INFO: ContentReplace Behavior ::run [ RunTime:0.000241s ]
INFO: TokenBuild Behavior ::run [ RunTime:0.000146s ]
INFO: WriteHtmlCache Behavior ::run [ RunTime:0.000103s ]
INFO: ShowRuntime Behavior ::run [ RunTime:0.000178s ]
INFO: [ view_filter ] --END-- [ RunTime:0.000869s ]
INFO: [ view_end ] --START--
INFO: ShowPageTrace Behavior ::run [ RunTime:0.000170s ]
INFO: [ view_end ] --END-- [ RunTime:0.000242s ]

[ 2015-04-02T17:16:11+08:00 ] 42.49.81.140 /
INFO: [ app_begin ] --START--
INFO: ReadHtmlCache Behavior ::run [ RunTime:0.000188s ]
INFO: [ app_begin ] --END-- [ RunTime:0.000298s ]
INFO: [ view_parse ] --START--
INFO: ParseTemplate Behavior ::run [ RunTime:0.000360s ]
INFO: [ view_parse ] --END-- [ RunTime:0.000451s ]
INFO: [ view_filter ] --START--
NOTIC: [8] Use of undefined constant APP_TMPL_PATH - assumed 'APP_TMPL_PATH' /home/www/vote/ThinkPHP/Lib/Behavior/ContentReplaceBehavior.class.php 第 40 行.
NOTIC: [8] Use of undefined constant APP_TMPL_PATH - assumed 'APP_TMPL_PATH' /home/www/vote/ThinkPHP/Lib/Behavior/ContentReplaceBehavior.class.php 第 47 行.
INFO: ContentReplace Behavior ::run [ RunTime:0.000235s ]
INFO: TokenBuild Behavior ::run [ RunTime:0.000141s ]
INFO: WriteHtmlCache Behavior ::run [ RunTime:0.000101s ]
INFO: ShowRuntime Behavior ::run [ RunTime:0.000194s ]
INFO: [ view_filter ] --END-- [ RunTime:0.000873s ]
INFO: [ view_end ] --START--
INFO: ShowPageTrace Behavior ::run [ RunTime:0.000167s ]
INFO: [ view_end ] --END-- [ RunTime:0.000239s ]

[ 2015-04-02T17:53:25+08:00 ] 121.49.92.252 /Index/Index/broadcast.html
INFO: [ route_check ] --START--
INFO: CheckRoute Behavior ::run [ RunTime:0.000213s ]
INFO: [ route_check ] --END-- [ RunTime:0.000330s ]
INFO: [ app_begin ] --START--
INFO: ReadHtmlCache Behavior ::run [ RunTime:0.000173s ]
INFO: [ app_begin ] --END-- [ RunTime:0.000257s ]
SQL: SHOW COLUMNS FROM `star_blog` [ RunTime:0.000971s ]
SQL: SELECT * FROM `star_blog` ORDER BY id DESC  [ RunTime:0.000536s ]
INFO: [ view_parse ] --START--
INFO: ParseTemplate Behavior ::run [ RunTime:0.003646s ]
INFO: [ view_parse ] --END-- [ RunTime:0.003739s ]
INFO: [ view_filter ] --START--
INFO: ContentReplace Behavior ::run [ RunTime:0.000197s ]
INFO: TokenBuild Behavior ::run [ RunTime:0.000158s ]
INFO: WriteHtmlCache Behavior ::run [ RunTime:0.000105s ]
INFO: ShowRuntime Behavior ::run [ RunTime:0.000174s ]
INFO: [ view_filter ] --END-- [ RunTime:0.000840s ]
INFO: [ view_end ] --START--
INFO: ShowPageTrace Behavior ::run [ RunTime:0.000177s ]
INFO: [ view_end ] --END-- [ RunTime:0.000252s ]

[ 2015-04-02T17:53:25+08:00 ] 121.49.92.252 /Index/Index/blogData
INFO: [ route_check ] --START--
INFO: CheckRoute Behavior ::run [ RunTime:0.000199s ]
INFO: [ route_check ] --END-- [ RunTime:0.000311s ]
INFO: [ app_begin ] --START--
INFO: ReadHtmlCache Behavior ::run [ RunTime:0.000171s ]
INFO: [ app_begin ] --END-- [ RunTime:0.000246s ]
SQL: SHOW COLUMNS FROM `star_blog` [ RunTime:0.000929s ]
SQL: SELECT * FROM `star_blog` ORDER BY convert(username using gb2312) ASC LIMIT 0,8   [ RunTime:0.000490s ]

[ 2015-04-02T17:53:27+08:00 ] 121.49.92.252 /Index/Index/blogData
INFO: [ route_check ] --START--
INFO: CheckRoute Behavior ::run [ RunTime:0.000165s ]
INFO: [ route_check ] --END-- [ RunTime:0.000270s ]
INFO: [ app_begin ] --START--
INFO: ReadHtmlCache Behavior ::run [ RunTime:0.000148s ]
INFO: [ app_begin ] --END-- [ RunTime:0.000218s ]
SQL: SHOW COLUMNS FROM `star_blog` [ RunTime:0.000940s ]
SQL: SELECT * FROM `star_blog` ORDER BY convert(username using gb2312) ASC LIMIT 8,8   [ RunTime:0.000534s ]

[ 2015-04-02T17:53:28+08:00 ] 121.49.92.252 /Index/Index/blogData
INFO: [ route_check ] --START--
INFO: CheckRoute Behavior ::run [ RunTime:0.000169s ]
INFO: [ route_check ] --END-- [ RunTime:0.000277s ]
INFO: [ app_begin ] --START--
INFO: ReadHtmlCache Behavior ::run [ RunTime:0.000151s ]
INFO: [ app_begin ] --END-- [ RunTime:0.000227s ]
SQL: SHOW COLUMNS FROM `star_blog` [ RunTime:0.000846s ]
SQL: SELECT * FROM `star_blog` ORDER BY convert(username using gb2312) ASC LIMIT 16,8   [ RunTime:0.000532s ]

[ 2015-04-02T17:53:30+08:00 ] 121.49.92.252 /Index/Index/blogData
INFO: [ route_check ] --START--
INFO: CheckRoute Behavior ::run [ RunTime:0.000204s ]
INFO: [ route_check ] --END-- [ RunTime:0.000312s ]
INFO: [ app_begin ] --START--
INFO: ReadHtmlCache Behavior ::run [ RunTime:0.000173s ]
INFO: [ app_begin ] --END-- [ RunTime:0.000249s ]
SQL: SHOW COLUMNS FROM `star_blog` [ RunTime:0.008894s ]
SQL: SELECT * FROM `star_blog` ORDER BY convert(username using gb2312) ASC LIMIT 24,8   [ RunTime:0.000603s ]

[ 2015-04-02T17:53:31+08:00 ] 121.49.92.252 /Index/Index/blogData
INFO: [ route_check ] --START--
INFO: CheckRoute Behavior ::run [ RunTime:0.000162s ]
INFO: [ route_check ] --END-- [ RunTime:0.000264s ]
INFO: [ app_begin ] --START--
INFO: ReadHtmlCache Behavior ::run [ RunTime:0.000149s ]
INFO: [ app_begin ] --END-- [ RunTime:0.000218s ]
SQL: SHOW COLUMNS FROM `star_blog` [ RunTime:0.000977s ]
SQL: SELECT * FROM `star_blog` ORDER BY convert(username using gb2312) ASC LIMIT 32,8   [ RunTime:0.000515s ]

[ 2015-04-02T17:53:32+08:00 ] 121.49.92.252 /Index/Index/blogData
INFO: [ route_check ] --START--
INFO: CheckRoute Behavior ::run [ RunTime:0.000164s ]
INFO: [ route_check ] --END-- [ RunTime:0.000270s ]
INFO: [ app_begin ] --START--
INFO: ReadHtmlCache Behavior ::run [ RunTime:0.000148s ]
INFO: [ app_begin ] --END-- [ RunTime:0.000217s ]
SQL: SHOW COLUMNS FROM `star_blog` [ RunTime:0.000998s ]
SQL: SELECT * FROM `star_blog` ORDER BY convert(username using gb2312) ASC LIMIT 40,8   [ RunTime:0.000499s ]

[ 2015-04-02T17:53:35+08:00 ] 121.49.92.252 /Index/Index/loveBlog
INFO: [ route_check ] --START--
INFO: CheckRoute Behavior ::run [ RunTime:0.000166s ]
INFO: [ route_check ] --END-- [ RunTime:0.000270s ]
INFO: [ app_begin ] --START--
INFO: ReadHtmlCache Behavior ::run [ RunTime:0.000148s ]
INFO: [ app_begin ] --END-- [ RunTime:0.000217s ]
SQL: SHOW COLUMNS FROM `star_ip_list` [ RunTime:0.008511s ]
SQL: SELECT * FROM `star_ip_list` WHERE ( `login_ip` = '121.49.92.252' ) AND ( `date` = '15-04-02' )  [ RunTime:0.003859s ]
SQL: INSERT INTO `star_ip_list` (`login_ip`,`date`) VALUES ('121.49.92.252','15-04-02') [ RunTime:0.000320s ]
SQL: SELECT * FROM `star_ip_list` WHERE ( `login_ip` = '121.49.92.252' ) AND ( `date` = '15-04-02' )  [ RunTime:0.003723s ]
SQL: UPDATE `star_ip_list` SET `times`=times+1 WHERE ( `login_ip` = '121.49.92.252' ) AND ( `date` = '15-04-02' ) [ RunTime:0.019010s ]
SQL: SHOW COLUMNS FROM `star_blog` [ RunTime:0.000863s ]
SQL: UPDATE `star_blog` SET `vote_number`=vote_number+1 WHERE ( `id` = 28 ) [ RunTime:0.000359s ]

[ 2015-04-02T17:53:38+08:00 ] 121.49.92.252 /Index/Index/loveBlog
INFO: [ route_check ] --START--
INFO: CheckRoute Behavior ::run [ RunTime:0.000162s ]
INFO: [ route_check ] --END-- [ RunTime:0.000262s ]
INFO: [ app_begin ] --START--
INFO: ReadHtmlCache Behavior ::run [ RunTime:0.000149s ]
INFO: [ app_begin ] --END-- [ RunTime:0.000218s ]
SQL: SHOW COLUMNS FROM `star_ip_list` [ RunTime:0.000967s ]
SQL: SELECT * FROM `star_ip_list` WHERE ( `login_ip` = '121.49.92.252' ) AND ( `date` = '15-04-02' )  [ RunTime:0.003855s ]
SQL: SELECT * FROM `star_ip_list` WHERE ( `login_ip` = '121.49.92.252' ) AND ( `date` = '15-04-02' )  [ RunTime:0.000179s ]
SQL: UPDATE `star_ip_list` SET `times`=times+1 WHERE ( `login_ip` = '121.49.92.252' ) AND ( `date` = '15-04-02' ) [ RunTime:0.018967s ]
SQL: SHOW COLUMNS FROM `star_blog` [ RunTime:0.000856s ]
SQL: UPDATE `star_blog` SET `vote_number`=vote_number+1 WHERE ( `id` = 4 ) [ RunTime:0.000343s ]

[ 2015-04-02T17:53:42+08:00 ] 121.49.92.252 /Index/Index/loveBlog
INFO: [ route_check ] --START--
INFO: CheckRoute Behavior ::run [ RunTime:0.000171s ]
INFO: [ route_check ] --END-- [ RunTime:0.000277s ]
INFO: [ app_begin ] --START--
INFO: ReadHtmlCache Behavior ::run [ RunTime:0.000149s ]
INFO: [ app_begin ] --END-- [ RunTime:0.000227s ]
SQL: SHOW COLUMNS FROM `star_ip_list` [ RunTime:0.000942s ]
SQL: SELECT * FROM `star_ip_list` WHERE ( `login_ip` = '121.49.92.252' ) AND ( `date` = '15-04-02' )  [ RunTime:0.003826s ]
SQL: SELECT * FROM `star_ip_list` WHERE ( `login_ip` = '121.49.92.252' ) AND ( `date` = '15-04-02' )  [ RunTime:0.000237s ]
SQL: UPDATE `star_ip_list` SET `times`=times+1 WHERE ( `login_ip` = '121.49.92.252' ) AND ( `date` = '15-04-02' ) [ RunTime:0.018917s ]
SQL: SHOW COLUMNS FROM `star_blog` [ RunTime:0.000823s ]
SQL: UPDATE `star_blog` SET `vote_number`=vote_number+1 WHERE ( `id` = 10 ) [ RunTime:0.000329s ]

[ 2015-04-02T17:53:44+08:00 ] 121.49.92.252 /Index/Index/loveBlog
INFO: [ route_check ] --START--
INFO: CheckRoute Behavior ::run [ RunTime:0.000166s ]
INFO: [ route_check ] --END-- [ RunTime:0.000272s ]
INFO: [ app_begin ] --START--
INFO: ReadHtmlCache Behavior ::run [ RunTime:0.000150s ]
INFO: [ app_begin ] --END-- [ RunTime:0.000219s ]
SQL: SHOW COLUMNS FROM `star_ip_list` [ RunTime:0.000992s ]
SQL: SELECT * FROM `star_ip_list` WHERE ( `login_ip` = '121.49.92.252' ) AND ( `date` = '15-04-02' )  [ RunTime:0.003874s ]
SQL: SELECT * FROM `star_ip_list` WHERE ( `login_ip` = '121.49.92.252' ) AND ( `date` = '15-04-02' )  [ RunTime:0.000190s ]

[ 2015-04-02T18:11:02+08:00 ] 118.244.136.42 /
INFO: [ app_begin ] --START--
INFO: ReadHtmlCache Behavior ::run [ RunTime:0.000193s ]
INFO: [ app_begin ] --END-- [ RunTime:0.000319s ]
INFO: [ view_parse ] --START--
INFO: ParseTemplate Behavior ::run [ RunTime:0.000372s ]
INFO: [ view_parse ] --END-- [ RunTime:0.000464s ]
INFO: [ view_filter ] --START--
NOTIC: [8] Use of undefined constant APP_TMPL_PATH - assumed 'APP_TMPL_PATH' /home/www/vote/ThinkPHP/Lib/Behavior/ContentReplaceBehavior.class.php 第 40 行.
NOTIC: [8] Use of undefined constant APP_TMPL_PATH - assumed 'APP_TMPL_PATH' /home/www/vote/ThinkPHP/Lib/Behavior/ContentReplaceBehavior.class.php 第 47 行.
INFO: ContentReplace Behavior ::run [ RunTime:0.000247s ]
INFO: TokenBuild Behavior ::run [ RunTime:0.000146s ]
INFO: WriteHtmlCache Behavior ::run [ RunTime:0.000102s ]
INFO: ShowRuntime Behavior ::run [ RunTime:0.000176s ]
INFO: [ view_filter ] --END-- [ RunTime:0.000873s ]
INFO: [ view_end ] --START--
INFO: ShowPageTrace Behavior ::run [ RunTime:0.000166s ]
INFO: [ view_end ] --END-- [ RunTime:0.000240s ]

[ 2015-04-02T18:11:03+08:00 ] 118.244.136.42 /
INFO: [ app_begin ] --START--
INFO: ReadHtmlCache Behavior ::run [ RunTime:0.000184s ]
INFO: [ app_begin ] --END-- [ RunTime:0.000299s ]
INFO: [ view_parse ] --START--
INFO: ParseTemplate Behavior ::run [ RunTime:0.000361s ]
INFO: [ view_parse ] --END-- [ RunTime:0.000454s ]
INFO: [ view_filter ] --START--
NOTIC: [8] Use of undefined constant APP_TMPL_PATH - assumed 'APP_TMPL_PATH' /home/www/vote/ThinkPHP/Lib/Behavior/ContentReplaceBehavior.class.php 第 40 行.
NOTIC: [8] Use of undefined constant APP_TMPL_PATH - assumed 'APP_TMPL_PATH' /home/www/vote/ThinkPHP/Lib/Behavior/ContentReplaceBehavior.class.php 第 47 行.
INFO: ContentReplace Behavior ::run [ RunTime:0.000243s ]
INFO: TokenBuild Behavior ::run [ RunTime:0.000150s ]
INFO: WriteHtmlCache Behavior ::run [ RunTime:0.000098s ]
INFO: ShowRuntime Behavior ::run [ RunTime:0.000176s ]
INFO: [ view_filter ] --END-- [ RunTime:0.000872s ]
INFO: [ view_end ] --START--
INFO: ShowPageTrace Behavior ::run [ RunTime:0.000161s ]
INFO: [ view_end ] --END-- [ RunTime:0.000254s ]

[ 2015-04-02T18:11:03+08:00 ] 118.244.136.42 /
INFO: [ app_begin ] --START--
INFO: ReadHtmlCache Behavior ::run [ RunTime:0.000185s ]
INFO: [ app_begin ] --END-- [ RunTime:0.000306s ]
INFO: [ view_parse ] --START--
INFO: ParseTemplate Behavior ::run [ RunTime:0.000357s ]
INFO: [ view_parse ] --END-- [ RunTime:0.000450s ]
INFO: [ view_filter ] --START--
NOTIC: [8] Use of undefined constant APP_TMPL_PATH - assumed 'APP_TMPL_PATH' /home/www/vote/ThinkPHP/Lib/Behavior/ContentReplaceBehavior.class.php 第 40 行.
NOTIC: [8] Use of undefined constant APP_TMPL_PATH - assumed 'APP_TMPL_PATH' /home/www/vote/ThinkPHP/Lib/Behavior/ContentReplaceBehavior.class.php 第 47 行.
INFO: ContentReplace Behavior ::run [ RunTime:0.000239s ]
INFO: TokenBuild Behavior ::run [ RunTime:0.000141s ]
INFO: WriteHtmlCache Behavior ::run [ RunTime:0.000098s ]
INFO: ShowRuntime Behavior ::run [ RunTime:0.000182s ]
INFO: [ view_filter ] --END-- [ RunTime:0.000863s ]
INFO: [ view_end ] --START--
INFO: ShowPageTrace Behavior ::run [ RunTime:0.000163s ]
INFO: [ view_end ] --END-- [ RunTime:0.000237s ]

[ 2015-04-02T18:11:03+08:00 ] 118.244.136.42 /
INFO: [ app_begin ] --START--
INFO: ReadHtmlCache Behavior ::run [ RunTime:0.000161s ]
INFO: [ app_begin ] --END-- [ RunTime:0.000263s ]
INFO: [ view_parse ] --START--
INFO: ParseTemplate Behavior ::run [ RunTime:0.000328s ]
INFO: [ view_parse ] --END-- [ RunTime:0.000417s ]
INFO: [ view_filter ] --START--
NOTIC: [8] Use of undefined constant APP_TMPL_PATH - assumed 'APP_TMPL_PATH' /home/www/vote/ThinkPHP/Lib/Behavior/ContentReplaceBehavior.class.php 第 40 行.
NOTIC: [8] Use of undefined constant APP_TMPL_PATH - assumed 'APP_TMPL_PATH' /home/www/vote/ThinkPHP/Lib/Behavior/ContentReplaceBehavior.class.php 第 47 行.
INFO: ContentReplace Behavior ::run [ RunTime:0.000226s ]
INFO: TokenBuild Behavior ::run [ RunTime:0.000132s ]
INFO: WriteHtmlCache Behavior ::run [ RunTime:0.000092s ]
INFO: ShowRuntime Behavior ::run [ RunTime:0.000161s ]
INFO: [ view_filter ] --END-- [ RunTime:0.000812s ]
INFO: [ view_end ] --START--
INFO: ShowPageTrace Behavior ::run [ RunTime:0.000141s ]
INFO: [ view_end ] --END-- [ RunTime:0.000216s ]

[ 2015-04-02T19:16:55+08:00 ] 119.4.252.140 /
INFO: [ app_begin ] --START--
INFO: ReadHtmlCache Behavior ::run [ RunTime:0.000195s ]
INFO: [ app_begin ] --END-- [ RunTime:0.000319s ]
INFO: [ view_parse ] --START--
INFO: ParseTemplate Behavior ::run [ RunTime:0.000361s ]
INFO: [ view_parse ] --END-- [ RunTime:0.000453s ]
INFO: [ view_filter ] --START--
NOTIC: [8] Use of undefined constant APP_TMPL_PATH - assumed 'APP_TMPL_PATH' /home/www/vote/ThinkPHP/Lib/Behavior/ContentReplaceBehavior.class.php 第 40 行.
NOTIC: [8] Use of undefined constant APP_TMPL_PATH - assumed 'APP_TMPL_PATH' /home/www/vote/ThinkPHP/Lib/Behavior/ContentReplaceBehavior.class.php 第 47 行.
INFO: ContentReplace Behavior ::run [ RunTime:0.000245s ]
INFO: TokenBuild Behavior ::run [ RunTime:0.000147s ]
INFO: WriteHtmlCache Behavior ::run [ RunTime:0.000100s ]
INFO: ShowRuntime Behavior ::run [ RunTime:0.000180s ]
INFO: [ view_filter ] --END-- [ RunTime:0.000872s ]
INFO: [ view_end ] --START--
INFO: ShowPageTrace Behavior ::run [ RunTime:0.000172s ]
INFO: [ view_end ] --END-- [ RunTime:0.000246s ]

[ 2015-04-02T20:23:11+08:00 ] 66.249.65.200 /robots.txt
INFO: [ route_check ] --START--
INFO: CheckRoute Behavior ::run [ RunTime:0.000203s ]
INFO: [ route_check ] --END-- [ RunTime:0.000314s ]
INFO: [ app_begin ] --START--
INFO: ReadHtmlCache Behavior ::run [ RunTime:0.000168s ]
INFO: [ app_begin ] --END-- [ RunTime:0.000247s ]
NOTIC: [8] Undefined variable: group /home/www/vote/ThinkPHP/Lib/Core/App.class.php 第 102 行.
ERR: 无法加载模块:robots.txt

[ 2015-04-02T20:23:12+08:00 ] 66.249.65.196 /Index/Index/broadcast.html
INFO: [ route_check ] --START--
INFO: CheckRoute Behavior ::run [ RunTime:0.000194s ]
INFO: [ route_check ] --END-- [ RunTime:0.000308s ]
INFO: [ app_begin ] --START--
INFO: ReadHtmlCache Behavior ::run [ RunTime:0.000164s ]
INFO: [ app_begin ] --END-- [ RunTime:0.000242s ]
SQL: SHOW COLUMNS FROM `star_blog` [ RunTime:0.001014s ]
SQL: SELECT * FROM `star_blog` ORDER BY id DESC  [ RunTime:0.000528s ]
INFO: [ view_parse ] --START--
INFO: ParseTemplate Behavior ::run [ RunTime:0.004629s ]
INFO: [ view_parse ] --END-- [ RunTime:0.004728s ]
INFO: [ view_filter ] --START--
INFO: ContentReplace Behavior ::run [ RunTime:0.000191s ]
INFO: TokenBuild Behavior ::run [ RunTime:0.000157s ]
INFO: WriteHtmlCache Behavior ::run [ RunTime:0.000105s ]
INFO: ShowRuntime Behavior ::run [ RunTime:0.000177s ]
INFO: [ view_filter ] --END-- [ RunTime:0.000837s ]
INFO: [ view_end ] --START--
INFO: ShowPageTrace Behavior ::run [ RunTime:0.000172s ]
INFO: [ view_end ] --END-- [ RunTime:0.000247s ]

