[ 2015-03-17T23:57:04+08:00 ] 121.49.64.95 /Index/Index/passageData
INFO: [ route_check ] --START--
INFO: CheckRoute Behavior ::run [ RunTime:0.000206s ]
INFO: [ route_check ] --END-- [ RunTime:0.000326s ]
INFO: [ app_begin ] --START--
INFO: ReadHtmlCache Behavior ::run [ RunTime:0.000157s ]
INFO: [ app_begin ] --END-- [ RunTime:0.000231s ]
SQL: SHOW COLUMNS FROM `star_passage` [ RunTime:0.001007s ]
SQL: SELECT * FROM `star_passage` ORDER BY convert(title using gb2312) ASC LIMIT 5,5   [ RunTime:0.000208s ]

[ 2015-03-17T23:57:10+08:00 ] 121.49.64.95 /Index/Index/passageData
INFO: [ route_check ] --START--
INFO: CheckRoute Behavior ::run [ RunTime:0.000172s ]
INFO: [ route_check ] --END-- [ RunTime:0.000285s ]
INFO: [ app_begin ] --START--
INFO: ReadHtmlCache Behavior ::run [ RunTime:0.000156s ]
INFO: [ app_begin ] --END-- [ RunTime:0.000230s ]
SQL: SHOW COLUMNS FROM `star_passage` [ RunTime:0.000906s ]
SQL: SELECT * FROM `star_passage` ORDER BY convert(title using gb2312) ASC LIMIT 10,5   [ RunTime:0.000174s ]

[ 2015-03-17T23:57:19+08:00 ] 121.49.64.95 /Index/Index/blogData
INFO: [ route_check ] --START--
INFO: CheckRoute Behavior ::run [ RunTime:0.000174s ]
INFO: [ route_check ] --END-- [ RunTime:0.000291s ]
INFO: [ app_begin ] --START--
INFO: ReadHtmlCache Behavior ::run [ RunTime:0.000154s ]
INFO: [ app_begin ] --END-- [ RunTime:0.000229s ]
SQL: SHOW COLUMNS FROM `star_blog` [ RunTime:0.000912s ]
SQL: SELECT * FROM `star_blog` ORDER BY convert(username using gb2312) ASC LIMIT 0,8   [ RunTime:0.000204s ]

[ 2015-03-17T23:57:20+08:00 ] 121.49.64.95 /Index/Index/broadcast.html
INFO: [ route_check ] --START--
INFO: CheckRoute Behavior ::run [ RunTime:0.000161s ]
INFO: [ route_check ] --END-- [ RunTime:0.000269s ]
INFO: [ app_begin ] --START--
INFO: ReadHtmlCache Behavior ::run [ RunTime:0.000143s ]
INFO: [ app_begin ] --END-- [ RunTime:0.000226s ]
SQL: SHOW COLUMNS FROM `star_blog` [ RunTime:0.000890s ]
SQL: SELECT * FROM `star_blog` ORDER BY id DESC  [ RunTime:0.000214s ]
INFO: [ view_parse ] --START--
INFO: ParseTemplate Behavior ::run [ RunTime:0.003420s ]
INFO: [ view_parse ] --END-- [ RunTime:0.003516s ]
INFO: [ view_filter ] --START--
INFO: ContentReplace Behavior ::run [ RunTime:0.000181s ]
INFO: TokenBuild Behavior ::run [ RunTime:0.000138s ]
INFO: WriteHtmlCache Behavior ::run [ RunTime:0.000121s ]
INFO: ShowRuntime Behavior ::run [ RunTime:0.000172s ]
INFO: [ view_filter ] --END-- [ RunTime:0.000821s ]
INFO: [ view_end ] --START--
INFO: ShowPageTrace Behavior ::run [ RunTime:0.000143s ]
INFO: [ view_end ] --END-- [ RunTime:0.000220s ]

[ 2015-03-17T23:57:21+08:00 ] 121.49.64.95 /Index/Index/blogData
INFO: [ route_check ] --START--
INFO: CheckRoute Behavior ::run [ RunTime:0.000163s ]
INFO: [ route_check ] --END-- [ RunTime:0.000268s ]
INFO: [ app_begin ] --START--
INFO: ReadHtmlCache Behavior ::run [ RunTime:0.000154s ]
INFO: [ app_begin ] --END-- [ RunTime:0.000227s ]
SQL: SHOW COLUMNS FROM `star_blog` [ RunTime:0.000866s ]
SQL: SELECT * FROM `star_blog` ORDER BY convert(username using gb2312) ASC LIMIT 0,8   [ RunTime:0.000198s ]

[ 2015-03-17T23:57:27+08:00 ] 121.49.64.95 /Index/Index/blogData
INFO: [ route_check ] --START--
INFO: CheckRoute Behavior ::run [ RunTime:0.000173s ]
INFO: [ route_check ] --END-- [ RunTime:0.000288s ]
INFO: [ app_begin ] --START--
INFO: ReadHtmlCache Behavior ::run [ RunTime:0.000153s ]
INFO: [ app_begin ] --END-- [ RunTime:0.000226s ]
SQL: SHOW COLUMNS FROM `star_blog` [ RunTime:0.000939s ]
SQL: SELECT * FROM `star_blog` ORDER BY convert(username using gb2312) ASC LIMIT 8,8   [ RunTime:0.000194s ]

[ 2015-03-17T23:57:33+08:00 ] 121.49.64.95 /
INFO: [ app_begin ] --START--
INFO: ReadHtmlCache Behavior ::run [ RunTime:0.000163s ]
INFO: [ app_begin ] --END-- [ RunTime:0.000277s ]
INFO: [ view_parse ] --START--
INFO: ParseTemplate Behavior ::run [ RunTime:0.004322s ]
INFO: [ view_parse ] --END-- [ RunTime:0.004416s ]
INFO: [ view_filter ] --START--
INFO: ContentReplace Behavior ::run [ RunTime:0.000183s ]
INFO: TokenBuild Behavior ::run [ RunTime:0.000135s ]
INFO: WriteHtmlCache Behavior ::run [ RunTime:0.000084s ]
INFO: ShowRuntime Behavior ::run [ RunTime:0.000164s ]
INFO: [ view_filter ] --END-- [ RunTime:0.000773s ]
INFO: [ view_end ] --START--
INFO: ShowPageTrace Behavior ::run [ RunTime:0.000143s ]
INFO: [ view_end ] --END-- [ RunTime:0.000218s ]

[ 2015-03-17T23:57:33+08:00 ] 121.49.64.95 /Index/Index/broadcast.html
INFO: [ route_check ] --START--
INFO: CheckRoute Behavior ::run [ RunTime:0.000169s ]
INFO: [ route_check ] --END-- [ RunTime:0.000293s ]
INFO: [ app_begin ] --START--
INFO: ReadHtmlCache Behavior ::run [ RunTime:0.000147s ]
INFO: [ app_begin ] --END-- [ RunTime:0.000232s ]
SQL: SHOW COLUMNS FROM `star_blog` [ RunTime:0.001030s ]
SQL: SELECT * FROM `star_blog` ORDER BY id DESC  [ RunTime:0.000220s ]
INFO: [ view_parse ] --START--
INFO: ParseTemplate Behavior ::run [ RunTime:0.003261s ]
INFO: [ view_parse ] --END-- [ RunTime:0.003359s ]
INFO: [ view_filter ] --START--
INFO: ContentReplace Behavior ::run [ RunTime:0.000177s ]
INFO: TokenBuild Behavior ::run [ RunTime:0.000136s ]
INFO: WriteHtmlCache Behavior ::run [ RunTime:0.000092s ]
INFO: ShowRuntime Behavior ::run [ RunTime:0.000157s ]
INFO: [ view_filter ] --END-- [ RunTime:0.000766s ]
INFO: [ view_end ] --START--
INFO: ShowPageTrace Behavior ::run [ RunTime:0.000142s ]
INFO: [ view_end ] --END-- [ RunTime:0.000215s ]

[ 2015-03-17T23:57:33+08:00 ] 121.49.64.95 /Index/Index/blogData
INFO: [ route_check ] --START--
INFO: CheckRoute Behavior ::run [ RunTime:0.000160s ]
INFO: [ route_check ] --END-- [ RunTime:0.000266s ]
INFO: [ app_begin ] --START--
INFO: ReadHtmlCache Behavior ::run [ RunTime:0.000151s ]
INFO: [ app_begin ] --END-- [ RunTime:0.000224s ]
SQL: SHOW COLUMNS FROM `star_blog` [ RunTime:0.000843s ]
SQL: SELECT * FROM `star_blog` ORDER BY convert(username using gb2312) ASC LIMIT 0,8   [ RunTime:0.000225s ]

[ 2015-03-17T23:57:36+08:00 ] 121.49.64.95 /Index/Index/broadcast.html
INFO: [ route_check ] --START--
INFO: CheckRoute Behavior ::run [ RunTime:0.000162s ]
INFO: [ route_check ] --END-- [ RunTime:0.000273s ]
INFO: [ app_begin ] --START--
INFO: ReadHtmlCache Behavior ::run [ RunTime:0.000182s ]
INFO: [ app_begin ] --END-- [ RunTime:0.000269s ]
SQL: SHOW COLUMNS FROM `star_blog` [ RunTime:0.000863s ]
SQL: SELECT * FROM `star_blog` ORDER BY id DESC  [ RunTime:0.000184s ]
INFO: [ view_parse ] --START--
INFO: ParseTemplate Behavior ::run [ RunTime:0.003346s ]
INFO: [ view_parse ] --END-- [ RunTime:0.003443s ]
INFO: [ view_filter ] --START--
INFO: ContentReplace Behavior ::run [ RunTime:0.000178s ]
INFO: TokenBuild Behavior ::run [ RunTime:0.000139s ]
INFO: WriteHtmlCache Behavior ::run [ RunTime:0.000086s ]
INFO: ShowRuntime Behavior ::run [ RunTime:0.000152s ]
INFO: [ view_filter ] --END-- [ RunTime:0.000775s ]
INFO: [ view_end ] --START--
INFO: ShowPageTrace Behavior ::run [ RunTime:0.000139s ]
INFO: [ view_end ] --END-- [ RunTime:0.000216s ]

[ 2015-03-17T23:57:36+08:00 ] 121.49.64.95 /Index/Index/blogData
INFO: [ route_check ] --START--
INFO: CheckRoute Behavior ::run [ RunTime:0.000162s ]
INFO: [ route_check ] --END-- [ RunTime:0.000270s ]
INFO: [ app_begin ] --START--
INFO: ReadHtmlCache Behavior ::run [ RunTime:0.000153s ]
INFO: [ app_begin ] --END-- [ RunTime:0.000226s ]
SQL: SHOW COLUMNS FROM `star_blog` [ RunTime:0.000907s ]
SQL: SELECT * FROM `star_blog` ORDER BY convert(username using gb2312) ASC LIMIT 0,8   [ RunTime:0.000128s ]

[ 2015-03-17T23:57:39+08:00 ] 121.49.64.95 /Index/Index/blogData
INFO: [ route_check ] --START--
INFO: CheckRoute Behavior ::run [ RunTime:0.000172s ]
INFO: [ route_check ] --END-- [ RunTime:0.000290s ]
INFO: [ app_begin ] --START--
INFO: ReadHtmlCache Behavior ::run [ RunTime:0.000152s ]
INFO: [ app_begin ] --END-- [ RunTime:0.000225s ]
SQL: SHOW COLUMNS FROM `star_blog` [ RunTime:0.000930s ]
SQL: SELECT * FROM `star_blog` ORDER BY convert(username using gb2312) ASC LIMIT 8,8   [ RunTime:0.000202s ]

[ 2015-03-17T23:58:05+08:00 ] 121.49.64.95 /
INFO: [ app_begin ] --START--
INFO: ReadHtmlCache Behavior ::run [ RunTime:0.000165s ]
INFO: [ app_begin ] --END-- [ RunTime:0.000280s ]
INFO: [ view_parse ] --START--
INFO: ParseTemplate Behavior ::run [ RunTime:0.004381s ]
INFO: [ view_parse ] --END-- [ RunTime:0.004476s ]
INFO: [ view_filter ] --START--
INFO: ContentReplace Behavior ::run [ RunTime:0.000182s ]
INFO: TokenBuild Behavior ::run [ RunTime:0.000133s ]
INFO: WriteHtmlCache Behavior ::run [ RunTime:0.000090s ]
INFO: ShowRuntime Behavior ::run [ RunTime:0.000168s ]
INFO: [ view_filter ] --END-- [ RunTime:0.000781s ]
INFO: [ view_end ] --START--
INFO: ShowPageTrace Behavior ::run [ RunTime:0.000157s ]
INFO: [ view_end ] --END-- [ RunTime:0.000232s ]

[ 2015-03-17T23:58:05+08:00 ] 121.49.64.95 /Index/Index/broadcast.html
INFO: [ route_check ] --START--
INFO: CheckRoute Behavior ::run [ RunTime:0.000168s ]
INFO: [ route_check ] --END-- [ RunTime:0.000275s ]
INFO: [ app_begin ] --START--
INFO: ReadHtmlCache Behavior ::run [ RunTime:0.000144s ]
INFO: [ app_begin ] --END-- [ RunTime:0.000232s ]
SQL: SHOW COLUMNS FROM `star_blog` [ RunTime:0.000952s ]
SQL: SELECT * FROM `star_blog` ORDER BY id DESC  [ RunTime:0.000258s ]
INFO: [ view_parse ] --START--
INFO: ParseTemplate Behavior ::run [ RunTime:0.003237s ]
INFO: [ view_parse ] --END-- [ RunTime:0.003336s ]
INFO: [ view_filter ] --START--
INFO: ContentReplace Behavior ::run [ RunTime:0.000177s ]
INFO: TokenBuild Behavior ::run [ RunTime:0.000135s ]
INFO: WriteHtmlCache Behavior ::run [ RunTime:0.000087s ]
INFO: ShowRuntime Behavior ::run [ RunTime:0.000154s ]
INFO: [ view_filter ] --END-- [ RunTime:0.000775s ]
INFO: [ view_end ] --START--
INFO: ShowPageTrace Behavior ::run [ RunTime:0.000143s ]
INFO: [ view_end ] --END-- [ RunTime:0.000217s ]

[ 2015-03-17T23:58:06+08:00 ] 121.49.64.95 /Index/Index/blogData
INFO: [ route_check ] --START--
INFO: CheckRoute Behavior ::run [ RunTime:0.000165s ]
INFO: [ route_check ] --END-- [ RunTime:0.000273s ]
INFO: [ app_begin ] --START--
INFO: ReadHtmlCache Behavior ::run [ RunTime:0.000165s ]
INFO: [ app_begin ] --END-- [ RunTime:0.000239s ]
SQL: SHOW COLUMNS FROM `star_blog` [ RunTime:0.000914s ]
SQL: SELECT * FROM `star_blog` ORDER BY convert(username using gb2312) ASC LIMIT 0,8   [ RunTime:0.000168s ]

[ 2015-03-17T23:58:07+08:00 ] 121.49.64.95 /Index/Index/broadcast.html
INFO: [ route_check ] --START--
INFO: CheckRoute Behavior ::run [ RunTime:0.000167s ]
INFO: [ route_check ] --END-- [ RunTime:0.000281s ]
INFO: [ app_begin ] --START--
INFO: ReadHtmlCache Behavior ::run [ RunTime:0.000143s ]
INFO: [ app_begin ] --END-- [ RunTime:0.000226s ]
SQL: SHOW COLUMNS FROM `star_blog` [ RunTime:0.000965s ]
SQL: SELECT * FROM `star_blog` ORDER BY id DESC  [ RunTime:0.000211s ]
INFO: [ view_parse ] --START--
INFO: ParseTemplate Behavior ::run [ RunTime:0.003285s ]
INFO: [ view_parse ] --END-- [ RunTime:0.003383s ]
INFO: [ view_filter ] --START--
INFO: ContentReplace Behavior ::run [ RunTime:0.000179s ]
INFO: TokenBuild Behavior ::run [ RunTime:0.000136s ]
INFO: WriteHtmlCache Behavior ::run [ RunTime:0.000087s ]
INFO: ShowRuntime Behavior ::run [ RunTime:0.000195s ]
INFO: [ view_filter ] --END-- [ RunTime:0.000803s ]
INFO: [ view_end ] --START--
INFO: ShowPageTrace Behavior ::run [ RunTime:0.000159s ]
INFO: [ view_end ] --END-- [ RunTime:0.000235s ]

[ 2015-03-17T23:58:07+08:00 ] 121.49.64.95 /Index/Index/blogData
INFO: [ route_check ] --START--
INFO: CheckRoute Behavior ::run [ RunTime:0.000163s ]
INFO: [ route_check ] --END-- [ RunTime:0.000271s ]
INFO: [ app_begin ] --START--
INFO: ReadHtmlCache Behavior ::run [ RunTime:0.000149s ]
INFO: [ app_begin ] --END-- [ RunTime:0.000222s ]
SQL: SHOW COLUMNS FROM `star_blog` [ RunTime:0.000884s ]
SQL: SELECT * FROM `star_blog` ORDER BY convert(username using gb2312) ASC LIMIT 0,8   [ RunTime:0.000202s ]

[ 2015-03-17T23:58:09+08:00 ] 121.49.64.95 /Index/Index/blogData
INFO: [ route_check ] --START--
INFO: CheckRoute Behavior ::run [ RunTime:0.000167s ]
INFO: [ route_check ] --END-- [ RunTime:0.000278s ]
INFO: [ app_begin ] --START--
INFO: ReadHtmlCache Behavior ::run [ RunTime:0.000155s ]
INFO: [ app_begin ] --END-- [ RunTime:0.000228s ]
SQL: SHOW COLUMNS FROM `star_blog` [ RunTime:0.000901s ]
SQL: SELECT * FROM `star_blog` ORDER BY convert(username using gb2312) ASC LIMIT 8,8   [ RunTime:0.000209s ]

[ 2015-03-17T23:59:15+08:00 ] 121.49.64.95 /
INFO: [ app_begin ] --START--
INFO: ReadHtmlCache Behavior ::run [ RunTime:0.000165s ]
INFO: [ app_begin ] --END-- [ RunTime:0.000279s ]
INFO: [ view_parse ] --START--
INFO: ParseTemplate Behavior ::run [ RunTime:0.004415s ]
INFO: [ view_parse ] --END-- [ RunTime:0.004511s ]
INFO: [ view_filter ] --START--
INFO: ContentReplace Behavior ::run [ RunTime:0.000188s ]
INFO: TokenBuild Behavior ::run [ RunTime:0.000138s ]
INFO: WriteHtmlCache Behavior ::run [ RunTime:0.000089s ]
INFO: ShowRuntime Behavior ::run [ RunTime:0.000166s ]
INFO: [ view_filter ] --END-- [ RunTime:0.000789s ]
INFO: [ view_end ] --START--
INFO: ShowPageTrace Behavior ::run [ RunTime:0.000145s ]
INFO: [ view_end ] --END-- [ RunTime:0.000221s ]

[ 2015-03-17T23:59:15+08:00 ] 121.49.64.95 /Index/Index/broadcast.html
INFO: [ route_check ] --START--
INFO: CheckRoute Behavior ::run [ RunTime:0.000173s ]
INFO: [ route_check ] --END-- [ RunTime:0.000279s ]
INFO: [ app_begin ] --START--
INFO: ReadHtmlCache Behavior ::run [ RunTime:0.000149s ]
INFO: [ app_begin ] --END-- [ RunTime:0.000236s ]
SQL: SHOW COLUMNS FROM `star_blog` [ RunTime:0.001006s ]
SQL: SELECT * FROM `star_blog` ORDER BY id DESC  [ RunTime:0.000269s ]
INFO: [ view_parse ] --START--
INFO: ParseTemplate Behavior ::run [ RunTime:0.003240s ]
INFO: [ view_parse ] --END-- [ RunTime:0.003339s ]
INFO: [ view_filter ] --START--
INFO: ContentReplace Behavior ::run [ RunTime:0.000179s ]
INFO: TokenBuild Behavior ::run [ RunTime:0.000135s ]
INFO: WriteHtmlCache Behavior ::run [ RunTime:0.000090s ]
INFO: ShowRuntime Behavior ::run [ RunTime:0.000162s ]
INFO: [ view_filter ] --END-- [ RunTime:0.000771s ]
INFO: [ view_end ] --START--
INFO: ShowPageTrace Behavior ::run [ RunTime:0.000136s ]
INFO: [ view_end ] --END-- [ RunTime:0.000214s ]

[ 2015-03-17T23:59:15+08:00 ] 121.49.64.95 /Index/Index/blogData
INFO: [ route_check ] --START--
INFO: CheckRoute Behavior ::run [ RunTime:0.000164s ]
INFO: [ route_check ] --END-- [ RunTime:0.000289s ]
INFO: [ app_begin ] --START--
INFO: ReadHtmlCache Behavior ::run [ RunTime:0.000153s ]
INFO: [ app_begin ] --END-- [ RunTime:0.000226s ]
SQL: SHOW COLUMNS FROM `star_blog` [ RunTime:0.000887s ]
SQL: SELECT * FROM `star_blog` ORDER BY convert(username using gb2312) ASC LIMIT 0,8   [ RunTime:0.000204s ]

[ 2015-03-17T23:59:17+08:00 ] 121.49.64.95 /Index/Index/broadcast.html
INFO: [ route_check ] --START--
INFO: CheckRoute Behavior ::run [ RunTime:0.000174s ]
INFO: [ route_check ] --END-- [ RunTime:0.000280s ]
INFO: [ app_begin ] --START--
INFO: ReadHtmlCache Behavior ::run [ RunTime:0.000150s ]
INFO: [ app_begin ] --END-- [ RunTime:0.000238s ]
SQL: SHOW COLUMNS FROM `star_blog` [ RunTime:0.000899s ]
SQL: SELECT * FROM `star_blog` ORDER BY id DESC  [ RunTime:0.000214s ]
INFO: [ view_parse ] --START--
INFO: ParseTemplate Behavior ::run [ RunTime:0.003371s ]
INFO: [ view_parse ] --END-- [ RunTime:0.003469s ]
INFO: [ view_filter ] --START--
INFO: ContentReplace Behavior ::run [ RunTime:0.000184s ]
INFO: TokenBuild Behavior ::run [ RunTime:0.000141s ]
INFO: WriteHtmlCache Behavior ::run [ RunTime:0.000097s ]
INFO: ShowRuntime Behavior ::run [ RunTime:0.000162s ]
INFO: [ view_filter ] --END-- [ RunTime:0.000788s ]
INFO: [ view_end ] --START--
INFO: ShowPageTrace Behavior ::run [ RunTime:0.000147s ]
INFO: [ view_end ] --END-- [ RunTime:0.000225s ]

[ 2015-03-17T23:59:17+08:00 ] 121.49.64.95 /Index/Index/blogData
INFO: [ route_check ] --START--
INFO: CheckRoute Behavior ::run [ RunTime:0.000177s ]
INFO: [ route_check ] --END-- [ RunTime:0.000284s ]
INFO: [ app_begin ] --START--
INFO: ReadHtmlCache Behavior ::run [ RunTime:0.000154s ]
INFO: [ app_begin ] --END-- [ RunTime:0.000227s ]
SQL: SHOW COLUMNS FROM `star_blog` [ RunTime:0.000904s ]
SQL: SELECT * FROM `star_blog` ORDER BY convert(username using gb2312) ASC LIMIT 0,8   [ RunTime:0.000151s ]

[ 2015-03-17T23:59:19+08:00 ] 121.49.64.95 /Index/Index/blogData
INFO: [ route_check ] --START--
INFO: CheckRoute Behavior ::run [ RunTime:0.000166s ]
INFO: [ route_check ] --END-- [ RunTime:0.000272s ]
INFO: [ app_begin ] --START--
INFO: ReadHtmlCache Behavior ::run [ RunTime:0.000150s ]
INFO: [ app_begin ] --END-- [ RunTime:0.000222s ]
SQL: SHOW COLUMNS FROM `star_blog` [ RunTime:0.000894s ]
SQL: SELECT * FROM `star_blog` ORDER BY convert(username using gb2312) ASC LIMIT 8,8   [ RunTime:0.000195s ]

[ 2015-03-17T23:59:26+08:00 ] 121.49.64.95 /Index/Index/broadcast.html
INFO: [ route_check ] --START--
INFO: CheckRoute Behavior ::run [ RunTime:0.000173s ]
INFO: [ route_check ] --END-- [ RunTime:0.000290s ]
INFO: [ app_begin ] --START--
INFO: ReadHtmlCache Behavior ::run [ RunTime:0.000145s ]
INFO: [ app_begin ] --END-- [ RunTime:0.000231s ]
SQL: SHOW COLUMNS FROM `star_blog` [ RunTime:0.000966s ]
SQL: SELECT * FROM `star_blog` ORDER BY id DESC  [ RunTime:0.000217s ]
INFO: [ view_parse ] --START--
INFO: ParseTemplate Behavior ::run [ RunTime:0.003369s ]
INFO: [ view_parse ] --END-- [ RunTime:0.003468s ]
INFO: [ view_filter ] --START--
INFO: ContentReplace Behavior ::run [ RunTime:0.000180s ]
INFO: TokenBuild Behavior ::run [ RunTime:0.000137s ]
INFO: WriteHtmlCache Behavior ::run [ RunTime:0.000093s ]
INFO: ShowRuntime Behavior ::run [ RunTime:0.000161s ]
INFO: [ view_filter ] --END-- [ RunTime:0.000777s ]
INFO: [ view_end ] --START--
INFO: ShowPageTrace Behavior ::run [ RunTime:0.000144s ]
INFO: [ view_end ] --END-- [ RunTime:0.000219s ]

[ 2015-03-17T23:59:26+08:00 ] 121.49.64.95 /Index/Index/blogData
INFO: [ route_check ] --START--
INFO: CheckRoute Behavior ::run [ RunTime:0.000171s ]
INFO: [ route_check ] --END-- [ RunTime:0.000284s ]
INFO: [ app_begin ] --START--
INFO: ReadHtmlCache Behavior ::run [ RunTime:0.000154s ]
INFO: [ app_begin ] --END-- [ RunTime:0.000225s ]
SQL: SHOW COLUMNS FROM `star_blog` [ RunTime:0.000945s ]
SQL: SELECT * FROM `star_blog` ORDER BY convert(username using gb2312) ASC LIMIT 0,8   [ RunTime:0.000173s ]

[ 2015-03-17T23:59:28+08:00 ] 121.49.64.95 /Index/Index/blogData
INFO: [ route_check ] --START--
INFO: CheckRoute Behavior ::run [ RunTime:0.000165s ]
INFO: [ route_check ] --END-- [ RunTime:0.000278s ]
INFO: [ app_begin ] --START--
INFO: ReadHtmlCache Behavior ::run [ RunTime:0.000153s ]
INFO: [ app_begin ] --END-- [ RunTime:0.000226s ]
SQL: SHOW COLUMNS FROM `star_blog` [ RunTime:0.000952s ]
SQL: SELECT * FROM `star_blog` ORDER BY convert(username using gb2312) ASC LIMIT 8,8   [ RunTime:0.000187s ]

[ 2015-03-17T23:59:41+08:00 ] 121.49.64.95 /
INFO: [ app_begin ] --START--
INFO: ReadHtmlCache Behavior ::run [ RunTime:0.000161s ]
INFO: [ app_begin ] --END-- [ RunTime:0.000275s ]
INFO: [ view_parse ] --START--
INFO: ParseTemplate Behavior ::run [ RunTime:0.004361s ]
INFO: [ view_parse ] --END-- [ RunTime:0.004456s ]
INFO: [ view_filter ] --START--
INFO: ContentReplace Behavior ::run [ RunTime:0.000188s ]
INFO: TokenBuild Behavior ::run [ RunTime:0.000139s ]
INFO: WriteHtmlCache Behavior ::run [ RunTime:0.000089s ]
INFO: ShowRuntime Behavior ::run [ RunTime:0.000171s ]
INFO: [ view_filter ] --END-- [ RunTime:0.000813s ]
INFO: [ view_end ] --START--
INFO: ShowPageTrace Behavior ::run [ RunTime:0.000146s ]
INFO: [ view_end ] --END-- [ RunTime:0.000222s ]

[ 2015-03-17T23:59:41+08:00 ] 121.49.64.95 /Index/Index/broadcast.html
INFO: [ route_check ] --START--
INFO: CheckRoute Behavior ::run [ RunTime:0.000171s ]
INFO: [ route_check ] --END-- [ RunTime:0.000279s ]
INFO: [ app_begin ] --START--
INFO: ReadHtmlCache Behavior ::run [ RunTime:0.000148s ]
INFO: [ app_begin ] --END-- [ RunTime:0.000233s ]
SQL: SHOW COLUMNS FROM `star_blog` [ RunTime:0.000991s ]
SQL: SELECT * FROM `star_blog` ORDER BY id DESC  [ RunTime:0.000223s ]
INFO: [ view_parse ] --START--
INFO: ParseTemplate Behavior ::run [ RunTime:0.003378s ]
INFO: [ view_parse ] --END-- [ RunTime:0.003478s ]
INFO: [ view_filter ] --START--
INFO: ContentReplace Behavior ::run [ RunTime:0.000178s ]
INFO: TokenBuild Behavior ::run [ RunTime:0.000136s ]
INFO: WriteHtmlCache Behavior ::run [ RunTime:0.000092s ]
INFO: ShowRuntime Behavior ::run [ RunTime:0.000158s ]
INFO: [ view_filter ] --END-- [ RunTime:0.000770s ]
INFO: [ view_end ] --START--
INFO: ShowPageTrace Behavior ::run [ RunTime:0.000142s ]
INFO: [ view_end ] --END-- [ RunTime:0.000216s ]

[ 2015-03-17T23:59:41+08:00 ] 121.49.64.95 /Index/Index/blogData
INFO: [ route_check ] --START--
INFO: CheckRoute Behavior ::run [ RunTime:0.000169s ]
INFO: [ route_check ] --END-- [ RunTime:0.000280s ]
INFO: [ app_begin ] --START--
INFO: ReadHtmlCache Behavior ::run [ RunTime:0.000155s ]
INFO: [ app_begin ] --END-- [ RunTime:0.000228s ]
SQL: SHOW COLUMNS FROM `star_blog` [ RunTime:0.000907s ]
SQL: SELECT * FROM `star_blog` ORDER BY convert(username using gb2312) ASC LIMIT 0,8   [ RunTime:0.000213s ]

[ 2015-03-17T23:59:42+08:00 ] 121.49.64.95 /
INFO: [ app_begin ] --START--
INFO: ReadHtmlCache Behavior ::run [ RunTime:0.000155s ]
INFO: [ app_begin ] --END-- [ RunTime:0.000260s ]
INFO: [ view_parse ] --START--
INFO: ParseTemplate Behavior ::run [ RunTime:0.004298s ]
INFO: [ view_parse ] --END-- [ RunTime:0.004393s ]
INFO: [ view_filter ] --START--
INFO: ContentReplace Behavior ::run [ RunTime:0.000183s ]
INFO: TokenBuild Behavior ::run [ RunTime:0.000135s ]
INFO: WriteHtmlCache Behavior ::run [ RunTime:0.000085s ]
INFO: ShowRuntime Behavior ::run [ RunTime:0.000163s ]
INFO: [ view_filter ] --END-- [ RunTime:0.000773s ]
INFO: [ view_end ] --START--
INFO: ShowPageTrace Behavior ::run [ RunTime:0.000138s ]
INFO: [ view_end ] --END-- [ RunTime:0.000213s ]

[ 2015-03-17T23:59:42+08:00 ] 121.49.64.95 /Index/Index/broadcast.html
INFO: [ route_check ] --START--
INFO: CheckRoute Behavior ::run [ RunTime:0.000160s ]
INFO: [ route_check ] --END-- [ RunTime:0.000266s ]
INFO: [ app_begin ] --START--
INFO: ReadHtmlCache Behavior ::run [ RunTime:0.000141s ]
INFO: [ app_begin ] --END-- [ RunTime:0.000229s ]
SQL: SHOW COLUMNS FROM `star_blog` [ RunTime:0.000898s ]
SQL: SELECT * FROM `star_blog` ORDER BY id DESC  [ RunTime:0.000225s ]
INFO: [ view_parse ] --START--
INFO: ParseTemplate Behavior ::run [ RunTime:0.003234s ]
INFO: [ view_parse ] --END-- [ RunTime:0.003333s ]
INFO: [ view_filter ] --START--
INFO: ContentReplace Behavior ::run [ RunTime:0.000185s ]
INFO: TokenBuild Behavior ::run [ RunTime:0.000135s ]
INFO: WriteHtmlCache Behavior ::run [ RunTime:0.000086s ]
INFO: ShowRuntime Behavior ::run [ RunTime:0.000154s ]
INFO: [ view_filter ] --END-- [ RunTime:0.000763s ]
INFO: [ view_end ] --START--
INFO: ShowPageTrace Behavior ::run [ RunTime:0.000141s ]
INFO: [ view_end ] --END-- [ RunTime:0.000215s ]

[ 2015-03-17T23:59:42+08:00 ] 121.49.64.95 /Index/Index/blogData
INFO: [ route_check ] --START--
INFO: CheckRoute Behavior ::run [ RunTime:0.000165s ]
INFO: [ route_check ] --END-- [ RunTime:0.000275s ]
INFO: [ app_begin ] --START--
INFO: ReadHtmlCache Behavior ::run [ RunTime:0.000154s ]
INFO: [ app_begin ] --END-- [ RunTime:0.000226s ]
SQL: SHOW COLUMNS FROM `star_blog` [ RunTime:0.000882s ]
SQL: SELECT * FROM `star_blog` ORDER BY convert(username using gb2312) ASC LIMIT 0,8   [ RunTime:0.000210s ]

[ 2015-03-17T23:59:44+08:00 ] 121.49.64.95 /Index/Index/broadcast.html
INFO: [ route_check ] --START--
INFO: CheckRoute Behavior ::run [ RunTime:0.000189s ]
INFO: [ route_check ] --END-- [ RunTime:0.000301s ]
INFO: [ app_begin ] --START--
INFO: ReadHtmlCache Behavior ::run [ RunTime:0.000144s ]
INFO: [ app_begin ] --END-- [ RunTime:0.000229s ]
SQL: SHOW COLUMNS FROM `star_blog` [ RunTime:0.000921s ]
SQL: SELECT * FROM `star_blog` ORDER BY id DESC  [ RunTime:0.000215s ]
INFO: [ view_parse ] --START--
INFO: ParseTemplate Behavior ::run [ RunTime:0.003323s ]
INFO: [ view_parse ] --END-- [ RunTime:0.003421s ]
INFO: [ view_filter ] --START--
INFO: ContentReplace Behavior ::run [ RunTime:0.000183s ]
INFO: TokenBuild Behavior ::run [ RunTime:0.000137s ]
INFO: WriteHtmlCache Behavior ::run [ RunTime:0.000091s ]
INFO: ShowRuntime Behavior ::run [ RunTime:0.000156s ]
INFO: [ view_filter ] --END-- [ RunTime:0.000770s ]
INFO: [ view_end ] --START--
INFO: ShowPageTrace Behavior ::run [ RunTime:0.000139s ]
INFO: [ view_end ] --END-- [ RunTime:0.000216s ]

[ 2015-03-17T23:59:44+08:00 ] 121.49.64.95 /Index/Index/blogData
INFO: [ route_check ] --START--
INFO: CheckRoute Behavior ::run [ RunTime:0.000160s ]
INFO: [ route_check ] --END-- [ RunTime:0.000265s ]
INFO: [ app_begin ] --START--
INFO: ReadHtmlCache Behavior ::run [ RunTime:0.000152s ]
INFO: [ app_begin ] --END-- [ RunTime:0.000224s ]
SQL: SHOW COLUMNS FROM `star_blog` [ RunTime:0.000855s ]
SQL: SELECT * FROM `star_blog` ORDER BY convert(username using gb2312) ASC LIMIT 0,8   [ RunTime:0.000177s ]

[ 2015-03-17T23:59:45+08:00 ] 121.49.64.95 /Index/Index/blogData
INFO: [ route_check ] --START--
INFO: CheckRoute Behavior ::run [ RunTime:0.000167s ]
INFO: [ route_check ] --END-- [ RunTime:0.000276s ]
INFO: [ app_begin ] --START--
INFO: ReadHtmlCache Behavior ::run [ RunTime:0.000150s ]
INFO: [ app_begin ] --END-- [ RunTime:0.000223s ]
SQL: SHOW COLUMNS FROM `star_blog` [ RunTime:0.000841s ]
SQL: SELECT * FROM `star_blog` ORDER BY convert(username using gb2312) ASC LIMIT 8,8   [ RunTime:0.000216s ]

