[ 2015-03-29T00:09:06+08:00 ] 66.249.75.44 /robots.txt
INFO: [ route_check ] --START--
INFO: CheckRoute Behavior ::run [ RunTime:0.000202s ]
INFO: [ route_check ] --END-- [ RunTime:0.000313s ]
INFO: [ app_begin ] --START--
INFO: ReadHtmlCache Behavior ::run [ RunTime:0.000172s ]
INFO: [ app_begin ] --END-- [ RunTime:0.000250s ]
NOTIC: [8] Undefined variable: group /home/www/vote/ThinkPHP/Lib/Core/App.class.php 第 102 行.
ERR: 无法加载模块:robots.txt

[ 2015-03-29T00:57:42+08:00 ] 39.173.26.117 /Index/Index/blogData
INFO: [ route_check ] --START--
INFO: CheckRoute Behavior ::run [ RunTime:0.000198s ]
INFO: [ route_check ] --END-- [ RunTime:0.000303s ]
INFO: [ app_begin ] --START--
INFO: ReadHtmlCache Behavior ::run [ RunTime:0.000169s ]
INFO: [ app_begin ] --END-- [ RunTime:0.000240s ]
SQL: SHOW COLUMNS FROM `star_blog` [ RunTime:0.000995s ]
SQL: SELECT * FROM `star_blog` ORDER BY convert(username using gb2312) ASC LIMIT 0,8   [ RunTime:0.000473s ]

[ 2015-03-29T00:57:46+08:00 ] 39.173.26.117 /Index/Index/blogData
INFO: [ route_check ] --START--
INFO: CheckRoute Behavior ::run [ RunTime:0.000189s ]
INFO: [ route_check ] --END-- [ RunTime:0.000292s ]
INFO: [ app_begin ] --START--
INFO: ReadHtmlCache Behavior ::run [ RunTime:0.000165s ]
INFO: [ app_begin ] --END-- [ RunTime:0.000234s ]
SQL: SHOW COLUMNS FROM `star_blog` [ RunTime:0.000949s ]
SQL: SELECT * FROM `star_blog` ORDER BY convert(username using gb2312) ASC LIMIT 8,8   [ RunTime:0.000480s ]

[ 2015-03-29T00:57:56+08:00 ] 39.173.26.117 /Index/Index/blogData
INFO: [ route_check ] --START--
INFO: CheckRoute Behavior ::run [ RunTime:0.000153s ]
INFO: [ route_check ] --END-- [ RunTime:0.000253s ]
INFO: [ app_begin ] --START--
INFO: ReadHtmlCache Behavior ::run [ RunTime:0.000143s ]
INFO: [ app_begin ] --END-- [ RunTime:0.000214s ]
SQL: SHOW COLUMNS FROM `star_blog` [ RunTime:0.000959s ]
SQL: SELECT * FROM `star_blog` ORDER BY convert(username using gb2312) ASC LIMIT 16,8   [ RunTime:0.000553s ]

[ 2015-03-29T00:57:57+08:00 ] 39.173.26.117 /Index/Index/blogData
INFO: [ route_check ] --START--
INFO: CheckRoute Behavior ::run [ RunTime:0.000151s ]
INFO: [ route_check ] --END-- [ RunTime:0.000247s ]
INFO: [ app_begin ] --START--
INFO: ReadHtmlCache Behavior ::run [ RunTime:0.000143s ]
INFO: [ app_begin ] --END-- [ RunTime:0.000211s ]
SQL: SHOW COLUMNS FROM `star_blog` [ RunTime:0.000841s ]
SQL: SELECT * FROM `star_blog` ORDER BY convert(username using gb2312) ASC LIMIT 24,8   [ RunTime:0.000558s ]

[ 2015-03-29T00:58:05+08:00 ] 39.173.26.117 /Index/Index/blogData
INFO: [ route_check ] --START--
INFO: CheckRoute Behavior ::run [ RunTime:0.000161s ]
INFO: [ route_check ] --END-- [ RunTime:0.000270s ]
INFO: [ app_begin ] --START--
INFO: ReadHtmlCache Behavior ::run [ RunTime:0.000144s ]
INFO: [ app_begin ] --END-- [ RunTime:0.000213s ]
SQL: SHOW COLUMNS FROM `star_blog` [ RunTime:0.000964s ]
SQL: SELECT * FROM `star_blog` ORDER BY convert(username using gb2312) ASC LIMIT 32,8   [ RunTime:0.000570s ]

[ 2015-03-29T00:58:05+08:00 ] 39.173.26.117 /Index/Index/blogData
INFO: [ route_check ] --START--
INFO: CheckRoute Behavior ::run [ RunTime:0.000151s ]
INFO: [ route_check ] --END-- [ RunTime:0.000247s ]
INFO: [ app_begin ] --START--
INFO: ReadHtmlCache Behavior ::run [ RunTime:0.000143s ]
INFO: [ app_begin ] --END-- [ RunTime:0.000212s ]
SQL: SHOW COLUMNS FROM `star_blog` [ RunTime:0.000891s ]
SQL: SELECT * FROM `star_blog` ORDER BY convert(username using gb2312) ASC LIMIT 40,8   [ RunTime:0.000527s ]

[ 2015-03-29T00:58:19+08:00 ] 39.173.26.117 /Index/Index/loveBlog
INFO: [ route_check ] --START--
INFO: CheckRoute Behavior ::run [ RunTime:0.000197s ]
INFO: [ route_check ] --END-- [ RunTime:0.000324s ]
INFO: [ app_begin ] --START--
INFO: ReadHtmlCache Behavior ::run [ RunTime:0.000166s ]
INFO: [ app_begin ] --END-- [ RunTime:0.000237s ]
SQL: SHOW COLUMNS FROM `star_ip_list` [ RunTime:0.000961s ]
SQL: SELECT * FROM `star_ip_list` WHERE ( `login_ip` = '39.173.26.117' ) AND ( `date` = '15-03-29' )  [ RunTime:0.003682s ]
SQL: INSERT INTO `star_ip_list` (`login_ip`,`date`) VALUES ('39.173.26.117','15-03-29') [ RunTime:0.000653s ]
SQL: SELECT * FROM `star_ip_list` WHERE ( `login_ip` = '39.173.26.117' ) AND ( `date` = '15-03-29' )  [ RunTime:0.003620s ]
SQL: UPDATE `star_ip_list` SET `times`=times+1 WHERE ( `login_ip` = '39.173.26.117' ) AND ( `date` = '15-03-29' ) [ RunTime:0.018976s ]
SQL: SHOW COLUMNS FROM `star_blog` [ RunTime:0.000871s ]
SQL: UPDATE `star_blog` SET `vote_number`=vote_number+1 WHERE ( `id` = 28 ) [ RunTime:0.001200s ]

[ 2015-03-29T00:58:22+08:00 ] 39.173.26.117 /Index/Index/loveBlog
INFO: [ route_check ] --START--
INFO: CheckRoute Behavior ::run [ RunTime:0.000155s ]
INFO: [ route_check ] --END-- [ RunTime:0.000251s ]
INFO: [ app_begin ] --START--
INFO: ReadHtmlCache Behavior ::run [ RunTime:0.000143s ]
INFO: [ app_begin ] --END-- [ RunTime:0.000212s ]
SQL: SHOW COLUMNS FROM `star_ip_list` [ RunTime:0.000898s ]
SQL: SELECT * FROM `star_ip_list` WHERE ( `login_ip` = '39.173.26.117' ) AND ( `date` = '15-03-29' )  [ RunTime:0.003612s ]
SQL: SELECT * FROM `star_ip_list` WHERE ( `login_ip` = '39.173.26.117' ) AND ( `date` = '15-03-29' )  [ RunTime:0.000181s ]
SQL: UPDATE `star_ip_list` SET `times`=times+1 WHERE ( `login_ip` = '39.173.26.117' ) AND ( `date` = '15-03-29' ) [ RunTime:0.019063s ]
SQL: SHOW COLUMNS FROM `star_blog` [ RunTime:0.000857s ]
SQL: UPDATE `star_blog` SET `vote_number`=vote_number+1 WHERE ( `id` = 28 ) [ RunTime:0.000361s ]

[ 2015-03-29T00:58:24+08:00 ] 39.173.26.117 /Index/Index/loveBlog
INFO: [ route_check ] --START--
INFO: CheckRoute Behavior ::run [ RunTime:0.000151s ]
INFO: [ route_check ] --END-- [ RunTime:0.000247s ]
INFO: [ app_begin ] --START--
INFO: ReadHtmlCache Behavior ::run [ RunTime:0.000144s ]
INFO: [ app_begin ] --END-- [ RunTime:0.000213s ]
SQL: SHOW COLUMNS FROM `star_ip_list` [ RunTime:0.000887s ]
SQL: SELECT * FROM `star_ip_list` WHERE ( `login_ip` = '39.173.26.117' ) AND ( `date` = '15-03-29' )  [ RunTime:0.003614s ]
SQL: SELECT * FROM `star_ip_list` WHERE ( `login_ip` = '39.173.26.117' ) AND ( `date` = '15-03-29' )  [ RunTime:0.000192s ]
SQL: UPDATE `star_ip_list` SET `times`=times+1 WHERE ( `login_ip` = '39.173.26.117' ) AND ( `date` = '15-03-29' ) [ RunTime:0.019087s ]
SQL: SHOW COLUMNS FROM `star_blog` [ RunTime:0.000854s ]
SQL: UPDATE `star_blog` SET `vote_number`=vote_number+1 WHERE ( `id` = 28 ) [ RunTime:0.000358s ]

[ 2015-03-29T00:58:26+08:00 ] 39.173.26.117 /Index/Index/loveBlog
INFO: [ route_check ] --START--
INFO: CheckRoute Behavior ::run [ RunTime:0.000153s ]
INFO: [ route_check ] --END-- [ RunTime:0.000251s ]
INFO: [ app_begin ] --START--
INFO: ReadHtmlCache Behavior ::run [ RunTime:0.000143s ]
INFO: [ app_begin ] --END-- [ RunTime:0.000213s ]
SQL: SHOW COLUMNS FROM `star_ip_list` [ RunTime:0.000901s ]
SQL: SELECT * FROM `star_ip_list` WHERE ( `login_ip` = '39.173.26.117' ) AND ( `date` = '15-03-29' )  [ RunTime:0.003616s ]
SQL: SELECT * FROM `star_ip_list` WHERE ( `login_ip` = '39.173.26.117' ) AND ( `date` = '15-03-29' )  [ RunTime:0.000192s ]

[ 2015-03-29T01:36:33+08:00 ] 157.55.39.79 /robots.txt
INFO: [ route_check ] --START--
INFO: CheckRoute Behavior ::run [ RunTime:0.000213s ]
INFO: [ route_check ] --END-- [ RunTime:0.000352s ]
INFO: [ app_begin ] --START--
INFO: ReadHtmlCache Behavior ::run [ RunTime:0.000176s ]
INFO: [ app_begin ] --END-- [ RunTime:0.000258s ]
NOTIC: [8] Undefined variable: group /home/www/vote/ThinkPHP/Lib/Core/App.class.php 第 102 行.
ERR: 无法加载模块:robots.txt

[ 2015-03-29T01:36:38+08:00 ] 157.55.39.79 /index/index/broadcast.html
INFO: [ route_check ] --START--
INFO: CheckRoute Behavior ::run [ RunTime:0.000160s ]
INFO: [ route_check ] --END-- [ RunTime:0.000261s ]
INFO: [ app_begin ] --START--
INFO: ReadHtmlCache Behavior ::run [ RunTime:0.000147s ]
INFO: [ app_begin ] --END-- [ RunTime:0.000224s ]
ERR: 无法加载模块:index

[ 2015-03-29T01:55:41+08:00 ] 157.55.39.87 /public/scripts/jquery.min.js
INFO: [ route_check ] --START--
INFO: CheckRoute Behavior ::run [ RunTime:0.000170s ]
INFO: [ route_check ] --END-- [ RunTime:0.000281s ]
INFO: [ app_begin ] --START--
INFO: ReadHtmlCache Behavior ::run [ RunTime:0.000149s ]
INFO: [ app_begin ] --END-- [ RunTime:0.000226s ]
ERR: 无法加载模块:public

[ 2015-03-29T07:57:03+08:00 ] 39.173.22.208 /Index/Index/broadcast.html
INFO: [ route_check ] --START--
INFO: CheckRoute Behavior ::run [ RunTime:0.000200s ]
INFO: [ route_check ] --END-- [ RunTime:0.000309s ]
INFO: [ app_begin ] --START--
INFO: ReadHtmlCache Behavior ::run [ RunTime:0.000168s ]
INFO: [ app_begin ] --END-- [ RunTime:0.000244s ]
SQL: SHOW COLUMNS FROM `star_blog` [ RunTime:0.000968s ]
SQL: SELECT * FROM `star_blog` ORDER BY id DESC  [ RunTime:0.000592s ]
INFO: [ view_parse ] --START--
INFO: ParseTemplate Behavior ::run [ RunTime:0.003654s ]
INFO: [ view_parse ] --END-- [ RunTime:0.003749s ]
INFO: [ view_filter ] --START--
INFO: ContentReplace Behavior ::run [ RunTime:0.000192s ]
INFO: TokenBuild Behavior ::run [ RunTime:0.000151s ]
INFO: WriteHtmlCache Behavior ::run [ RunTime:0.000098s ]
INFO: ShowRuntime Behavior ::run [ RunTime:0.000161s ]
INFO: [ view_filter ] --END-- [ RunTime:0.000821s ]
INFO: [ view_end ] --START--
INFO: ShowPageTrace Behavior ::run [ RunTime:0.000167s ]
INFO: [ view_end ] --END-- [ RunTime:0.000242s ]

[ 2015-03-29T07:57:04+08:00 ] 39.173.22.208 /Index/Index/blogData
INFO: [ route_check ] --START--
INFO: CheckRoute Behavior ::run [ RunTime:0.000200s ]
INFO: [ route_check ] --END-- [ RunTime:0.000310s ]
INFO: [ app_begin ] --START--
INFO: ReadHtmlCache Behavior ::run [ RunTime:0.000168s ]
INFO: [ app_begin ] --END-- [ RunTime:0.000243s ]
SQL: SHOW COLUMNS FROM `star_blog` [ RunTime:0.000891s ]
SQL: SELECT * FROM `star_blog` ORDER BY convert(username using gb2312) ASC LIMIT 0,8   [ RunTime:0.000468s ]

[ 2015-03-29T07:57:07+08:00 ] 39.173.22.208 /Index/Index/blogData
INFO: [ route_check ] --START--
INFO: CheckRoute Behavior ::run [ RunTime:0.000185s ]
INFO: [ route_check ] --END-- [ RunTime:0.000286s ]
INFO: [ app_begin ] --START--
INFO: ReadHtmlCache Behavior ::run [ RunTime:0.000163s ]
INFO: [ app_begin ] --END-- [ RunTime:0.000234s ]
SQL: SHOW COLUMNS FROM `star_blog` [ RunTime:0.000907s ]
SQL: SELECT * FROM `star_blog` ORDER BY convert(username using gb2312) ASC LIMIT 8,8   [ RunTime:0.000517s ]

[ 2015-03-29T07:57:09+08:00 ] 39.173.22.208 /Index/Index/blogData
INFO: [ route_check ] --START--
INFO: CheckRoute Behavior ::run [ RunTime:0.000150s ]
INFO: [ route_check ] --END-- [ RunTime:0.000247s ]
INFO: [ app_begin ] --START--
INFO: ReadHtmlCache Behavior ::run [ RunTime:0.000141s ]
INFO: [ app_begin ] --END-- [ RunTime:0.000211s ]
SQL: SHOW COLUMNS FROM `star_blog` [ RunTime:0.000898s ]
SQL: SELECT * FROM `star_blog` ORDER BY convert(username using gb2312) ASC LIMIT 16,8   [ RunTime:0.000552s ]

[ 2015-03-29T07:57:09+08:00 ] 39.173.22.208 /Index/Index/blogData
INFO: [ route_check ] --START--
INFO: CheckRoute Behavior ::run [ RunTime:0.000152s ]
INFO: [ route_check ] --END-- [ RunTime:0.000247s ]
INFO: [ app_begin ] --START--
INFO: ReadHtmlCache Behavior ::run [ RunTime:0.000144s ]
INFO: [ app_begin ] --END-- [ RunTime:0.000212s ]
SQL: SHOW COLUMNS FROM `star_blog` [ RunTime:0.000897s ]
SQL: SELECT * FROM `star_blog` ORDER BY convert(username using gb2312) ASC LIMIT 24,8   [ RunTime:0.000548s ]

[ 2015-03-29T07:57:10+08:00 ] 39.173.22.208 /Index/Index/blogData
INFO: [ route_check ] --START--
INFO: CheckRoute Behavior ::run [ RunTime:0.000150s ]
INFO: [ route_check ] --END-- [ RunTime:0.000245s ]
INFO: [ app_begin ] --START--
INFO: ReadHtmlCache Behavior ::run [ RunTime:0.000143s ]
INFO: [ app_begin ] --END-- [ RunTime:0.000212s ]
SQL: SHOW COLUMNS FROM `star_blog` [ RunTime:0.000864s ]
SQL: SELECT * FROM `star_blog` ORDER BY convert(username using gb2312) ASC LIMIT 32,8   [ RunTime:0.000544s ]

[ 2015-03-29T07:57:10+08:00 ] 39.173.22.208 /Index/Index/blogData
INFO: [ route_check ] --START--
INFO: CheckRoute Behavior ::run [ RunTime:0.000149s ]
INFO: [ route_check ] --END-- [ RunTime:0.000243s ]
INFO: [ app_begin ] --START--
INFO: ReadHtmlCache Behavior ::run [ RunTime:0.000141s ]
INFO: [ app_begin ] --END-- [ RunTime:0.000211s ]
SQL: SHOW COLUMNS FROM `star_blog` [ RunTime:0.000887s ]
SQL: SELECT * FROM `star_blog` ORDER BY convert(username using gb2312) ASC LIMIT 40,8   [ RunTime:0.000526s ]

[ 2015-03-29T07:57:18+08:00 ] 39.173.22.208 /Index/Index/loveBlog
INFO: [ route_check ] --START--
INFO: CheckRoute Behavior ::run [ RunTime:0.000160s ]
INFO: [ route_check ] --END-- [ RunTime:0.000266s ]
INFO: [ app_begin ] --START--
INFO: ReadHtmlCache Behavior ::run [ RunTime:0.000144s ]
INFO: [ app_begin ] --END-- [ RunTime:0.000213s ]
SQL: SHOW COLUMNS FROM `star_ip_list` [ RunTime:0.000950s ]
SQL: SELECT * FROM `star_ip_list` WHERE ( `login_ip` = '39.173.22.208' ) AND ( `date` = '15-03-29' )  [ RunTime:0.003637s ]
SQL: INSERT INTO `star_ip_list` (`login_ip`,`date`) VALUES ('39.173.22.208','15-03-29') [ RunTime:0.000768s ]
SQL: SELECT * FROM `star_ip_list` WHERE ( `login_ip` = '39.173.22.208' ) AND ( `date` = '15-03-29' )  [ RunTime:0.003580s ]
SQL: UPDATE `star_ip_list` SET `times`=times+1 WHERE ( `login_ip` = '39.173.22.208' ) AND ( `date` = '15-03-29' ) [ RunTime:0.018858s ]
SQL: SHOW COLUMNS FROM `star_blog` [ RunTime:0.000883s ]
SQL: UPDATE `star_blog` SET `vote_number`=vote_number+1 WHERE ( `id` = 28 ) [ RunTime:0.000437s ]

[ 2015-03-29T07:57:21+08:00 ] 39.173.22.208 /Index/Index/loveBlog
INFO: [ route_check ] --START--
INFO: CheckRoute Behavior ::run [ RunTime:0.000161s ]
INFO: [ route_check ] --END-- [ RunTime:0.000267s ]
INFO: [ app_begin ] --START--
INFO: ReadHtmlCache Behavior ::run [ RunTime:0.000146s ]
INFO: [ app_begin ] --END-- [ RunTime:0.000215s ]
SQL: SHOW COLUMNS FROM `star_ip_list` [ RunTime:0.000966s ]
SQL: SELECT * FROM `star_ip_list` WHERE ( `login_ip` = '39.173.22.208' ) AND ( `date` = '15-03-29' )  [ RunTime:0.003682s ]
SQL: SELECT * FROM `star_ip_list` WHERE ( `login_ip` = '39.173.22.208' ) AND ( `date` = '15-03-29' )  [ RunTime:0.000195s ]
SQL: UPDATE `star_ip_list` SET `times`=times+1 WHERE ( `login_ip` = '39.173.22.208' ) AND ( `date` = '15-03-29' ) [ RunTime:0.018994s ]
SQL: SHOW COLUMNS FROM `star_blog` [ RunTime:0.000853s ]
SQL: UPDATE `star_blog` SET `vote_number`=vote_number+1 WHERE ( `id` = 28 ) [ RunTime:0.000369s ]

[ 2015-03-29T07:57:23+08:00 ] 39.173.22.208 /Index/Index/loveBlog
INFO: [ route_check ] --START--
INFO: CheckRoute Behavior ::run [ RunTime:0.000185s ]
INFO: [ route_check ] --END-- [ RunTime:0.000303s ]
INFO: [ app_begin ] --START--
INFO: ReadHtmlCache Behavior ::run [ RunTime:0.000158s ]
INFO: [ app_begin ] --END-- [ RunTime:0.000233s ]
SQL: SHOW COLUMNS FROM `star_ip_list` [ RunTime:0.006843s ]
SQL: SELECT * FROM `star_ip_list` WHERE ( `login_ip` = '39.173.22.208' ) AND ( `date` = '15-03-29' )  [ RunTime:0.003649s ]
SQL: SELECT * FROM `star_ip_list` WHERE ( `login_ip` = '39.173.22.208' ) AND ( `date` = '15-03-29' )  [ RunTime:0.000190s ]
SQL: UPDATE `star_ip_list` SET `times`=times+1 WHERE ( `login_ip` = '39.173.22.208' ) AND ( `date` = '15-03-29' ) [ RunTime:0.019029s ]
SQL: SHOW COLUMNS FROM `star_blog` [ RunTime:0.000858s ]
SQL: UPDATE `star_blog` SET `vote_number`=vote_number+1 WHERE ( `id` = 28 ) [ RunTime:0.000341s ]

[ 2015-03-29T07:57:25+08:00 ] 39.173.22.208 /Index/Index/loveBlog
INFO: [ route_check ] --START--
INFO: CheckRoute Behavior ::run [ RunTime:0.000155s ]
INFO: [ route_check ] --END-- [ RunTime:0.000255s ]
INFO: [ app_begin ] --START--
INFO: ReadHtmlCache Behavior ::run [ RunTime:0.000145s ]
INFO: [ app_begin ] --END-- [ RunTime:0.000214s ]
SQL: SHOW COLUMNS FROM `star_ip_list` [ RunTime:0.000961s ]
SQL: SELECT * FROM `star_ip_list` WHERE ( `login_ip` = '39.173.22.208' ) AND ( `date` = '15-03-29' )  [ RunTime:0.003650s ]
SQL: SELECT * FROM `star_ip_list` WHERE ( `login_ip` = '39.173.22.208' ) AND ( `date` = '15-03-29' )  [ RunTime:0.000190s ]

[ 2015-03-29T07:57:27+08:00 ] 39.173.22.208 /Index/Index/loveBlog
INFO: [ route_check ] --START--
INFO: CheckRoute Behavior ::run [ RunTime:0.000159s ]
INFO: [ route_check ] --END-- [ RunTime:0.000265s ]
INFO: [ app_begin ] --START--
INFO: ReadHtmlCache Behavior ::run [ RunTime:0.000145s ]
INFO: [ app_begin ] --END-- [ RunTime:0.000214s ]
SQL: SHOW COLUMNS FROM `star_ip_list` [ RunTime:0.000952s ]
SQL: SELECT * FROM `star_ip_list` WHERE ( `login_ip` = '39.173.22.208' ) AND ( `date` = '15-03-29' )  [ RunTime:0.000214s ]
SQL: SELECT * FROM `star_ip_list` WHERE ( `login_ip` = '39.173.22.208' ) AND ( `date` = '15-03-29' )  [ RunTime:0.000189s ]

[ 2015-03-29T08:19:44+08:00 ] 39.173.22.208 /Index/Index/loveBlog
INFO: [ route_check ] --START--
INFO: CheckRoute Behavior ::run [ RunTime:0.000163s ]
INFO: [ route_check ] --END-- [ RunTime:0.000272s ]
INFO: [ app_begin ] --START--
INFO: ReadHtmlCache Behavior ::run [ RunTime:0.000149s ]
INFO: [ app_begin ] --END-- [ RunTime:0.000219s ]
SQL: SHOW COLUMNS FROM `star_ip_list` [ RunTime:0.001019s ]
SQL: SELECT * FROM `star_ip_list` WHERE ( `login_ip` = '39.173.22.208' ) AND ( `date` = '15-03-29' )  [ RunTime:0.000194s ]
SQL: SELECT * FROM `star_ip_list` WHERE ( `login_ip` = '39.173.22.208' ) AND ( `date` = '15-03-29' )  [ RunTime:0.000131s ]

[ 2015-03-29T08:27:50+08:00 ] 14.18.252.72 /
INFO: [ app_begin ] --START--
INFO: ReadHtmlCache Behavior ::run [ RunTime:0.000168s ]
INFO: [ app_begin ] --END-- [ RunTime:0.000281s ]
INFO: [ view_parse ] --START--
INFO: ParseTemplate Behavior ::run [ RunTime:0.000362s ]
INFO: [ view_parse ] --END-- [ RunTime:0.000451s ]
INFO: [ view_filter ] --START--
NOTIC: [8] Use of undefined constant APP_TMPL_PATH - assumed 'APP_TMPL_PATH' /home/www/vote/ThinkPHP/Lib/Behavior/ContentReplaceBehavior.class.php 第 40 行.
NOTIC: [8] Use of undefined constant APP_TMPL_PATH - assumed 'APP_TMPL_PATH' /home/www/vote/ThinkPHP/Lib/Behavior/ContentReplaceBehavior.class.php 第 47 行.
INFO: ContentReplace Behavior ::run [ RunTime:0.000238s ]
INFO: TokenBuild Behavior ::run [ RunTime:0.000141s ]
INFO: WriteHtmlCache Behavior ::run [ RunTime:0.000097s ]
INFO: ShowRuntime Behavior ::run [ RunTime:0.000162s ]
INFO: [ view_filter ] --END-- [ RunTime:0.000836s ]
INFO: [ view_end ] --START--
INFO: ShowPageTrace Behavior ::run [ RunTime:0.000169s ]
INFO: [ view_end ] --END-- [ RunTime:0.000241s ]

[ 2015-03-29T08:49:21+08:00 ] 221.192.56.90 /Index/Index/broadcast.html
INFO: [ route_check ] --START--
INFO: CheckRoute Behavior ::run [ RunTime:0.000170s ]
INFO: [ route_check ] --END-- [ RunTime:0.000281s ]
INFO: [ app_begin ] --START--
INFO: ReadHtmlCache Behavior ::run [ RunTime:0.000148s ]
INFO: [ app_begin ] --END-- [ RunTime:0.000224s ]
SQL: SHOW COLUMNS FROM `star_blog` [ RunTime:0.000973s ]
SQL: SELECT * FROM `star_blog` ORDER BY id DESC  [ RunTime:0.000574s ]
INFO: [ view_parse ] --START--
INFO: ParseTemplate Behavior ::run [ RunTime:0.003491s ]
INFO: [ view_parse ] --END-- [ RunTime:0.003578s ]
INFO: [ view_filter ] --START--
INFO: ContentReplace Behavior ::run [ RunTime:0.000171s ]
INFO: TokenBuild Behavior ::run [ RunTime:0.000137s ]
INFO: WriteHtmlCache Behavior ::run [ RunTime:0.000090s ]
INFO: ShowRuntime Behavior ::run [ RunTime:0.000153s ]
INFO: [ view_filter ] --END-- [ RunTime:0.000747s ]
INFO: [ view_end ] --START--
INFO: ShowPageTrace Behavior ::run [ RunTime:0.000142s ]
INFO: [ view_end ] --END-- [ RunTime:0.000214s ]

[ 2015-03-29T08:49:22+08:00 ] 221.192.56.90 /Index/Index/blogData
INFO: [ route_check ] --START--
INFO: CheckRoute Behavior ::run [ RunTime:0.000158s ]
INFO: [ route_check ] --END-- [ RunTime:0.000256s ]
INFO: [ app_begin ] --START--
INFO: ReadHtmlCache Behavior ::run [ RunTime:0.000146s ]
INFO: [ app_begin ] --END-- [ RunTime:0.000215s ]
SQL: SHOW COLUMNS FROM `star_blog` [ RunTime:0.000966s ]
SQL: SELECT * FROM `star_blog` ORDER BY convert(username using gb2312) ASC LIMIT 0,8   [ RunTime:0.000553s ]

[ 2015-03-29T08:49:24+08:00 ] 221.192.56.90 /Index/Index/blogData
INFO: [ route_check ] --START--
INFO: CheckRoute Behavior ::run [ RunTime:0.000207s ]
INFO: [ route_check ] --END-- [ RunTime:0.000325s ]
INFO: [ app_begin ] --START--
INFO: ReadHtmlCache Behavior ::run [ RunTime:0.000166s ]
INFO: [ app_begin ] --END-- [ RunTime:0.000247s ]
SQL: SHOW COLUMNS FROM `star_blog` [ RunTime:0.000969s ]
SQL: SELECT * FROM `star_blog` ORDER BY convert(username using gb2312) ASC LIMIT 8,8   [ RunTime:0.000472s ]

[ 2015-03-29T08:49:25+08:00 ] 221.192.56.90 /Index/Index/blogData
INFO: [ route_check ] --START--
INFO: CheckRoute Behavior ::run [ RunTime:0.000150s ]
INFO: [ route_check ] --END-- [ RunTime:0.000244s ]
INFO: [ app_begin ] --START--
INFO: ReadHtmlCache Behavior ::run [ RunTime:0.000141s ]
INFO: [ app_begin ] --END-- [ RunTime:0.000212s ]
SQL: SHOW COLUMNS FROM `star_blog` [ RunTime:0.000891s ]
SQL: SELECT * FROM `star_blog` ORDER BY convert(username using gb2312) ASC LIMIT 16,8   [ RunTime:0.000524s ]

[ 2015-03-29T08:49:25+08:00 ] 221.192.56.90 /Index/Index/blogData
INFO: [ route_check ] --START--
INFO: CheckRoute Behavior ::run [ RunTime:0.000151s ]
INFO: [ route_check ] --END-- [ RunTime:0.000251s ]
INFO: [ app_begin ] --START--
INFO: ReadHtmlCache Behavior ::run [ RunTime:0.000141s ]
INFO: [ app_begin ] --END-- [ RunTime:0.000212s ]
SQL: SHOW COLUMNS FROM `star_blog` [ RunTime:0.000944s ]
SQL: SELECT * FROM `star_blog` ORDER BY convert(username using gb2312) ASC LIMIT 24,8   [ RunTime:0.000568s ]

[ 2015-03-29T08:49:26+08:00 ] 221.192.56.90 /Index/Index/blogData
INFO: [ route_check ] --START--
INFO: CheckRoute Behavior ::run [ RunTime:0.000156s ]
INFO: [ route_check ] --END-- [ RunTime:0.000261s ]
INFO: [ app_begin ] --START--
INFO: ReadHtmlCache Behavior ::run [ RunTime:0.000143s ]
INFO: [ app_begin ] --END-- [ RunTime:0.000213s ]
SQL: SHOW COLUMNS FROM `star_blog` [ RunTime:0.006181s ]
SQL: SELECT * FROM `star_blog` ORDER BY convert(username using gb2312) ASC LIMIT 32,8   [ RunTime:0.000574s ]

[ 2015-03-29T08:49:28+08:00 ] 221.192.56.90 /Index/Index/blogData
INFO: [ route_check ] --START--
INFO: CheckRoute Behavior ::run [ RunTime:0.000152s ]
INFO: [ route_check ] --END-- [ RunTime:0.000253s ]
INFO: [ app_begin ] --START--
INFO: ReadHtmlCache Behavior ::run [ RunTime:0.000142s ]
INFO: [ app_begin ] --END-- [ RunTime:0.000211s ]
SQL: SHOW COLUMNS FROM `star_blog` [ RunTime:0.000898s ]
SQL: SELECT * FROM `star_blog` ORDER BY convert(username using gb2312) ASC LIMIT 40,8   [ RunTime:0.000560s ]

[ 2015-03-29T08:49:30+08:00 ] 221.192.56.90 /Index/Index/loveBlog
INFO: [ route_check ] --START--
INFO: CheckRoute Behavior ::run [ RunTime:0.000176s ]
INFO: [ route_check ] --END-- [ RunTime:0.000291s ]
INFO: [ app_begin ] --START--
INFO: ReadHtmlCache Behavior ::run [ RunTime:0.000152s ]
INFO: [ app_begin ] --END-- [ RunTime:0.000232s ]
SQL: SHOW COLUMNS FROM `star_ip_list` [ RunTime:0.000911s ]
SQL: SELECT * FROM `star_ip_list` WHERE ( `login_ip` = '221.192.56.90' ) AND ( `date` = '15-03-29' )  [ RunTime:0.003735s ]
SQL: INSERT INTO `star_ip_list` (`login_ip`,`date`) VALUES ('221.192.56.90','15-03-29') [ RunTime:0.000791s ]
SQL: SELECT * FROM `star_ip_list` WHERE ( `login_ip` = '221.192.56.90' ) AND ( `date` = '15-03-29' )  [ RunTime:0.003697s ]
SQL: UPDATE `star_ip_list` SET `times`=times+1 WHERE ( `login_ip` = '221.192.56.90' ) AND ( `date` = '15-03-29' ) [ RunTime:0.019032s ]
SQL: SHOW COLUMNS FROM `star_blog` [ RunTime:0.000884s ]
SQL: UPDATE `star_blog` SET `vote_number`=vote_number+1 WHERE ( `id` = 28 ) [ RunTime:0.000441s ]

[ 2015-03-29T09:30:43+08:00 ] 14.17.34.190 /Index/Index/broadcast.html
INFO: [ route_check ] --START--
INFO: CheckRoute Behavior ::run [ RunTime:0.000214s ]
INFO: [ route_check ] --END-- [ RunTime:0.000349s ]
INFO: [ app_begin ] --START--
INFO: ReadHtmlCache Behavior ::run [ RunTime:0.000174s ]
INFO: [ app_begin ] --END-- [ RunTime:0.000256s ]
SQL: SHOW COLUMNS FROM `star_blog` [ RunTime:0.001007s ]
SQL: SELECT * FROM `star_blog` ORDER BY id DESC  [ RunTime:0.000570s ]
INFO: [ view_parse ] --START--
INFO: ParseTemplate Behavior ::run [ RunTime:0.004667s ]
INFO: [ view_parse ] --END-- [ RunTime:0.004764s ]
INFO: [ view_filter ] --START--
INFO: ContentReplace Behavior ::run [ RunTime:0.000214s ]
INFO: TokenBuild Behavior ::run [ RunTime:0.000155s ]
INFO: WriteHtmlCache Behavior ::run [ RunTime:0.000107s ]
INFO: ShowRuntime Behavior ::run [ RunTime:0.000176s ]
INFO: [ view_filter ] --END-- [ RunTime:0.000860s ]
INFO: [ view_end ] --START--
INFO: ShowPageTrace Behavior ::run [ RunTime:0.000170s ]
INFO: [ view_end ] --END-- [ RunTime:0.000248s ]

[ 2015-03-29T10:28:37+08:00 ] 60.170.236.200 /
INFO: [ app_begin ] --START--
INFO: ReadHtmlCache Behavior ::run [ RunTime:0.000186s ]
INFO: [ app_begin ] --END-- [ RunTime:0.000308s ]
INFO: [ view_parse ] --START--
INFO: ParseTemplate Behavior ::run [ RunTime:0.000352s ]
INFO: [ view_parse ] --END-- [ RunTime:0.000445s ]
INFO: [ view_filter ] --START--
NOTIC: [8] Use of undefined constant APP_TMPL_PATH - assumed 'APP_TMPL_PATH' /home/www/vote/ThinkPHP/Lib/Behavior/ContentReplaceBehavior.class.php 第 40 行.
NOTIC: [8] Use of undefined constant APP_TMPL_PATH - assumed 'APP_TMPL_PATH' /home/www/vote/ThinkPHP/Lib/Behavior/ContentReplaceBehavior.class.php 第 47 行.
INFO: ContentReplace Behavior ::run [ RunTime:0.000245s ]
INFO: TokenBuild Behavior ::run [ RunTime:0.000148s ]
INFO: WriteHtmlCache Behavior ::run [ RunTime:0.000101s ]
INFO: ShowRuntime Behavior ::run [ RunTime:0.000178s ]
INFO: [ view_filter ] --END-- [ RunTime:0.000872s ]
INFO: [ view_end ] --START--
INFO: ShowPageTrace Behavior ::run [ RunTime:0.000169s ]
INFO: [ view_end ] --END-- [ RunTime:0.000242s ]

[ 2015-03-29T10:28:43+08:00 ] 60.170.236.200 /
INFO: [ app_begin ] --START--
INFO: ReadHtmlCache Behavior ::run [ RunTime:0.000281s ]
INFO: [ app_begin ] --END-- [ RunTime:0.000401s ]
INFO: [ view_parse ] --START--
INFO: ParseTemplate Behavior ::run [ RunTime:0.000362s ]
INFO: [ view_parse ] --END-- [ RunTime:0.000452s ]
INFO: [ view_filter ] --START--
NOTIC: [8] Use of undefined constant APP_TMPL_PATH - assumed 'APP_TMPL_PATH' /home/www/vote/ThinkPHP/Lib/Behavior/ContentReplaceBehavior.class.php 第 40 行.
NOTIC: [8] Use of undefined constant APP_TMPL_PATH - assumed 'APP_TMPL_PATH' /home/www/vote/ThinkPHP/Lib/Behavior/ContentReplaceBehavior.class.php 第 47 行.
INFO: ContentReplace Behavior ::run [ RunTime:0.000244s ]
INFO: TokenBuild Behavior ::run [ RunTime:0.000143s ]
INFO: WriteHtmlCache Behavior ::run [ RunTime:0.000103s ]
INFO: ShowRuntime Behavior ::run [ RunTime:0.000178s ]
INFO: [ view_filter ] --END-- [ RunTime:0.000868s ]
INFO: [ view_end ] --START--
INFO: ShowPageTrace Behavior ::run [ RunTime:0.000168s ]
INFO: [ view_end ] --END-- [ RunTime:0.000241s ]

[ 2015-03-29T11:35:54+08:00 ] 183.60.35.93 /
INFO: [ app_begin ] --START--
INFO: ReadHtmlCache Behavior ::run [ RunTime:0.000187s ]
INFO: [ app_begin ] --END-- [ RunTime:0.000308s ]
INFO: [ view_parse ] --START--
INFO: ParseTemplate Behavior ::run [ RunTime:0.000354s ]
INFO: [ view_parse ] --END-- [ RunTime:0.000445s ]
INFO: [ view_filter ] --START--
NOTIC: [8] Use of undefined constant APP_TMPL_PATH - assumed 'APP_TMPL_PATH' /home/www/vote/ThinkPHP/Lib/Behavior/ContentReplaceBehavior.class.php 第 40 行.
NOTIC: [8] Use of undefined constant APP_TMPL_PATH - assumed 'APP_TMPL_PATH' /home/www/vote/ThinkPHP/Lib/Behavior/ContentReplaceBehavior.class.php 第 47 行.
INFO: ContentReplace Behavior ::run [ RunTime:0.000241s ]
INFO: TokenBuild Behavior ::run [ RunTime:0.000147s ]
INFO: WriteHtmlCache Behavior ::run [ RunTime:0.000101s ]
INFO: ShowRuntime Behavior ::run [ RunTime:0.000174s ]
INFO: [ view_filter ] --END-- [ RunTime:0.000866s ]
INFO: [ view_end ] --START--
INFO: ShowPageTrace Behavior ::run [ RunTime:0.000173s ]
INFO: [ view_end ] --END-- [ RunTime:0.000246s ]

[ 2015-03-29T13:32:27+08:00 ] 68.180.228.27 /robots.txt
INFO: [ route_check ] --START--
INFO: CheckRoute Behavior ::run [ RunTime:0.000211s ]
INFO: [ route_check ] --END-- [ RunTime:0.000347s ]
INFO: [ app_begin ] --START--
INFO: ReadHtmlCache Behavior ::run [ RunTime:0.000168s ]
INFO: [ app_begin ] --END-- [ RunTime:0.000254s ]
NOTIC: [8] Undefined variable: group /home/www/vote/ThinkPHP/Lib/Core/App.class.php 第 102 行.
ERR: 无法加载模块:robots.txt

[ 2015-03-29T13:32:28+08:00 ] 68.180.228.27 /
INFO: [ app_begin ] --START--
INFO: ReadHtmlCache Behavior ::run [ RunTime:0.000185s ]
INFO: [ app_begin ] --END-- [ RunTime:0.000307s ]
INFO: [ view_parse ] --START--
INFO: ParseTemplate Behavior ::run [ RunTime:0.000364s ]
INFO: [ view_parse ] --END-- [ RunTime:0.000454s ]
INFO: [ view_filter ] --START--
NOTIC: [8] Use of undefined constant APP_TMPL_PATH - assumed 'APP_TMPL_PATH' /home/www/vote/ThinkPHP/Lib/Behavior/ContentReplaceBehavior.class.php 第 40 行.
NOTIC: [8] Use of undefined constant APP_TMPL_PATH - assumed 'APP_TMPL_PATH' /home/www/vote/ThinkPHP/Lib/Behavior/ContentReplaceBehavior.class.php 第 47 行.
INFO: ContentReplace Behavior ::run [ RunTime:0.000245s ]
INFO: TokenBuild Behavior ::run [ RunTime:0.000147s ]
INFO: WriteHtmlCache Behavior ::run [ RunTime:0.000104s ]
INFO: ShowRuntime Behavior ::run [ RunTime:0.000179s ]
INFO: [ view_filter ] --END-- [ RunTime:0.000894s ]
INFO: [ view_end ] --START--
INFO: ShowPageTrace Behavior ::run [ RunTime:0.000173s ]
INFO: [ view_end ] --END-- [ RunTime:0.000247s ]

[ 2015-03-29T14:30:09+08:00 ] 222.197.176.164 /
INFO: [ app_begin ] --START--
INFO: ReadHtmlCache Behavior ::run [ RunTime:0.000191s ]
INFO: [ app_begin ] --END-- [ RunTime:0.000309s ]
INFO: [ view_parse ] --START--
INFO: ParseTemplate Behavior ::run [ RunTime:0.000358s ]
INFO: [ view_parse ] --END-- [ RunTime:0.000469s ]
INFO: [ view_filter ] --START--
NOTIC: [8] Use of undefined constant APP_TMPL_PATH - assumed 'APP_TMPL_PATH' /home/www/vote/ThinkPHP/Lib/Behavior/ContentReplaceBehavior.class.php 第 40 行.
NOTIC: [8] Use of undefined constant APP_TMPL_PATH - assumed 'APP_TMPL_PATH' /home/www/vote/ThinkPHP/Lib/Behavior/ContentReplaceBehavior.class.php 第 47 行.
INFO: ContentReplace Behavior ::run [ RunTime:0.000247s ]
INFO: TokenBuild Behavior ::run [ RunTime:0.000144s ]
INFO: WriteHtmlCache Behavior ::run [ RunTime:0.000104s ]
INFO: ShowRuntime Behavior ::run [ RunTime:0.000178s ]
INFO: [ view_filter ] --END-- [ RunTime:0.000872s ]
INFO: [ view_end ] --START--
INFO: ShowPageTrace Behavior ::run [ RunTime:0.000167s ]
INFO: [ view_end ] --END-- [ RunTime:0.000240s ]

[ 2015-03-29T14:30:09+08:00 ] 222.197.176.164 /
INFO: [ app_begin ] --START--
INFO: ReadHtmlCache Behavior ::run [ RunTime:0.000170s ]
INFO: [ app_begin ] --END-- [ RunTime:0.000282s ]
INFO: [ view_parse ] --START--
INFO: ParseTemplate Behavior ::run [ RunTime:0.000343s ]
INFO: [ view_parse ] --END-- [ RunTime:0.000425s ]
INFO: [ view_filter ] --START--
NOTIC: [8] Use of undefined constant APP_TMPL_PATH - assumed 'APP_TMPL_PATH' /home/www/vote/ThinkPHP/Lib/Behavior/ContentReplaceBehavior.class.php 第 40 行.
NOTIC: [8] Use of undefined constant APP_TMPL_PATH - assumed 'APP_TMPL_PATH' /home/www/vote/ThinkPHP/Lib/Behavior/ContentReplaceBehavior.class.php 第 47 行.
INFO: ContentReplace Behavior ::run [ RunTime:0.000227s ]
INFO: TokenBuild Behavior ::run [ RunTime:0.000135s ]
INFO: WriteHtmlCache Behavior ::run [ RunTime:0.000094s ]
INFO: ShowRuntime Behavior ::run [ RunTime:0.000167s ]
INFO: [ view_filter ] --END-- [ RunTime:0.000816s ]
INFO: [ view_end ] --START--
INFO: ShowPageTrace Behavior ::run [ RunTime:0.000155s ]
INFO: [ view_end ] --END-- [ RunTime:0.000224s ]

[ 2015-03-29T15:47:07+08:00 ] 120.204.201.77 /
INFO: [ app_begin ] --START--
INFO: ReadHtmlCache Behavior ::run [ RunTime:0.000195s ]
INFO: [ app_begin ] --END-- [ RunTime:0.000321s ]
INFO: [ view_parse ] --START--
INFO: ParseTemplate Behavior ::run [ RunTime:0.000358s ]
INFO: [ view_parse ] --END-- [ RunTime:0.000448s ]
INFO: [ view_filter ] --START--
NOTIC: [8] Use of undefined constant APP_TMPL_PATH - assumed 'APP_TMPL_PATH' /home/www/vote/ThinkPHP/Lib/Behavior/ContentReplaceBehavior.class.php 第 40 行.
NOTIC: [8] Use of undefined constant APP_TMPL_PATH - assumed 'APP_TMPL_PATH' /home/www/vote/ThinkPHP/Lib/Behavior/ContentReplaceBehavior.class.php 第 47 行.
INFO: ContentReplace Behavior ::run [ RunTime:0.000245s ]
INFO: TokenBuild Behavior ::run [ RunTime:0.000145s ]
INFO: WriteHtmlCache Behavior ::run [ RunTime:0.000101s ]
INFO: ShowRuntime Behavior ::run [ RunTime:0.000181s ]
INFO: [ view_filter ] --END-- [ RunTime:0.000873s ]
INFO: [ view_end ] --START--
INFO: ShowPageTrace Behavior ::run [ RunTime:0.000172s ]
INFO: [ view_end ] --END-- [ RunTime:0.000246s ]

[ 2015-03-29T15:47:07+08:00 ] 140.207.55.80 /
INFO: [ app_begin ] --START--
INFO: ReadHtmlCache Behavior ::run [ RunTime:0.000187s ]
INFO: [ app_begin ] --END-- [ RunTime:0.000307s ]
INFO: [ view_parse ] --START--
INFO: ParseTemplate Behavior ::run [ RunTime:0.000381s ]
INFO: [ view_parse ] --END-- [ RunTime:0.000473s ]
INFO: [ view_filter ] --START--
NOTIC: [8] Use of undefined constant APP_TMPL_PATH - assumed 'APP_TMPL_PATH' /home/www/vote/ThinkPHP/Lib/Behavior/ContentReplaceBehavior.class.php 第 40 行.
NOTIC: [8] Use of undefined constant APP_TMPL_PATH - assumed 'APP_TMPL_PATH' /home/www/vote/ThinkPHP/Lib/Behavior/ContentReplaceBehavior.class.php 第 47 行.
INFO: ContentReplace Behavior ::run [ RunTime:0.000238s ]
INFO: TokenBuild Behavior ::run [ RunTime:0.000145s ]
INFO: WriteHtmlCache Behavior ::run [ RunTime:0.000098s ]
INFO: ShowRuntime Behavior ::run [ RunTime:0.000178s ]
INFO: [ view_filter ] --END-- [ RunTime:0.000860s ]
INFO: [ view_end ] --START--
INFO: ShowPageTrace Behavior ::run [ RunTime:0.000161s ]
INFO: [ view_end ] --END-- [ RunTime:0.000235s ]

[ 2015-03-29T15:47:15+08:00 ] 49.77.131.215 /Index/Index/broadcast.html
INFO: [ route_check ] --START--
INFO: CheckRoute Behavior ::run [ RunTime:0.000209s ]
INFO: [ route_check ] --END-- [ RunTime:0.000346s ]
INFO: [ app_begin ] --START--
INFO: ReadHtmlCache Behavior ::run [ RunTime:0.000165s ]
INFO: [ app_begin ] --END-- [ RunTime:0.000251s ]
SQL: SHOW COLUMNS FROM `star_blog` [ RunTime:0.000983s ]
SQL: SELECT * FROM `star_blog` ORDER BY id DESC  [ RunTime:0.000190s ]
INFO: [ view_parse ] --START--
INFO: ParseTemplate Behavior ::run [ RunTime:0.004689s ]
INFO: [ view_parse ] --END-- [ RunTime:0.004787s ]
INFO: [ view_filter ] --START--
INFO: ContentReplace Behavior ::run [ RunTime:0.000196s ]
INFO: TokenBuild Behavior ::run [ RunTime:0.000156s ]
INFO: WriteHtmlCache Behavior ::run [ RunTime:0.000100s ]
INFO: ShowRuntime Behavior ::run [ RunTime:0.000176s ]
INFO: [ view_filter ] --END-- [ RunTime:0.000834s ]
INFO: [ view_end ] --START--
INFO: ShowPageTrace Behavior ::run [ RunTime:0.000166s ]
INFO: [ view_end ] --END-- [ RunTime:0.000242s ]

[ 2015-03-29T15:47:18+08:00 ] 49.77.131.215 /Index/Index/blogData
INFO: [ route_check ] --START--
INFO: CheckRoute Behavior ::run [ RunTime:0.000241s ]
INFO: [ route_check ] --END-- [ RunTime:0.000357s ]
INFO: [ app_begin ] --START--
INFO: ReadHtmlCache Behavior ::run [ RunTime:0.000149s ]
INFO: [ app_begin ] --END-- [ RunTime:0.000229s ]
SQL: SHOW COLUMNS FROM `star_blog` [ RunTime:0.000997s ]
SQL: SELECT * FROM `star_blog` ORDER BY convert(username using gb2312) ASC LIMIT 0,8   [ RunTime:0.000515s ]

[ 2015-03-29T15:47:20+08:00 ] 49.77.131.215 /Index/Index/blogData
INFO: [ route_check ] --START--
INFO: CheckRoute Behavior ::run [ RunTime:0.000148s ]
INFO: [ route_check ] --END-- [ RunTime:0.000247s ]
INFO: [ app_begin ] --START--
INFO: ReadHtmlCache Behavior ::run [ RunTime:0.000142s ]
INFO: [ app_begin ] --END-- [ RunTime:0.000210s ]
SQL: SHOW COLUMNS FROM `star_blog` [ RunTime:0.000930s ]
SQL: SELECT * FROM `star_blog` ORDER BY convert(username using gb2312) ASC LIMIT 8,8   [ RunTime:0.000514s ]

[ 2015-03-29T15:47:22+08:00 ] 49.77.131.215 /Index/Index/blogData
INFO: [ route_check ] --START--
INFO: CheckRoute Behavior ::run [ RunTime:0.000207s ]
INFO: [ route_check ] --END-- [ RunTime:0.000317s ]
INFO: [ app_begin ] --START--
INFO: ReadHtmlCache Behavior ::run [ RunTime:0.000151s ]
INFO: [ app_begin ] --END-- [ RunTime:0.000229s ]
SQL: SHOW COLUMNS FROM `star_blog` [ RunTime:0.000922s ]
SQL: SELECT * FROM `star_blog` ORDER BY convert(username using gb2312) ASC LIMIT 16,8   [ RunTime:0.000543s ]

[ 2015-03-29T15:47:24+08:00 ] 49.77.131.215 /Index/Index/blogData
INFO: [ route_check ] --START--
INFO: CheckRoute Behavior ::run [ RunTime:0.000168s ]
INFO: [ route_check ] --END-- [ RunTime:0.000284s ]
INFO: [ app_begin ] --START--
INFO: ReadHtmlCache Behavior ::run [ RunTime:0.000147s ]
INFO: [ app_begin ] --END-- [ RunTime:0.000227s ]
SQL: SHOW COLUMNS FROM `star_blog` [ RunTime:0.000984s ]
SQL: SELECT * FROM `star_blog` ORDER BY convert(username using gb2312) ASC LIMIT 24,8   [ RunTime:0.000595s ]

[ 2015-03-29T15:47:25+08:00 ] 49.77.131.215 /Index/Index/blogData
INFO: [ route_check ] --START--
INFO: CheckRoute Behavior ::run [ RunTime:0.000146s ]
INFO: [ route_check ] --END-- [ RunTime:0.000244s ]
INFO: [ app_begin ] --START--
INFO: ReadHtmlCache Behavior ::run [ RunTime:0.000140s ]
INFO: [ app_begin ] --END-- [ RunTime:0.000209s ]
SQL: SHOW COLUMNS FROM `star_blog` [ RunTime:0.000899s ]
SQL: SELECT * FROM `star_blog` ORDER BY convert(username using gb2312) ASC LIMIT 32,8   [ RunTime:0.000543s ]

[ 2015-03-29T15:47:26+08:00 ] 49.77.131.215 /Index/Index/blogData
INFO: [ route_check ] --START--
INFO: CheckRoute Behavior ::run [ RunTime:0.000166s ]
INFO: [ route_check ] --END-- [ RunTime:0.000272s ]
INFO: [ app_begin ] --START--
INFO: ReadHtmlCache Behavior ::run [ RunTime:0.000188s ]
INFO: [ app_begin ] --END-- [ RunTime:0.000270s ]
SQL: SHOW COLUMNS FROM `star_blog` [ RunTime:0.000905s ]
SQL: SELECT * FROM `star_blog` ORDER BY convert(username using gb2312) ASC LIMIT 40,8   [ RunTime:0.000488s ]

[ 2015-03-29T15:47:31+08:00 ] 49.77.131.215 /Index/Index/loveBlog
INFO: [ route_check ] --START--
INFO: CheckRoute Behavior ::run [ RunTime:0.000168s ]
INFO: [ route_check ] --END-- [ RunTime:0.000279s ]
INFO: [ app_begin ] --START--
INFO: ReadHtmlCache Behavior ::run [ RunTime:0.000151s ]
INFO: [ app_begin ] --END-- [ RunTime:0.000237s ]
SQL: SHOW COLUMNS FROM `star_ip_list` [ RunTime:0.000929s ]
SQL: SELECT * FROM `star_ip_list` WHERE ( `login_ip` = '49.77.131.215' ) AND ( `date` = '15-03-29' )  [ RunTime:0.003690s ]
SQL: INSERT INTO `star_ip_list` (`login_ip`,`date`) VALUES ('49.77.131.215','15-03-29') [ RunTime:0.000357s ]
SQL: SELECT * FROM `star_ip_list` WHERE ( `login_ip` = '49.77.131.215' ) AND ( `date` = '15-03-29' )  [ RunTime:0.003620s ]
SQL: UPDATE `star_ip_list` SET `times`=times+1 WHERE ( `login_ip` = '49.77.131.215' ) AND ( `date` = '15-03-29' ) [ RunTime:0.018770s ]
SQL: SHOW COLUMNS FROM `star_blog` [ RunTime:0.000885s ]
SQL: UPDATE `star_blog` SET `vote_number`=vote_number+1 WHERE ( `id` = 28 ) [ RunTime:0.000845s ]

[ 2015-03-29T16:24:29+08:00 ] 66.249.79.108 /robots.txt
INFO: [ route_check ] --START--
INFO: CheckRoute Behavior ::run [ RunTime:0.000213s ]
INFO: [ route_check ] --END-- [ RunTime:0.000342s ]
INFO: [ app_begin ] --START--
INFO: ReadHtmlCache Behavior ::run [ RunTime:0.000171s ]
INFO: [ app_begin ] --END-- [ RunTime:0.000258s ]
NOTIC: [8] Undefined variable: group /home/www/vote/ThinkPHP/Lib/Core/App.class.php 第 102 行.
ERR: 无法加载模块:robots.txt

[ 2015-03-29T17:58:20+08:00 ] 101.226.66.176 /
INFO: [ app_begin ] --START--
INFO: ReadHtmlCache Behavior ::run [ RunTime:0.000189s ]
INFO: [ app_begin ] --END-- [ RunTime:0.000314s ]
INFO: [ view_parse ] --START--
INFO: ParseTemplate Behavior ::run [ RunTime:0.000366s ]
INFO: [ view_parse ] --END-- [ RunTime:0.000450s ]
INFO: [ view_filter ] --START--
NOTIC: [8] Use of undefined constant APP_TMPL_PATH - assumed 'APP_TMPL_PATH' /home/www/vote/ThinkPHP/Lib/Behavior/ContentReplaceBehavior.class.php 第 40 行.
NOTIC: [8] Use of undefined constant APP_TMPL_PATH - assumed 'APP_TMPL_PATH' /home/www/vote/ThinkPHP/Lib/Behavior/ContentReplaceBehavior.class.php 第 47 行.
INFO: ContentReplace Behavior ::run [ RunTime:0.000231s ]
INFO: TokenBuild Behavior ::run [ RunTime:0.000142s ]
INFO: WriteHtmlCache Behavior ::run [ RunTime:0.000099s ]
INFO: ShowRuntime Behavior ::run [ RunTime:0.000159s ]
INFO: [ view_filter ] --END-- [ RunTime:0.000825s ]
INFO: [ view_end ] --START--
INFO: ShowPageTrace Behavior ::run [ RunTime:0.000171s ]
INFO: [ view_end ] --END-- [ RunTime:0.000239s ]

[ 2015-03-29T17:59:43+08:00 ] 123.180.192.228 /
INFO: [ app_begin ] --START--
INFO: ReadHtmlCache Behavior ::run [ RunTime:0.000184s ]
INFO: [ app_begin ] --END-- [ RunTime:0.000307s ]
INFO: [ view_parse ] --START--
INFO: ParseTemplate Behavior ::run [ RunTime:0.000356s ]
INFO: [ view_parse ] --END-- [ RunTime:0.000451s ]
INFO: [ view_filter ] --START--
NOTIC: [8] Use of undefined constant APP_TMPL_PATH - assumed 'APP_TMPL_PATH' /home/www/vote/ThinkPHP/Lib/Behavior/ContentReplaceBehavior.class.php 第 40 行.
NOTIC: [8] Use of undefined constant APP_TMPL_PATH - assumed 'APP_TMPL_PATH' /home/www/vote/ThinkPHP/Lib/Behavior/ContentReplaceBehavior.class.php 第 47 行.
INFO: ContentReplace Behavior ::run [ RunTime:0.000243s ]
INFO: TokenBuild Behavior ::run [ RunTime:0.000147s ]
INFO: WriteHtmlCache Behavior ::run [ RunTime:0.000101s ]
INFO: ShowRuntime Behavior ::run [ RunTime:0.000175s ]
INFO: [ view_filter ] --END-- [ RunTime:0.000871s ]
INFO: [ view_end ] --START--
INFO: ShowPageTrace Behavior ::run [ RunTime:0.000171s ]
INFO: [ view_end ] --END-- [ RunTime:0.000247s ]

[ 2015-03-29T18:43:13+08:00 ] 157.55.39.58 /
INFO: [ app_begin ] --START--
INFO: ReadHtmlCache Behavior ::run [ RunTime:0.000197s ]
INFO: [ app_begin ] --END-- [ RunTime:0.000352s ]
INFO: [ view_parse ] --START--
INFO: ParseTemplate Behavior ::run [ RunTime:0.000361s ]
INFO: [ view_parse ] --END-- [ RunTime:0.000452s ]
INFO: [ view_filter ] --START--
NOTIC: [8] Use of undefined constant APP_TMPL_PATH - assumed 'APP_TMPL_PATH' /home/www/vote/ThinkPHP/Lib/Behavior/ContentReplaceBehavior.class.php 第 40 行.
NOTIC: [8] Use of undefined constant APP_TMPL_PATH - assumed 'APP_TMPL_PATH' /home/www/vote/ThinkPHP/Lib/Behavior/ContentReplaceBehavior.class.php 第 47 行.
INFO: ContentReplace Behavior ::run [ RunTime:0.000245s ]
INFO: TokenBuild Behavior ::run [ RunTime:0.000146s ]
INFO: WriteHtmlCache Behavior ::run [ RunTime:0.000100s ]
INFO: ShowRuntime Behavior ::run [ RunTime:0.000180s ]
INFO: [ view_filter ] --END-- [ RunTime:0.000872s ]
INFO: [ view_end ] --START--
INFO: ShowPageTrace Behavior ::run [ RunTime:0.000169s ]
INFO: [ view_end ] --END-- [ RunTime:0.000243s ]

[ 2015-03-29T18:53:01+08:00 ] 123.151.64.202 /Index/Index/broadcast.html
INFO: [ route_check ] --START--
INFO: CheckRoute Behavior ::run [ RunTime:0.000200s ]
INFO: [ route_check ] --END-- [ RunTime:0.000310s ]
INFO: [ app_begin ] --START--
INFO: ReadHtmlCache Behavior ::run [ RunTime:0.000166s ]
INFO: [ app_begin ] --END-- [ RunTime:0.000242s ]
SQL: SHOW COLUMNS FROM `star_blog` [ RunTime:0.000935s ]
SQL: SELECT * FROM `star_blog` ORDER BY id DESC  [ RunTime:0.000584s ]
INFO: [ view_parse ] --START--
INFO: ParseTemplate Behavior ::run [ RunTime:0.003487s ]
INFO: [ view_parse ] --END-- [ RunTime:0.003574s ]
INFO: [ view_filter ] --START--
INFO: ContentReplace Behavior ::run [ RunTime:0.000207s ]
INFO: TokenBuild Behavior ::run [ RunTime:0.000155s ]
INFO: WriteHtmlCache Behavior ::run [ RunTime:0.000103s ]
INFO: ShowRuntime Behavior ::run [ RunTime:0.000157s ]
INFO: [ view_filter ] --END-- [ RunTime:0.000827s ]
INFO: [ view_end ] --START--
INFO: ShowPageTrace Behavior ::run [ RunTime:0.000170s ]
INFO: [ view_end ] --END-- [ RunTime:0.000240s ]

[ 2015-03-29T18:53:02+08:00 ] 182.207.79.86 /Index/Index/broadcast.html
INFO: [ route_check ] --START--
INFO: CheckRoute Behavior ::run [ RunTime:0.000207s ]
INFO: [ route_check ] --END-- [ RunTime:0.000325s ]
INFO: [ app_begin ] --START--
INFO: ReadHtmlCache Behavior ::run [ RunTime:0.000171s ]
INFO: [ app_begin ] --END-- [ RunTime:0.000257s ]
SQL: SHOW COLUMNS FROM `star_blog` [ RunTime:0.001024s ]
SQL: SELECT * FROM `star_blog` ORDER BY id DESC  [ RunTime:0.000214s ]
INFO: [ view_parse ] --START--
INFO: ParseTemplate Behavior ::run [ RunTime:0.004666s ]
INFO: [ view_parse ] --END-- [ RunTime:0.004762s ]
INFO: [ view_filter ] --START--
INFO: ContentReplace Behavior ::run [ RunTime:0.000196s ]
INFO: TokenBuild Behavior ::run [ RunTime:0.000157s ]
INFO: WriteHtmlCache Behavior ::run [ RunTime:0.000102s ]
INFO: ShowRuntime Behavior ::run [ RunTime:0.000180s ]
INFO: [ view_filter ] --END-- [ RunTime:0.000842s ]
INFO: [ view_end ] --START--
INFO: ShowPageTrace Behavior ::run [ RunTime:0.000166s ]
INFO: [ view_end ] --END-- [ RunTime:0.000244s ]

[ 2015-03-29T18:53:02+08:00 ] 123.151.64.202 /Index/Index/blogData
INFO: [ route_check ] --START--
INFO: CheckRoute Behavior ::run [ RunTime:0.000189s ]
INFO: [ route_check ] --END-- [ RunTime:0.000286s ]
INFO: [ app_begin ] --START--
INFO: ReadHtmlCache Behavior ::run [ RunTime:0.000173s ]
INFO: [ app_begin ] --END-- [ RunTime:0.000247s ]
SQL: SHOW COLUMNS FROM `star_blog` [ RunTime:0.000901s ]
SQL: SELECT * FROM `star_blog` ORDER BY convert(username using gb2312) ASC LIMIT 0,8   [ RunTime:0.000520s ]

[ 2015-03-29T18:53:03+08:00 ] 182.207.79.86 /Index/Index/blogData
INFO: [ route_check ] --START--
INFO: CheckRoute Behavior ::run [ RunTime:0.000164s ]
INFO: [ route_check ] --END-- [ RunTime:0.000270s ]
INFO: [ app_begin ] --START--
INFO: ReadHtmlCache Behavior ::run [ RunTime:0.000150s ]
INFO: [ app_begin ] --END-- [ RunTime:0.000220s ]
SQL: SHOW COLUMNS FROM `star_blog` [ RunTime:0.000924s ]
SQL: SELECT * FROM `star_blog` ORDER BY convert(username using gb2312) ASC LIMIT 0,8   [ RunTime:0.000203s ]

[ 2015-03-29T18:53:07+08:00 ] 182.207.79.86 /Index/Index/blogData
INFO: [ route_check ] --START--
INFO: CheckRoute Behavior ::run [ RunTime:0.000177s ]
INFO: [ route_check ] --END-- [ RunTime:0.000282s ]
INFO: [ app_begin ] --START--
INFO: ReadHtmlCache Behavior ::run [ RunTime:0.000143s ]
INFO: [ app_begin ] --END-- [ RunTime:0.000211s ]
SQL: SHOW COLUMNS FROM `star_blog` [ RunTime:0.000995s ]
SQL: SELECT * FROM `star_blog` ORDER BY convert(username using gb2312) ASC LIMIT 8,8   [ RunTime:0.000529s ]

[ 2015-03-29T20:13:33+08:00 ] 121.49.92.129 /Index/Index/broadcast.html
INFO: [ route_check ] --START--
INFO: CheckRoute Behavior ::run [ RunTime:0.000212s ]
INFO: [ route_check ] --END-- [ RunTime:0.000340s ]
INFO: [ app_begin ] --START--
INFO: ReadHtmlCache Behavior ::run [ RunTime:0.000179s ]
INFO: [ app_begin ] --END-- [ RunTime:0.000260s ]
SQL: SHOW COLUMNS FROM `star_blog` [ RunTime:0.000964s ]
SQL: SELECT * FROM `star_blog` ORDER BY id DESC  [ RunTime:0.000208s ]
INFO: [ view_parse ] --START--
INFO: ParseTemplate Behavior ::run [ RunTime:0.004689s ]
INFO: [ view_parse ] --END-- [ RunTime:0.004787s ]
INFO: [ view_filter ] --START--
INFO: ContentReplace Behavior ::run [ RunTime:0.000197s ]
INFO: TokenBuild Behavior ::run [ RunTime:0.000168s ]
INFO: WriteHtmlCache Behavior ::run [ RunTime:0.000107s ]
INFO: ShowRuntime Behavior ::run [ RunTime:0.000177s ]
INFO: [ view_filter ] --END-- [ RunTime:0.000855s ]
INFO: [ view_end ] --START--
INFO: ShowPageTrace Behavior ::run [ RunTime:0.000173s ]
INFO: [ view_end ] --END-- [ RunTime:0.000247s ]

[ 2015-03-29T20:13:33+08:00 ] 121.49.92.129 /Index/Index/blogData
INFO: [ route_check ] --START--
INFO: CheckRoute Behavior ::run [ RunTime:0.000208s ]
INFO: [ route_check ] --END-- [ RunTime:0.000324s ]
INFO: [ app_begin ] --START--
INFO: ReadHtmlCache Behavior ::run [ RunTime:0.000181s ]
INFO: [ app_begin ] --END-- [ RunTime:0.000257s ]
SQL: SHOW COLUMNS FROM `star_blog` [ RunTime:0.000936s ]
SQL: SELECT * FROM `star_blog` ORDER BY convert(username using gb2312) ASC LIMIT 0,8   [ RunTime:0.000204s ]

[ 2015-03-29T20:13:35+08:00 ] 121.49.92.129 /Index/Index/blogData
INFO: [ route_check ] --START--
INFO: CheckRoute Behavior ::run [ RunTime:0.000171s ]
INFO: [ route_check ] --END-- [ RunTime:0.000289s ]
INFO: [ app_begin ] --START--
INFO: ReadHtmlCache Behavior ::run [ RunTime:0.000152s ]
INFO: [ app_begin ] --END-- [ RunTime:0.000229s ]
SQL: SHOW COLUMNS FROM `star_blog` [ RunTime:0.000883s ]
SQL: SELECT * FROM `star_blog` ORDER BY convert(username using gb2312) ASC LIMIT 8,8   [ RunTime:0.000209s ]

[ 2015-03-29T20:13:36+08:00 ] 121.49.92.129 /Index/Index/blogData
INFO: [ route_check ] --START--
INFO: CheckRoute Behavior ::run [ RunTime:0.000156s ]
INFO: [ route_check ] --END-- [ RunTime:0.000262s ]
INFO: [ app_begin ] --START--
INFO: ReadHtmlCache Behavior ::run [ RunTime:0.000140s ]
INFO: [ app_begin ] --END-- [ RunTime:0.000208s ]
SQL: SHOW COLUMNS FROM `star_blog` [ RunTime:0.001028s ]
SQL: SELECT * FROM `star_blog` ORDER BY convert(username using gb2312) ASC LIMIT 16,8   [ RunTime:0.000586s ]

[ 2015-03-29T20:13:37+08:00 ] 121.49.92.129 /Index/Index/blogData
INFO: [ route_check ] --START--
INFO: CheckRoute Behavior ::run [ RunTime:0.000152s ]
INFO: [ route_check ] --END-- [ RunTime:0.000257s ]
INFO: [ app_begin ] --START--
INFO: ReadHtmlCache Behavior ::run [ RunTime:0.000142s ]
INFO: [ app_begin ] --END-- [ RunTime:0.000209s ]
SQL: SHOW COLUMNS FROM `star_blog` [ RunTime:0.000921s ]
SQL: SELECT * FROM `star_blog` ORDER BY convert(username using gb2312) ASC LIMIT 24,8   [ RunTime:0.000593s ]

[ 2015-03-29T20:13:39+08:00 ] 121.49.92.129 /Index/Index/blogData
INFO: [ route_check ] --START--
INFO: CheckRoute Behavior ::run [ RunTime:0.000229s ]
INFO: [ route_check ] --END-- [ RunTime:0.000352s ]
INFO: [ app_begin ] --START--
INFO: ReadHtmlCache Behavior ::run [ RunTime:0.000175s ]
INFO: [ app_begin ] --END-- [ RunTime:0.000254s ]
SQL: SHOW COLUMNS FROM `star_blog` [ RunTime:0.000914s ]
SQL: SELECT * FROM `star_blog` ORDER BY convert(username using gb2312) ASC LIMIT 32,8   [ RunTime:0.000578s ]

[ 2015-03-29T20:13:42+08:00 ] 121.49.92.129 /Index/Index/blogData
INFO: [ route_check ] --START--
INFO: CheckRoute Behavior ::run [ RunTime:0.000154s ]
INFO: [ route_check ] --END-- [ RunTime:0.000259s ]
INFO: [ app_begin ] --START--
INFO: ReadHtmlCache Behavior ::run [ RunTime:0.000142s ]
INFO: [ app_begin ] --END-- [ RunTime:0.000211s ]
SQL: SHOW COLUMNS FROM `star_blog` [ RunTime:0.000948s ]
SQL: SELECT * FROM `star_blog` ORDER BY convert(username using gb2312) ASC LIMIT 40,8   [ RunTime:0.000561s ]

[ 2015-03-29T20:30:04+08:00 ] 66.249.79.124 /robots.txt
INFO: [ route_check ] --START--
INFO: CheckRoute Behavior ::run [ RunTime:0.000211s ]
INFO: [ route_check ] --END-- [ RunTime:0.000353s ]
INFO: [ app_begin ] --START--
INFO: ReadHtmlCache Behavior ::run [ RunTime:0.000168s ]
INFO: [ app_begin ] --END-- [ RunTime:0.000250s ]
NOTIC: [8] Undefined variable: group /home/www/vote/ThinkPHP/Lib/Core/App.class.php 第 102 行.
ERR: 无法加载模块:robots.txt

[ 2015-03-29T20:30:04+08:00 ] 66.249.79.108 /
INFO: [ app_begin ] --START--
INFO: ReadHtmlCache Behavior ::run [ RunTime:0.000190s ]
INFO: [ app_begin ] --END-- [ RunTime:0.000311s ]
INFO: [ view_parse ] --START--
INFO: ParseTemplate Behavior ::run [ RunTime:0.000360s ]
INFO: [ view_parse ] --END-- [ RunTime:0.000455s ]
INFO: [ view_filter ] --START--
NOTIC: [8] Use of undefined constant APP_TMPL_PATH - assumed 'APP_TMPL_PATH' /home/www/vote/ThinkPHP/Lib/Behavior/ContentReplaceBehavior.class.php 第 40 行.
NOTIC: [8] Use of undefined constant APP_TMPL_PATH - assumed 'APP_TMPL_PATH' /home/www/vote/ThinkPHP/Lib/Behavior/ContentReplaceBehavior.class.php 第 47 行.
INFO: ContentReplace Behavior ::run [ RunTime:0.000245s ]
INFO: TokenBuild Behavior ::run [ RunTime:0.000146s ]
INFO: WriteHtmlCache Behavior ::run [ RunTime:0.000100s ]
INFO: ShowRuntime Behavior ::run [ RunTime:0.000178s ]
INFO: [ view_filter ] --END-- [ RunTime:0.000869s ]
INFO: [ view_end ] --START--
INFO: ShowPageTrace Behavior ::run [ RunTime:0.000167s ]
INFO: [ view_end ] --END-- [ RunTime:0.000241s ]

[ 2015-03-29T20:34:23+08:00 ] 110.240.208.125 /
INFO: [ app_begin ] --START--
INFO: ReadHtmlCache Behavior ::run [ RunTime:0.000193s ]
INFO: [ app_begin ] --END-- [ RunTime:0.000317s ]
INFO: [ view_parse ] --START--
INFO: ParseTemplate Behavior ::run [ RunTime:0.000383s ]
INFO: [ view_parse ] --END-- [ RunTime:0.000475s ]
INFO: [ view_filter ] --START--
NOTIC: [8] Use of undefined constant APP_TMPL_PATH - assumed 'APP_TMPL_PATH' /home/www/vote/ThinkPHP/Lib/Behavior/ContentReplaceBehavior.class.php 第 40 行.
NOTIC: [8] Use of undefined constant APP_TMPL_PATH - assumed 'APP_TMPL_PATH' /home/www/vote/ThinkPHP/Lib/Behavior/ContentReplaceBehavior.class.php 第 47 行.
INFO: ContentReplace Behavior ::run [ RunTime:0.000246s ]
INFO: TokenBuild Behavior ::run [ RunTime:0.000147s ]
INFO: WriteHtmlCache Behavior ::run [ RunTime:0.000100s ]
INFO: ShowRuntime Behavior ::run [ RunTime:0.000182s ]
INFO: [ view_filter ] --END-- [ RunTime:0.000877s ]
INFO: [ view_end ] --START--
INFO: ShowPageTrace Behavior ::run [ RunTime:0.000168s ]
INFO: [ view_end ] --END-- [ RunTime:0.000243s ]

[ 2015-03-29T20:45:18+08:00 ] 123.125.71.97 /
INFO: [ app_begin ] --START--
INFO: ReadHtmlCache Behavior ::run [ RunTime:0.000179s ]
INFO: [ app_begin ] --END-- [ RunTime:0.000280s ]
INFO: [ view_parse ] --START--
INFO: ParseTemplate Behavior ::run [ RunTime:0.000357s ]
INFO: [ view_parse ] --END-- [ RunTime:0.000439s ]
INFO: [ view_filter ] --START--
NOTIC: [8] Use of undefined constant APP_TMPL_PATH - assumed 'APP_TMPL_PATH' /home/www/vote/ThinkPHP/Lib/Behavior/ContentReplaceBehavior.class.php 第 40 行.
NOTIC: [8] Use of undefined constant APP_TMPL_PATH - assumed 'APP_TMPL_PATH' /home/www/vote/ThinkPHP/Lib/Behavior/ContentReplaceBehavior.class.php 第 47 行.
INFO: ContentReplace Behavior ::run [ RunTime:0.000226s ]
INFO: TokenBuild Behavior ::run [ RunTime:0.000140s ]
INFO: WriteHtmlCache Behavior ::run [ RunTime:0.000089s ]
INFO: ShowRuntime Behavior ::run [ RunTime:0.000151s ]
INFO: [ view_filter ] --END-- [ RunTime:0.000797s ]
INFO: [ view_end ] --START--
INFO: ShowPageTrace Behavior ::run [ RunTime:0.000162s ]
INFO: [ view_end ] --END-- [ RunTime:0.000231s ]

[ 2015-03-29T20:46:05+08:00 ] 123.125.71.107 /
INFO: [ app_begin ] --START--
INFO: ReadHtmlCache Behavior ::run [ RunTime:0.000162s ]
INFO: [ app_begin ] --END-- [ RunTime:0.000269s ]
INFO: [ view_parse ] --START--
INFO: ParseTemplate Behavior ::run [ RunTime:0.000350s ]
INFO: [ view_parse ] --END-- [ RunTime:0.000430s ]
INFO: [ view_filter ] --START--
NOTIC: [8] Use of undefined constant APP_TMPL_PATH - assumed 'APP_TMPL_PATH' /home/www/vote/ThinkPHP/Lib/Behavior/ContentReplaceBehavior.class.php 第 40 行.
NOTIC: [8] Use of undefined constant APP_TMPL_PATH - assumed 'APP_TMPL_PATH' /home/www/vote/ThinkPHP/Lib/Behavior/ContentReplaceBehavior.class.php 第 47 行.
INFO: ContentReplace Behavior ::run [ RunTime:0.000220s ]
INFO: TokenBuild Behavior ::run [ RunTime:0.000128s ]
INFO: WriteHtmlCache Behavior ::run [ RunTime:0.000086s ]
INFO: ShowRuntime Behavior ::run [ RunTime:0.000153s ]
INFO: [ view_filter ] --END-- [ RunTime:0.000780s ]
INFO: [ view_end ] --START--
INFO: ShowPageTrace Behavior ::run [ RunTime:0.000146s ]
INFO: [ view_end ] --END-- [ RunTime:0.000215s ]

[ 2015-03-29T20:46:53+08:00 ] 220.181.108.100 /
INFO: [ app_begin ] --START--
INFO: ReadHtmlCache Behavior ::run [ RunTime:0.000165s ]
INFO: [ app_begin ] --END-- [ RunTime:0.000272s ]
INFO: [ view_parse ] --START--
INFO: ParseTemplate Behavior ::run [ RunTime:0.000316s ]
INFO: [ view_parse ] --END-- [ RunTime:0.000397s ]
INFO: [ view_filter ] --START--
NOTIC: [8] Use of undefined constant APP_TMPL_PATH - assumed 'APP_TMPL_PATH' /home/www/vote/ThinkPHP/Lib/Behavior/ContentReplaceBehavior.class.php 第 40 行.
NOTIC: [8] Use of undefined constant APP_TMPL_PATH - assumed 'APP_TMPL_PATH' /home/www/vote/ThinkPHP/Lib/Behavior/ContentReplaceBehavior.class.php 第 47 行.
INFO: ContentReplace Behavior ::run [ RunTime:0.000216s ]
INFO: TokenBuild Behavior ::run [ RunTime:0.000132s ]
INFO: WriteHtmlCache Behavior ::run [ RunTime:0.000087s ]
INFO: ShowRuntime Behavior ::run [ RunTime:0.000149s ]
INFO: [ view_filter ] --END-- [ RunTime:0.000778s ]
INFO: [ view_end ] --START--
INFO: ShowPageTrace Behavior ::run [ RunTime:0.000134s ]
INFO: [ view_end ] --END-- [ RunTime:0.000202s ]

[ 2015-03-29T20:54:34+08:00 ] 14.215.31.120 /Index/Index/broadcast.html
INFO: [ route_check ] --START--
INFO: CheckRoute Behavior ::run [ RunTime:0.000212s ]
INFO: [ route_check ] --END-- [ RunTime:0.000337s ]
INFO: [ app_begin ] --START--
INFO: ReadHtmlCache Behavior ::run [ RunTime:0.000173s ]
INFO: [ app_begin ] --END-- [ RunTime:0.000259s ]
SQL: SHOW COLUMNS FROM `star_blog` [ RunTime:0.001023s ]
SQL: SELECT * FROM `star_blog` ORDER BY id DESC  [ RunTime:0.000224s ]
INFO: [ view_parse ] --START--
INFO: ParseTemplate Behavior ::run [ RunTime:0.004712s ]
INFO: [ view_parse ] --END-- [ RunTime:0.004809s ]
INFO: [ view_filter ] --START--
INFO: ContentReplace Behavior ::run [ RunTime:0.000200s ]
INFO: TokenBuild Behavior ::run [ RunTime:0.000158s ]
INFO: WriteHtmlCache Behavior ::run [ RunTime:0.000101s ]
INFO: ShowRuntime Behavior ::run [ RunTime:0.000178s ]
INFO: [ view_filter ] --END-- [ RunTime:0.000844s ]
INFO: [ view_end ] --START--
INFO: ShowPageTrace Behavior ::run [ RunTime:0.000190s ]
INFO: [ view_end ] --END-- [ RunTime:0.000268s ]

[ 2015-03-29T20:54:34+08:00 ] 183.232.118.16 /
INFO: [ app_begin ] --START--
INFO: ReadHtmlCache Behavior ::run [ RunTime:0.000186s ]
INFO: [ app_begin ] --END-- [ RunTime:0.000289s ]
INFO: [ view_parse ] --START--
INFO: ParseTemplate Behavior ::run [ RunTime:0.000355s ]
INFO: [ view_parse ] --END-- [ RunTime:0.000443s ]
INFO: [ view_filter ] --START--
NOTIC: [8] Use of undefined constant APP_TMPL_PATH - assumed 'APP_TMPL_PATH' /home/www/vote/ThinkPHP/Lib/Behavior/ContentReplaceBehavior.class.php 第 40 行.
NOTIC: [8] Use of undefined constant APP_TMPL_PATH - assumed 'APP_TMPL_PATH' /home/www/vote/ThinkPHP/Lib/Behavior/ContentReplaceBehavior.class.php 第 47 行.
INFO: ContentReplace Behavior ::run [ RunTime:0.000236s ]
INFO: TokenBuild Behavior ::run [ RunTime:0.000139s ]
INFO: WriteHtmlCache Behavior ::run [ RunTime:0.000095s ]
INFO: ShowRuntime Behavior ::run [ RunTime:0.000181s ]
INFO: [ view_filter ] --END-- [ RunTime:0.000849s ]
INFO: [ view_end ] --START--
INFO: ShowPageTrace Behavior ::run [ RunTime:0.000166s ]
INFO: [ view_end ] --END-- [ RunTime:0.000238s ]

[ 2015-03-29T20:54:34+08:00 ] 211.136.233.158 /
INFO: [ app_begin ] --START--
INFO: ReadHtmlCache Behavior ::run [ RunTime:0.000178s ]
INFO: [ app_begin ] --END-- [ RunTime:0.000278s ]
INFO: [ view_parse ] --START--
INFO: ParseTemplate Behavior ::run [ RunTime:0.000357s ]
INFO: [ view_parse ] --END-- [ RunTime:0.000445s ]
INFO: [ view_filter ] --START--
NOTIC: [8] Use of undefined constant APP_TMPL_PATH - assumed 'APP_TMPL_PATH' /home/www/vote/ThinkPHP/Lib/Behavior/ContentReplaceBehavior.class.php 第 40 行.
NOTIC: [8] Use of undefined constant APP_TMPL_PATH - assumed 'APP_TMPL_PATH' /home/www/vote/ThinkPHP/Lib/Behavior/ContentReplaceBehavior.class.php 第 47 行.
INFO: ContentReplace Behavior ::run [ RunTime:0.000238s ]
INFO: TokenBuild Behavior ::run [ RunTime:0.000142s ]
INFO: WriteHtmlCache Behavior ::run [ RunTime:0.000102s ]
INFO: ShowRuntime Behavior ::run [ RunTime:0.000164s ]
INFO: [ view_filter ] --END-- [ RunTime:0.000847s ]
INFO: [ view_end ] --START--
INFO: ShowPageTrace Behavior ::run [ RunTime:0.000170s ]
INFO: [ view_end ] --END-- [ RunTime:0.000242s ]

[ 2015-03-29T20:54:35+08:00 ] 120.196.211.151 /
INFO: [ app_begin ] --START--
INFO: ReadHtmlCache Behavior ::run [ RunTime:0.000156s ]
INFO: [ app_begin ] --END-- [ RunTime:0.000269s ]
INFO: [ view_parse ] --START--
INFO: ParseTemplate Behavior ::run [ RunTime:0.000332s ]
INFO: [ view_parse ] --END-- [ RunTime:0.000414s ]
INFO: [ view_filter ] --START--
NOTIC: [8] Use of undefined constant APP_TMPL_PATH - assumed 'APP_TMPL_PATH' /home/www/vote/ThinkPHP/Lib/Behavior/ContentReplaceBehavior.class.php 第 40 行.
NOTIC: [8] Use of undefined constant APP_TMPL_PATH - assumed 'APP_TMPL_PATH' /home/www/vote/ThinkPHP/Lib/Behavior/ContentReplaceBehavior.class.php 第 47 行.
INFO: ContentReplace Behavior ::run [ RunTime:0.000215s ]
INFO: TokenBuild Behavior ::run [ RunTime:0.000128s ]
INFO: WriteHtmlCache Behavior ::run [ RunTime:0.000088s ]
INFO: ShowRuntime Behavior ::run [ RunTime:0.000151s ]
INFO: [ view_filter ] --END-- [ RunTime:0.000778s ]
INFO: [ view_end ] --START--
INFO: ShowPageTrace Behavior ::run [ RunTime:0.000134s ]
INFO: [ view_end ] --END-- [ RunTime:0.000202s ]

[ 2015-03-29T20:54:35+08:00 ] 163.177.69.107 /
INFO: [ app_begin ] --START--
INFO: ReadHtmlCache Behavior ::run [ RunTime:0.000149s ]
INFO: [ app_begin ] --END-- [ RunTime:0.000241s ]
INFO: [ view_parse ] --START--
INFO: ParseTemplate Behavior ::run [ RunTime:0.000318s ]
INFO: [ view_parse ] --END-- [ RunTime:0.000400s ]
INFO: [ view_filter ] --START--
NOTIC: [8] Use of undefined constant APP_TMPL_PATH - assumed 'APP_TMPL_PATH' /home/www/vote/ThinkPHP/Lib/Behavior/ContentReplaceBehavior.class.php 第 40 行.
NOTIC: [8] Use of undefined constant APP_TMPL_PATH - assumed 'APP_TMPL_PATH' /home/www/vote/ThinkPHP/Lib/Behavior/ContentReplaceBehavior.class.php 第 47 行.
INFO: ContentReplace Behavior ::run [ RunTime:0.000213s ]
INFO: TokenBuild Behavior ::run [ RunTime:0.000129s ]
INFO: WriteHtmlCache Behavior ::run [ RunTime:0.000085s ]
INFO: ShowRuntime Behavior ::run [ RunTime:0.000149s ]
INFO: [ view_filter ] --END-- [ RunTime:0.000771s ]
INFO: [ view_end ] --START--
INFO: ShowPageTrace Behavior ::run [ RunTime:0.000147s ]
INFO: [ view_end ] --END-- [ RunTime:0.000217s ]

[ 2015-03-29T20:54:35+08:00 ] 163.177.82.13 /
INFO: [ app_begin ] --START--
INFO: ReadHtmlCache Behavior ::run [ RunTime:0.000158s ]
INFO: [ app_begin ] --END-- [ RunTime:0.000259s ]
INFO: [ view_parse ] --START--
INFO: ParseTemplate Behavior ::run [ RunTime:0.000330s ]
INFO: [ view_parse ] --END-- [ RunTime:0.000413s ]
INFO: [ view_filter ] --START--
NOTIC: [8] Use of undefined constant APP_TMPL_PATH - assumed 'APP_TMPL_PATH' /home/www/vote/ThinkPHP/Lib/Behavior/ContentReplaceBehavior.class.php 第 40 行.
NOTIC: [8] Use of undefined constant APP_TMPL_PATH - assumed 'APP_TMPL_PATH' /home/www/vote/ThinkPHP/Lib/Behavior/ContentReplaceBehavior.class.php 第 47 行.
INFO: ContentReplace Behavior ::run [ RunTime:0.000221s ]
INFO: TokenBuild Behavior ::run [ RunTime:0.000133s ]
INFO: WriteHtmlCache Behavior ::run [ RunTime:0.000090s ]
INFO: ShowRuntime Behavior ::run [ RunTime:0.000155s ]
INFO: [ view_filter ] --END-- [ RunTime:0.000794s ]
INFO: [ view_end ] --START--
INFO: ShowPageTrace Behavior ::run [ RunTime:0.000138s ]
INFO: [ view_end ] --END-- [ RunTime:0.000207s ]

[ 2015-03-29T20:54:35+08:00 ] 163.177.69.13 /
INFO: [ app_begin ] --START--
INFO: ReadHtmlCache Behavior ::run [ RunTime:0.000151s ]
INFO: [ app_begin ] --END-- [ RunTime:0.000246s ]
INFO: [ view_parse ] --START--
INFO: ParseTemplate Behavior ::run [ RunTime:0.000323s ]
INFO: [ view_parse ] --END-- [ RunTime:0.000404s ]
INFO: [ view_filter ] --START--
NOTIC: [8] Use of undefined constant APP_TMPL_PATH - assumed 'APP_TMPL_PATH' /home/www/vote/ThinkPHP/Lib/Behavior/ContentReplaceBehavior.class.php 第 40 行.
NOTIC: [8] Use of undefined constant APP_TMPL_PATH - assumed 'APP_TMPL_PATH' /home/www/vote/ThinkPHP/Lib/Behavior/ContentReplaceBehavior.class.php 第 47 行.
INFO: ContentReplace Behavior ::run [ RunTime:0.000214s ]
INFO: TokenBuild Behavior ::run [ RunTime:0.000128s ]
INFO: WriteHtmlCache Behavior ::run [ RunTime:0.000088s ]
INFO: ShowRuntime Behavior ::run [ RunTime:0.000152s ]
INFO: [ view_filter ] --END-- [ RunTime:0.000773s ]
INFO: [ view_end ] --START--
INFO: ShowPageTrace Behavior ::run [ RunTime:0.000137s ]
INFO: [ view_end ] --END-- [ RunTime:0.000207s ]

[ 2015-03-29T20:54:35+08:00 ] 120.196.212.107 /
INFO: [ app_begin ] --START--
INFO: ReadHtmlCache Behavior ::run [ RunTime:0.000151s ]
INFO: [ app_begin ] --END-- [ RunTime:0.000245s ]
INFO: [ view_parse ] --START--
INFO: ParseTemplate Behavior ::run [ RunTime:0.000322s ]
INFO: [ view_parse ] --END-- [ RunTime:0.000404s ]
INFO: [ view_filter ] --START--
NOTIC: [8] Use of undefined constant APP_TMPL_PATH - assumed 'APP_TMPL_PATH' /home/www/vote/ThinkPHP/Lib/Behavior/ContentReplaceBehavior.class.php 第 40 行.
NOTIC: [8] Use of undefined constant APP_TMPL_PATH - assumed 'APP_TMPL_PATH' /home/www/vote/ThinkPHP/Lib/Behavior/ContentReplaceBehavior.class.php 第 47 行.
INFO: ContentReplace Behavior ::run [ RunTime:0.000215s ]
INFO: TokenBuild Behavior ::run [ RunTime:0.000128s ]
INFO: WriteHtmlCache Behavior ::run [ RunTime:0.000087s ]
INFO: ShowRuntime Behavior ::run [ RunTime:0.000151s ]
INFO: [ view_filter ] --END-- [ RunTime:0.000775s ]
INFO: [ view_end ] --START--
INFO: ShowPageTrace Behavior ::run [ RunTime:0.000135s ]
INFO: [ view_end ] --END-- [ RunTime:0.000203s ]

[ 2015-03-29T20:54:35+08:00 ] 163.177.82.13 /
INFO: [ app_begin ] --START--
INFO: ReadHtmlCache Behavior ::run [ RunTime:0.000153s ]
INFO: [ app_begin ] --END-- [ RunTime:0.000246s ]
INFO: [ view_parse ] --START--
INFO: ParseTemplate Behavior ::run [ RunTime:0.000325s ]
INFO: [ view_parse ] --END-- [ RunTime:0.000408s ]
INFO: [ view_filter ] --START--
NOTIC: [8] Use of undefined constant APP_TMPL_PATH - assumed 'APP_TMPL_PATH' /home/www/vote/ThinkPHP/Lib/Behavior/ContentReplaceBehavior.class.php 第 40 行.
NOTIC: [8] Use of undefined constant APP_TMPL_PATH - assumed 'APP_TMPL_PATH' /home/www/vote/ThinkPHP/Lib/Behavior/ContentReplaceBehavior.class.php 第 47 行.
INFO: ContentReplace Behavior ::run [ RunTime:0.000217s ]
INFO: TokenBuild Behavior ::run [ RunTime:0.000132s ]
INFO: WriteHtmlCache Behavior ::run [ RunTime:0.000090s ]
INFO: ShowRuntime Behavior ::run [ RunTime:0.000155s ]
INFO: [ view_filter ] --END-- [ RunTime:0.000786s ]
INFO: [ view_end ] --START--
INFO: ShowPageTrace Behavior ::run [ RunTime:0.000154s ]
INFO: [ view_end ] --END-- [ RunTime:0.000223s ]

[ 2015-03-29T20:54:35+08:00 ] 163.177.69.106 /
INFO: [ app_begin ] --START--
INFO: ReadHtmlCache Behavior ::run [ RunTime:0.000149s ]
INFO: [ app_begin ] --END-- [ RunTime:0.000243s ]
INFO: [ view_parse ] --START--
INFO: ParseTemplate Behavior ::run [ RunTime:0.000322s ]
INFO: [ view_parse ] --END-- [ RunTime:0.000403s ]
INFO: [ view_filter ] --START--
NOTIC: [8] Use of undefined constant APP_TMPL_PATH - assumed 'APP_TMPL_PATH' /home/www/vote/ThinkPHP/Lib/Behavior/ContentReplaceBehavior.class.php 第 40 行.
NOTIC: [8] Use of undefined constant APP_TMPL_PATH - assumed 'APP_TMPL_PATH' /home/www/vote/ThinkPHP/Lib/Behavior/ContentReplaceBehavior.class.php 第 47 行.
INFO: ContentReplace Behavior ::run [ RunTime:0.000236s ]
INFO: TokenBuild Behavior ::run [ RunTime:0.000131s ]
INFO: WriteHtmlCache Behavior ::run [ RunTime:0.000087s ]
INFO: ShowRuntime Behavior ::run [ RunTime:0.000150s ]
INFO: [ view_filter ] --END-- [ RunTime:0.000798s ]
INFO: [ view_end ] --START--
INFO: ShowPageTrace Behavior ::run [ RunTime:0.000134s ]
INFO: [ view_end ] --END-- [ RunTime:0.000202s ]

[ 2015-03-29T20:54:35+08:00 ] 163.177.82.14 /
INFO: [ app_begin ] --START--
INFO: ReadHtmlCache Behavior ::run [ RunTime:0.000149s ]
INFO: [ app_begin ] --END-- [ RunTime:0.000242s ]
INFO: [ view_parse ] --START--
INFO: ParseTemplate Behavior ::run [ RunTime:0.000320s ]
INFO: [ view_parse ] --END-- [ RunTime:0.000401s ]
INFO: [ view_filter ] --START--
NOTIC: [8] Use of undefined constant APP_TMPL_PATH - assumed 'APP_TMPL_PATH' /home/www/vote/ThinkPHP/Lib/Behavior/ContentReplaceBehavior.class.php 第 40 行.
NOTIC: [8] Use of undefined constant APP_TMPL_PATH - assumed 'APP_TMPL_PATH' /home/www/vote/ThinkPHP/Lib/Behavior/ContentReplaceBehavior.class.php 第 47 行.
INFO: ContentReplace Behavior ::run [ RunTime:0.000213s ]
INFO: TokenBuild Behavior ::run [ RunTime:0.000128s ]
INFO: WriteHtmlCache Behavior ::run [ RunTime:0.000087s ]
INFO: ShowRuntime Behavior ::run [ RunTime:0.000151s ]
INFO: [ view_filter ] --END-- [ RunTime:0.000773s ]
INFO: [ view_end ] --START--
INFO: ShowPageTrace Behavior ::run [ RunTime:0.000133s ]
INFO: [ view_end ] --END-- [ RunTime:0.000201s ]

[ 2015-03-29T20:54:35+08:00 ] 163.177.69.106 /
INFO: [ app_begin ] --START--
INFO: ReadHtmlCache Behavior ::run [ RunTime:0.000154s ]
INFO: [ app_begin ] --END-- [ RunTime:0.000249s ]
INFO: [ view_parse ] --START--
INFO: ParseTemplate Behavior ::run [ RunTime:0.000327s ]
INFO: [ view_parse ] --END-- [ RunTime:0.000408s ]
INFO: [ view_filter ] --START--
NOTIC: [8] Use of undefined constant APP_TMPL_PATH - assumed 'APP_TMPL_PATH' /home/www/vote/ThinkPHP/Lib/Behavior/ContentReplaceBehavior.class.php 第 40 行.
NOTIC: [8] Use of undefined constant APP_TMPL_PATH - assumed 'APP_TMPL_PATH' /home/www/vote/ThinkPHP/Lib/Behavior/ContentReplaceBehavior.class.php 第 47 行.
INFO: ContentReplace Behavior ::run [ RunTime:0.000217s ]
INFO: TokenBuild Behavior ::run [ RunTime:0.000132s ]
INFO: WriteHtmlCache Behavior ::run [ RunTime:0.000090s ]
INFO: ShowRuntime Behavior ::run [ RunTime:0.000176s ]
INFO: [ view_filter ] --END-- [ RunTime:0.000812s ]
INFO: [ view_end ] --START--
INFO: ShowPageTrace Behavior ::run [ RunTime:0.000138s ]
INFO: [ view_end ] --END-- [ RunTime:0.000206s ]

[ 2015-03-29T20:54:37+08:00 ] 14.215.31.120 /Index/Index/blogData
INFO: [ route_check ] --START--
INFO: CheckRoute Behavior ::run [ RunTime:0.000157s ]
INFO: [ route_check ] --END-- [ RunTime:0.000261s ]
INFO: [ app_begin ] --START--
INFO: ReadHtmlCache Behavior ::run [ RunTime:0.000144s ]
INFO: [ app_begin ] --END-- [ RunTime:0.000214s ]
SQL: SHOW COLUMNS FROM `star_blog` [ RunTime:0.000891s ]
SQL: SELECT * FROM `star_blog` ORDER BY convert(username using gb2312) ASC LIMIT 0,8   [ RunTime:0.000208s ]

[ 2015-03-29T20:54:43+08:00 ] 14.215.31.120 /Index/Index/blogData
INFO: [ route_check ] --START--
INFO: CheckRoute Behavior ::run [ RunTime:0.000201s ]
INFO: [ route_check ] --END-- [ RunTime:0.000310s ]
INFO: [ app_begin ] --START--
INFO: ReadHtmlCache Behavior ::run [ RunTime:0.000147s ]
INFO: [ app_begin ] --END-- [ RunTime:0.000216s ]
SQL: SHOW COLUMNS FROM `star_blog` [ RunTime:0.000985s ]
SQL: SELECT * FROM `star_blog` ORDER BY convert(username using gb2312) ASC LIMIT 8,8   [ RunTime:0.000201s ]

[ 2015-03-29T20:54:51+08:00 ] 14.215.31.120 /Index/Index/blogData
INFO: [ route_check ] --START--
INFO: CheckRoute Behavior ::run [ RunTime:0.000186s ]
INFO: [ route_check ] --END-- [ RunTime:0.000295s ]
INFO: [ app_begin ] --START--
INFO: ReadHtmlCache Behavior ::run [ RunTime:0.000146s ]
INFO: [ app_begin ] --END-- [ RunTime:0.000215s ]
SQL: SHOW COLUMNS FROM `star_blog` [ RunTime:0.000990s ]
SQL: SELECT * FROM `star_blog` ORDER BY convert(username using gb2312) ASC LIMIT 16,8   [ RunTime:0.000207s ]

[ 2015-03-29T20:55:04+08:00 ] 14.215.31.120 /Index/Index/blogData
INFO: [ route_check ] --START--
INFO: CheckRoute Behavior ::run [ RunTime:0.000201s ]
INFO: [ route_check ] --END-- [ RunTime:0.000309s ]
INFO: [ app_begin ] --START--
INFO: ReadHtmlCache Behavior ::run [ RunTime:0.000149s ]
INFO: [ app_begin ] --END-- [ RunTime:0.000219s ]
SQL: SHOW COLUMNS FROM `star_blog` [ RunTime:0.000970s ]
SQL: SELECT * FROM `star_blog` ORDER BY convert(username using gb2312) ASC LIMIT 24,8   [ RunTime:0.000199s ]

[ 2015-03-29T20:55:13+08:00 ] 14.215.31.120 /Index/Index/blogData
INFO: [ route_check ] --START--
INFO: CheckRoute Behavior ::run [ RunTime:0.000178s ]
INFO: [ route_check ] --END-- [ RunTime:0.000291s ]
INFO: [ app_begin ] --START--
INFO: ReadHtmlCache Behavior ::run [ RunTime:0.000153s ]
INFO: [ app_begin ] --END-- [ RunTime:0.000230s ]
SQL: SHOW COLUMNS FROM `star_blog` [ RunTime:0.000979s ]
SQL: SELECT * FROM `star_blog` ORDER BY convert(username using gb2312) ASC LIMIT 32,8   [ RunTime:0.000154s ]

[ 2015-03-29T20:55:22+08:00 ] 14.215.31.120 /Index/Index/loveBlog
INFO: [ route_check ] --START--
INFO: CheckRoute Behavior ::run [ RunTime:0.000163s ]
INFO: [ route_check ] --END-- [ RunTime:0.000270s ]
INFO: [ app_begin ] --START--
INFO: ReadHtmlCache Behavior ::run [ RunTime:0.000147s ]
INFO: [ app_begin ] --END-- [ RunTime:0.000217s ]
SQL: SHOW COLUMNS FROM `star_ip_list` [ RunTime:0.001002s ]
SQL: SELECT * FROM `star_ip_list` WHERE ( `login_ip` = '14.215.31.120' ) AND ( `date` = '15-03-29' )  [ RunTime:0.003810s ]
SQL: INSERT INTO `star_ip_list` (`login_ip`,`date`) VALUES ('14.215.31.120','15-03-29') [ RunTime:0.000340s ]
SQL: SELECT * FROM `star_ip_list` WHERE ( `login_ip` = '14.215.31.120' ) AND ( `date` = '15-03-29' )  [ RunTime:0.003736s ]
SQL: UPDATE `star_ip_list` SET `times`=times+1 WHERE ( `login_ip` = '14.215.31.120' ) AND ( `date` = '15-03-29' ) [ RunTime:0.019023s ]
SQL: SHOW COLUMNS FROM `star_blog` [ RunTime:0.000872s ]
SQL: UPDATE `star_blog` SET `vote_number`=vote_number+1 WHERE ( `id` = 28 ) [ RunTime:0.000881s ]

[ 2015-03-29T20:55:26+08:00 ] 14.215.31.120 /Index/Index/blogData
INFO: [ route_check ] --START--
INFO: CheckRoute Behavior ::run [ RunTime:0.000233s ]
INFO: [ route_check ] --END-- [ RunTime:0.000393s ]
INFO: [ app_begin ] --START--
INFO: ReadHtmlCache Behavior ::run [ RunTime:0.000172s ]
INFO: [ app_begin ] --END-- [ RunTime:0.000254s ]
SQL: SHOW COLUMNS FROM `star_blog` [ RunTime:0.000950s ]
SQL: SELECT * FROM `star_blog` ORDER BY convert(username using gb2312) ASC LIMIT 40,8   [ RunTime:0.000561s ]

[ 2015-03-29T20:55:31+08:00 ] 14.215.31.120 /Index/Index/loveBlog
INFO: [ route_check ] --START--
INFO: CheckRoute Behavior ::run [ RunTime:0.000157s ]
INFO: [ route_check ] --END-- [ RunTime:0.000261s ]
INFO: [ app_begin ] --START--
INFO: ReadHtmlCache Behavior ::run [ RunTime:0.000166s ]
INFO: [ app_begin ] --END-- [ RunTime:0.000235s ]
SQL: SHOW COLUMNS FROM `star_ip_list` [ RunTime:0.000996s ]
SQL: SELECT * FROM `star_ip_list` WHERE ( `login_ip` = '14.215.31.120' ) AND ( `date` = '15-03-29' )  [ RunTime:0.003735s ]
SQL: SELECT * FROM `star_ip_list` WHERE ( `login_ip` = '14.215.31.120' ) AND ( `date` = '15-03-29' )  [ RunTime:0.000206s ]
SQL: UPDATE `star_ip_list` SET `times`=times+1 WHERE ( `login_ip` = '14.215.31.120' ) AND ( `date` = '15-03-29' ) [ RunTime:0.019122s ]
SQL: SHOW COLUMNS FROM `star_blog` [ RunTime:0.000860s ]
SQL: UPDATE `star_blog` SET `vote_number`=vote_number+1 WHERE ( `id` = 28 ) [ RunTime:0.000786s ]

[ 2015-03-29T20:55:35+08:00 ] 14.215.31.120 /Index/Index/loveBlog
INFO: [ route_check ] --START--
INFO: CheckRoute Behavior ::run [ RunTime:0.000162s ]
INFO: [ route_check ] --END-- [ RunTime:0.000268s ]
INFO: [ app_begin ] --START--
INFO: ReadHtmlCache Behavior ::run [ RunTime:0.000147s ]
INFO: [ app_begin ] --END-- [ RunTime:0.000216s ]
SQL: SHOW COLUMNS FROM `star_ip_list` [ RunTime:0.000961s ]
SQL: SELECT * FROM `star_ip_list` WHERE ( `login_ip` = '14.215.31.120' ) AND ( `date` = '15-03-29' )  [ RunTime:0.003803s ]
SQL: SELECT * FROM `star_ip_list` WHERE ( `login_ip` = '14.215.31.120' ) AND ( `date` = '15-03-29' )  [ RunTime:0.000176s ]
SQL: UPDATE `star_ip_list` SET `times`=times+1 WHERE ( `login_ip` = '14.215.31.120' ) AND ( `date` = '15-03-29' ) [ RunTime:0.018927s ]
SQL: SHOW COLUMNS FROM `star_blog` [ RunTime:0.000865s ]
SQL: UPDATE `star_blog` SET `vote_number`=vote_number+1 WHERE ( `id` = 28 ) [ RunTime:0.000365s ]

[ 2015-03-29T20:55:38+08:00 ] 14.215.31.120 /Index/Index/loveBlog
INFO: [ route_check ] --START--
INFO: CheckRoute Behavior ::run [ RunTime:0.000239s ]
INFO: [ route_check ] --END-- [ RunTime:0.000401s ]
INFO: [ app_begin ] --START--
INFO: ReadHtmlCache Behavior ::run [ RunTime:0.000171s ]
INFO: [ app_begin ] --END-- [ RunTime:0.000253s ]
SQL: SHOW COLUMNS FROM `star_ip_list` [ RunTime:0.000948s ]
SQL: SELECT * FROM `star_ip_list` WHERE ( `login_ip` = '14.215.31.120' ) AND ( `date` = '15-03-29' )  [ RunTime:0.003826s ]
SQL: SELECT * FROM `star_ip_list` WHERE ( `login_ip` = '14.215.31.120' ) AND ( `date` = '15-03-29' )  [ RunTime:0.000171s ]

[ 2015-03-29T20:56:29+08:00 ] 123.125.71.86 /
INFO: [ app_begin ] --START--
INFO: ReadHtmlCache Behavior ::run [ RunTime:0.000172s ]
INFO: [ app_begin ] --END-- [ RunTime:0.000287s ]
INFO: [ view_parse ] --START--
INFO: ParseTemplate Behavior ::run [ RunTime:0.000360s ]
INFO: [ view_parse ] --END-- [ RunTime:0.000448s ]
INFO: [ view_filter ] --START--
NOTIC: [8] Use of undefined constant APP_TMPL_PATH - assumed 'APP_TMPL_PATH' /home/www/vote/ThinkPHP/Lib/Behavior/ContentReplaceBehavior.class.php 第 40 行.
NOTIC: [8] Use of undefined constant APP_TMPL_PATH - assumed 'APP_TMPL_PATH' /home/www/vote/ThinkPHP/Lib/Behavior/ContentReplaceBehavior.class.php 第 47 行.
INFO: ContentReplace Behavior ::run [ RunTime:0.000247s ]
INFO: TokenBuild Behavior ::run [ RunTime:0.000144s ]
INFO: WriteHtmlCache Behavior ::run [ RunTime:0.000101s ]
INFO: ShowRuntime Behavior ::run [ RunTime:0.000174s ]
INFO: [ view_filter ] --END-- [ RunTime:0.000863s ]
INFO: [ view_end ] --START--
INFO: ShowPageTrace Behavior ::run [ RunTime:0.000168s ]
INFO: [ view_end ] --END-- [ RunTime:0.000242s ]

[ 2015-03-29T22:07:18+08:00 ] 113.54.135.195 /
INFO: [ app_begin ] --START--
INFO: ReadHtmlCache Behavior ::run [ RunTime:0.000197s ]
INFO: [ app_begin ] --END-- [ RunTime:0.000335s ]
INFO: [ view_parse ] --START--
INFO: ParseTemplate Behavior ::run [ RunTime:0.000364s ]
INFO: [ view_parse ] --END-- [ RunTime:0.000457s ]
INFO: [ view_filter ] --START--
NOTIC: [8] Use of undefined constant APP_TMPL_PATH - assumed 'APP_TMPL_PATH' /home/www/vote/ThinkPHP/Lib/Behavior/ContentReplaceBehavior.class.php 第 40 行.
NOTIC: [8] Use of undefined constant APP_TMPL_PATH - assumed 'APP_TMPL_PATH' /home/www/vote/ThinkPHP/Lib/Behavior/ContentReplaceBehavior.class.php 第 47 行.
INFO: ContentReplace Behavior ::run [ RunTime:0.000249s ]
INFO: TokenBuild Behavior ::run [ RunTime:0.000144s ]
INFO: WriteHtmlCache Behavior ::run [ RunTime:0.000103s ]
INFO: ShowRuntime Behavior ::run [ RunTime:0.000178s ]
INFO: [ view_filter ] --END-- [ RunTime:0.000877s ]
INFO: [ view_end ] --START--
INFO: ShowPageTrace Behavior ::run [ RunTime:0.000187s ]
INFO: [ view_end ] --END-- [ RunTime:0.000264s ]

[ 2015-03-29T22:59:21+08:00 ] 58.52.245.209 /?from=singlemessage&isappinstalled=1
INFO: [ app_begin ] --START--
INFO: ReadHtmlCache Behavior ::run [ RunTime:0.000191s ]
INFO: [ app_begin ] --END-- [ RunTime:0.000320s ]
INFO: [ view_parse ] --START--
INFO: ParseTemplate Behavior ::run [ RunTime:0.000381s ]
INFO: [ view_parse ] --END-- [ RunTime:0.000480s ]
INFO: [ view_filter ] --START--
NOTIC: [8] Use of undefined constant APP_TMPL_PATH - assumed 'APP_TMPL_PATH' /home/www/vote/ThinkPHP/Lib/Behavior/ContentReplaceBehavior.class.php 第 40 行.
NOTIC: [8] Use of undefined constant APP_TMPL_PATH - assumed 'APP_TMPL_PATH' /home/www/vote/ThinkPHP/Lib/Behavior/ContentReplaceBehavior.class.php 第 47 行.
INFO: ContentReplace Behavior ::run [ RunTime:0.000249s ]
INFO: TokenBuild Behavior ::run [ RunTime:0.000148s ]
INFO: WriteHtmlCache Behavior ::run [ RunTime:0.000104s ]
INFO: ShowRuntime Behavior ::run [ RunTime:0.000180s ]
INFO: [ view_filter ] --END-- [ RunTime:0.000884s ]
INFO: [ view_end ] --START--
INFO: ShowPageTrace Behavior ::run [ RunTime:0.000172s ]
INFO: [ view_end ] --END-- [ RunTime:0.000246s ]

[ 2015-03-29T22:59:54+08:00 ] 121.48.163.51 /
INFO: [ app_begin ] --START--
INFO: ReadHtmlCache Behavior ::run [ RunTime:0.000171s ]
INFO: [ app_begin ] --END-- [ RunTime:0.000287s ]
INFO: [ view_parse ] --START--
INFO: ParseTemplate Behavior ::run [ RunTime:0.000326s ]
INFO: [ view_parse ] --END-- [ RunTime:0.000417s ]
INFO: [ view_filter ] --START--
NOTIC: [8] Use of undefined constant APP_TMPL_PATH - assumed 'APP_TMPL_PATH' /home/www/vote/ThinkPHP/Lib/Behavior/ContentReplaceBehavior.class.php 第 40 行.
NOTIC: [8] Use of undefined constant APP_TMPL_PATH - assumed 'APP_TMPL_PATH' /home/www/vote/ThinkPHP/Lib/Behavior/ContentReplaceBehavior.class.php 第 47 行.
INFO: ContentReplace Behavior ::run [ RunTime:0.000231s ]
INFO: TokenBuild Behavior ::run [ RunTime:0.000149s ]
INFO: WriteHtmlCache Behavior ::run [ RunTime:0.000102s ]
INFO: ShowRuntime Behavior ::run [ RunTime:0.000161s ]
INFO: [ view_filter ] --END-- [ RunTime:0.000848s ]
INFO: [ view_end ] --START--
INFO: ShowPageTrace Behavior ::run [ RunTime:0.000150s ]
INFO: [ view_end ] --END-- [ RunTime:0.000223s ]

[ 2015-03-29T23:11:14+08:00 ] 106.120.160.119 /
INFO: [ app_begin ] --START--
INFO: ReadHtmlCache Behavior ::run [ RunTime:0.000196s ]
INFO: [ app_begin ] --END-- [ RunTime:0.000332s ]
INFO: [ view_parse ] --START--
INFO: ParseTemplate Behavior ::run [ RunTime:0.000363s ]
INFO: [ view_parse ] --END-- [ RunTime:0.000455s ]
INFO: [ view_filter ] --START--
NOTIC: [8] Use of undefined constant APP_TMPL_PATH - assumed 'APP_TMPL_PATH' /home/www/vote/ThinkPHP/Lib/Behavior/ContentReplaceBehavior.class.php 第 40 行.
NOTIC: [8] Use of undefined constant APP_TMPL_PATH - assumed 'APP_TMPL_PATH' /home/www/vote/ThinkPHP/Lib/Behavior/ContentReplaceBehavior.class.php 第 47 行.
INFO: ContentReplace Behavior ::run [ RunTime:0.000269s ]
INFO: TokenBuild Behavior ::run [ RunTime:0.000145s ]
INFO: WriteHtmlCache Behavior ::run [ RunTime:0.000104s ]
INFO: ShowRuntime Behavior ::run [ RunTime:0.000181s ]
INFO: [ view_filter ] --END-- [ RunTime:0.000903s ]
INFO: [ view_end ] --START--
INFO: ShowPageTrace Behavior ::run [ RunTime:0.000168s ]
INFO: [ view_end ] --END-- [ RunTime:0.000242s ]

[ 2015-03-29T23:14:55+08:00 ] 101.199.108.59 /
INFO: [ app_begin ] --START--
INFO: ReadHtmlCache Behavior ::run [ RunTime:0.000183s ]
INFO: [ app_begin ] --END-- [ RunTime:0.000296s ]
INFO: [ view_parse ] --START--
INFO: ParseTemplate Behavior ::run [ RunTime:0.000353s ]
INFO: [ view_parse ] --END-- [ RunTime:0.000436s ]
INFO: [ view_filter ] --START--
NOTIC: [8] Use of undefined constant APP_TMPL_PATH - assumed 'APP_TMPL_PATH' /home/www/vote/ThinkPHP/Lib/Behavior/ContentReplaceBehavior.class.php 第 40 行.
NOTIC: [8] Use of undefined constant APP_TMPL_PATH - assumed 'APP_TMPL_PATH' /home/www/vote/ThinkPHP/Lib/Behavior/ContentReplaceBehavior.class.php 第 47 行.
INFO: ContentReplace Behavior ::run [ RunTime:0.000238s ]
INFO: TokenBuild Behavior ::run [ RunTime:0.000140s ]
INFO: WriteHtmlCache Behavior ::run [ RunTime:0.000096s ]
INFO: ShowRuntime Behavior ::run [ RunTime:0.000170s ]
INFO: [ view_filter ] --END-- [ RunTime:0.000858s ]
INFO: [ view_end ] --START--
INFO: ShowPageTrace Behavior ::run [ RunTime:0.000162s ]
INFO: [ view_end ] --END-- [ RunTime:0.000230s ]

