[ 2015-04-04T02:11:38+08:00 ] 66.249.65.192 /robots.txt
INFO: [ route_check ] --START--
INFO: CheckRoute Behavior ::run [ RunTime:0.000216s ]
INFO: [ route_check ] --END-- [ RunTime:0.000367s ]
INFO: [ app_begin ] --START--
INFO: ReadHtmlCache Behavior ::run [ RunTime:0.000178s ]
INFO: [ app_begin ] --END-- [ RunTime:0.000261s ]
NOTIC: [8] Undefined variable: group /home/www/vote/ThinkPHP/Lib/Core/App.class.php 第 102 行.
ERR: 无法加载模块:robots.txt

[ 2015-04-04T02:11:39+08:00 ] 66.249.65.196 /Index/Index/blogData
INFO: [ route_check ] --START--
INFO: CheckRoute Behavior ::run [ RunTime:0.000197s ]
INFO: [ route_check ] --END-- [ RunTime:0.000300s ]
INFO: [ app_begin ] --START--
INFO: ReadHtmlCache Behavior ::run [ RunTime:0.000167s ]
INFO: [ app_begin ] --END-- [ RunTime:0.000246s ]
SQL: SHOW COLUMNS FROM `star_blog` [ RunTime:0.000981s ]
SQL: SELECT * FROM `star_blog` ORDER BY convert(username using gb2312) ASC LIMIT 0,8   [ RunTime:0.000196s ]

[ 2015-04-04T04:10:56+08:00 ] 66.249.65.192 /robots.txt
INFO: [ route_check ] --START--
INFO: CheckRoute Behavior ::run [ RunTime:0.000181s ]
INFO: [ route_check ] --END-- [ RunTime:0.000300s ]
INFO: [ app_begin ] --START--
INFO: ReadHtmlCache Behavior ::run [ RunTime:0.000158s ]
INFO: [ app_begin ] --END-- [ RunTime:0.000237s ]
NOTIC: [8] Undefined variable: group /home/www/vote/ThinkPHP/Lib/Core/App.class.php 第 102 行.
ERR: 无法加载模块:robots.txt

[ 2015-04-04T04:10:57+08:00 ] 66.249.65.200 /Index/Index/broadcast.html
INFO: [ route_check ] --START--
INFO: CheckRoute Behavior ::run [ RunTime:0.000203s ]
INFO: [ route_check ] --END-- [ RunTime:0.000311s ]
INFO: [ app_begin ] --START--
INFO: ReadHtmlCache Behavior ::run [ RunTime:0.000176s ]
INFO: [ app_begin ] --END-- [ RunTime:0.000256s ]
SQL: SHOW COLUMNS FROM `star_blog` [ RunTime:0.000992s ]
SQL: SELECT * FROM `star_blog` ORDER BY id DESC  [ RunTime:0.000225s ]
INFO: [ view_parse ] --START--
INFO: ParseTemplate Behavior ::run [ RunTime:0.003641s ]
INFO: [ view_parse ] --END-- [ RunTime:0.003737s ]
INFO: [ view_filter ] --START--
INFO: ContentReplace Behavior ::run [ RunTime:0.000195s ]
INFO: TokenBuild Behavior ::run [ RunTime:0.000152s ]
INFO: WriteHtmlCache Behavior ::run [ RunTime:0.000101s ]
INFO: ShowRuntime Behavior ::run [ RunTime:0.000169s ]
INFO: [ view_filter ] --END-- [ RunTime:0.000825s ]
INFO: [ view_end ] --START--
INFO: ShowPageTrace Behavior ::run [ RunTime:0.000167s ]
INFO: [ view_end ] --END-- [ RunTime:0.000246s ]

[ 2015-04-04T04:11:16+08:00 ] 66.249.65.200 /Index/Index/blogData
INFO: [ route_check ] --START--
INFO: CheckRoute Behavior ::run [ RunTime:0.000157s ]
INFO: [ route_check ] --END-- [ RunTime:0.000261s ]
INFO: [ app_begin ] --START--
INFO: ReadHtmlCache Behavior ::run [ RunTime:0.000146s ]
INFO: [ app_begin ] --END-- [ RunTime:0.000216s ]
SQL: SHOW COLUMNS FROM `star_blog` [ RunTime:0.000985s ]
SQL: SELECT * FROM `star_blog` ORDER BY convert(username using gb2312) ASC LIMIT 0,8   [ RunTime:0.000214s ]

[ 2015-04-04T07:35:29+08:00 ] 123.125.71.41 /
INFO: [ app_begin ] --START--
INFO: ReadHtmlCache Behavior ::run [ RunTime:0.000187s ]
INFO: [ app_begin ] --END-- [ RunTime:0.000306s ]
INFO: [ view_parse ] --START--
INFO: ParseTemplate Behavior ::run [ RunTime:0.000427s ]
INFO: [ view_parse ] --END-- [ RunTime:0.000516s ]
INFO: [ view_filter ] --START--
NOTIC: [8] Use of undefined constant APP_TMPL_PATH - assumed 'APP_TMPL_PATH' /home/www/vote/ThinkPHP/Lib/Behavior/ContentReplaceBehavior.class.php 第 40 行.
NOTIC: [8] Use of undefined constant APP_TMPL_PATH - assumed 'APP_TMPL_PATH' /home/www/vote/ThinkPHP/Lib/Behavior/ContentReplaceBehavior.class.php 第 47 行.
INFO: ContentReplace Behavior ::run [ RunTime:0.000243s ]
INFO: TokenBuild Behavior ::run [ RunTime:0.000149s ]
INFO: WriteHtmlCache Behavior ::run [ RunTime:0.000102s ]
INFO: ShowRuntime Behavior ::run [ RunTime:0.000171s ]
INFO: [ view_filter ] --END-- [ RunTime:0.000865s ]
INFO: [ view_end ] --START--
INFO: ShowPageTrace Behavior ::run [ RunTime:0.000174s ]
INFO: [ view_end ] --END-- [ RunTime:0.000246s ]

[ 2015-04-04T07:36:12+08:00 ] 123.125.71.33 /
INFO: [ app_begin ] --START--
INFO: ReadHtmlCache Behavior ::run [ RunTime:0.000188s ]
INFO: [ app_begin ] --END-- [ RunTime:0.000303s ]
INFO: [ view_parse ] --START--
INFO: ParseTemplate Behavior ::run [ RunTime:0.000365s ]
INFO: [ view_parse ] --END-- [ RunTime:0.000456s ]
INFO: [ view_filter ] --START--
NOTIC: [8] Use of undefined constant APP_TMPL_PATH - assumed 'APP_TMPL_PATH' /home/www/vote/ThinkPHP/Lib/Behavior/ContentReplaceBehavior.class.php 第 40 行.
NOTIC: [8] Use of undefined constant APP_TMPL_PATH - assumed 'APP_TMPL_PATH' /home/www/vote/ThinkPHP/Lib/Behavior/ContentReplaceBehavior.class.php 第 47 行.
INFO: ContentReplace Behavior ::run [ RunTime:0.000239s ]
INFO: TokenBuild Behavior ::run [ RunTime:0.000145s ]
INFO: WriteHtmlCache Behavior ::run [ RunTime:0.000101s ]
INFO: ShowRuntime Behavior ::run [ RunTime:0.000174s ]
INFO: [ view_filter ] --END-- [ RunTime:0.000857s ]
INFO: [ view_end ] --START--
INFO: ShowPageTrace Behavior ::run [ RunTime:0.000169s ]
INFO: [ view_end ] --END-- [ RunTime:0.000243s ]

[ 2015-04-04T07:37:36+08:00 ] 220.181.108.95 /
INFO: [ app_begin ] --START--
INFO: ReadHtmlCache Behavior ::run [ RunTime:0.000174s ]
INFO: [ app_begin ] --END-- [ RunTime:0.000292s ]
INFO: [ view_parse ] --START--
INFO: ParseTemplate Behavior ::run [ RunTime:0.000360s ]
INFO: [ view_parse ] --END-- [ RunTime:0.000448s ]
INFO: [ view_filter ] --START--
NOTIC: [8] Use of undefined constant APP_TMPL_PATH - assumed 'APP_TMPL_PATH' /home/www/vote/ThinkPHP/Lib/Behavior/ContentReplaceBehavior.class.php 第 40 行.
NOTIC: [8] Use of undefined constant APP_TMPL_PATH - assumed 'APP_TMPL_PATH' /home/www/vote/ThinkPHP/Lib/Behavior/ContentReplaceBehavior.class.php 第 47 行.
INFO: ContentReplace Behavior ::run [ RunTime:0.000240s ]
INFO: TokenBuild Behavior ::run [ RunTime:0.000143s ]
INFO: WriteHtmlCache Behavior ::run [ RunTime:0.000096s ]
INFO: ShowRuntime Behavior ::run [ RunTime:0.000175s ]
INFO: [ view_filter ] --END-- [ RunTime:0.000856s ]
INFO: [ view_end ] --START--
INFO: ShowPageTrace Behavior ::run [ RunTime:0.000168s ]
INFO: [ view_end ] --END-- [ RunTime:0.000240s ]

[ 2015-04-04T07:38:15+08:00 ] 220.181.108.117 /
INFO: [ app_begin ] --START--
INFO: ReadHtmlCache Behavior ::run [ RunTime:0.000169s ]
INFO: [ app_begin ] --END-- [ RunTime:0.000287s ]
INFO: [ view_parse ] --START--
INFO: ParseTemplate Behavior ::run [ RunTime:0.000351s ]
INFO: [ view_parse ] --END-- [ RunTime:0.000440s ]
INFO: [ view_filter ] --START--
NOTIC: [8] Use of undefined constant APP_TMPL_PATH - assumed 'APP_TMPL_PATH' /home/www/vote/ThinkPHP/Lib/Behavior/ContentReplaceBehavior.class.php 第 40 行.
NOTIC: [8] Use of undefined constant APP_TMPL_PATH - assumed 'APP_TMPL_PATH' /home/www/vote/ThinkPHP/Lib/Behavior/ContentReplaceBehavior.class.php 第 47 行.
INFO: ContentReplace Behavior ::run [ RunTime:0.000231s ]
INFO: TokenBuild Behavior ::run [ RunTime:0.000134s ]
INFO: WriteHtmlCache Behavior ::run [ RunTime:0.000092s ]
INFO: ShowRuntime Behavior ::run [ RunTime:0.000163s ]
INFO: [ view_filter ] --END-- [ RunTime:0.000816s ]
INFO: [ view_end ] --START--
INFO: ShowPageTrace Behavior ::run [ RunTime:0.000150s ]
INFO: [ view_end ] --END-- [ RunTime:0.000225s ]

[ 2015-04-04T07:56:16+08:00 ] 66.249.65.192 /robots.txt
INFO: [ route_check ] --START--
INFO: CheckRoute Behavior ::run [ RunTime:0.000212s ]
INFO: [ route_check ] --END-- [ RunTime:0.000332s ]
INFO: [ app_begin ] --START--
INFO: ReadHtmlCache Behavior ::run [ RunTime:0.000161s ]
INFO: [ app_begin ] --END-- [ RunTime:0.000241s ]
NOTIC: [8] Undefined variable: group /home/www/vote/ThinkPHP/Lib/Core/App.class.php 第 102 行.
ERR: 无法加载模块:robots.txt

[ 2015-04-04T07:56:17+08:00 ] 66.249.65.200 /Index/Index/broadcast.html
INFO: [ route_check ] --START--
INFO: CheckRoute Behavior ::run [ RunTime:0.000198s ]
INFO: [ route_check ] --END-- [ RunTime:0.000309s ]
INFO: [ app_begin ] --START--
INFO: ReadHtmlCache Behavior ::run [ RunTime:0.000156s ]
INFO: [ app_begin ] --END-- [ RunTime:0.000239s ]
SQL: SHOW COLUMNS FROM `star_blog` [ RunTime:0.001014s ]
SQL: SELECT * FROM `star_blog` ORDER BY id DESC  [ RunTime:0.000166s ]
INFO: [ view_parse ] --START--
INFO: ParseTemplate Behavior ::run [ RunTime:0.003624s ]
INFO: [ view_parse ] --END-- [ RunTime:0.003721s ]
INFO: [ view_filter ] --START--
INFO: ContentReplace Behavior ::run [ RunTime:0.000201s ]
INFO: TokenBuild Behavior ::run [ RunTime:0.000143s ]
INFO: WriteHtmlCache Behavior ::run [ RunTime:0.000090s ]
INFO: ShowRuntime Behavior ::run [ RunTime:0.000167s ]
INFO: [ view_filter ] --END-- [ RunTime:0.000806s ]
INFO: [ view_end ] --START--
INFO: ShowPageTrace Behavior ::run [ RunTime:0.000148s ]
INFO: [ view_end ] --END-- [ RunTime:0.000223s ]

[ 2015-04-04T07:56:42+08:00 ] 66.249.65.200 /Index/Index/blogData
INFO: [ route_check ] --START--
INFO: CheckRoute Behavior ::run [ RunTime:0.000158s ]
INFO: [ route_check ] --END-- [ RunTime:0.000265s ]
INFO: [ app_begin ] --START--
INFO: ReadHtmlCache Behavior ::run [ RunTime:0.000144s ]
INFO: [ app_begin ] --END-- [ RunTime:0.000213s ]
SQL: SHOW COLUMNS FROM `star_blog` [ RunTime:0.000997s ]
SQL: SELECT * FROM `star_blog` ORDER BY convert(username using gb2312) ASC LIMIT 0,8   [ RunTime:0.000202s ]

[ 2015-04-04T09:40:24+08:00 ] 66.249.65.192 /robots.txt
INFO: [ route_check ] --START--
INFO: CheckRoute Behavior ::run [ RunTime:0.000203s ]
INFO: [ route_check ] --END-- [ RunTime:0.000315s ]
INFO: [ app_begin ] --START--
INFO: ReadHtmlCache Behavior ::run [ RunTime:0.000171s ]
INFO: [ app_begin ] --END-- [ RunTime:0.000250s ]
NOTIC: [8] Undefined variable: group /home/www/vote/ThinkPHP/Lib/Core/App.class.php 第 102 行.
ERR: 无法加载模块:robots.txt

[ 2015-04-04T09:40:25+08:00 ] 66.249.65.196 /Index/Index/broadcast.html
INFO: [ route_check ] --START--
INFO: CheckRoute Behavior ::run [ RunTime:0.000209s ]
INFO: [ route_check ] --END-- [ RunTime:0.000307s ]
INFO: [ app_begin ] --START--
INFO: ReadHtmlCache Behavior ::run [ RunTime:0.000169s ]
INFO: [ app_begin ] --END-- [ RunTime:0.000245s ]
SQL: SHOW COLUMNS FROM `star_blog` [ RunTime:0.000956s ]
SQL: SELECT * FROM `star_blog` ORDER BY id DESC  [ RunTime:0.000228s ]
INFO: [ view_parse ] --START--
INFO: ParseTemplate Behavior ::run [ RunTime:0.003506s ]
INFO: [ view_parse ] --END-- [ RunTime:0.003596s ]
INFO: [ view_filter ] --START--
INFO: ContentReplace Behavior ::run [ RunTime:0.000190s ]
INFO: TokenBuild Behavior ::run [ RunTime:0.000156s ]
INFO: WriteHtmlCache Behavior ::run [ RunTime:0.000102s ]
INFO: ShowRuntime Behavior ::run [ RunTime:0.000169s ]
INFO: [ view_filter ] --END-- [ RunTime:0.000818s ]
INFO: [ view_end ] --START--
INFO: ShowPageTrace Behavior ::run [ RunTime:0.000165s ]
INFO: [ view_end ] --END-- [ RunTime:0.000235s ]

[ 2015-04-04T09:40:53+08:00 ] 66.249.65.200 /Index/Index/blogData
INFO: [ route_check ] --START--
INFO: CheckRoute Behavior ::run [ RunTime:0.000164s ]
INFO: [ route_check ] --END-- [ RunTime:0.000272s ]
INFO: [ app_begin ] --START--
INFO: ReadHtmlCache Behavior ::run [ RunTime:0.000147s ]
INFO: [ app_begin ] --END-- [ RunTime:0.000217s ]
SQL: SHOW COLUMNS FROM `star_blog` [ RunTime:0.000978s ]
SQL: SELECT * FROM `star_blog` ORDER BY convert(username using gb2312) ASC LIMIT 0,8   [ RunTime:0.000205s ]

[ 2015-04-04T10:45:46+08:00 ] 119.147.146.192 /
INFO: [ app_begin ] --START--
INFO: ReadHtmlCache Behavior ::run [ RunTime:0.000189s ]
INFO: [ app_begin ] --END-- [ RunTime:0.000309s ]
INFO: [ view_parse ] --START--
INFO: ParseTemplate Behavior ::run [ RunTime:0.000365s ]
INFO: [ view_parse ] --END-- [ RunTime:0.000457s ]
INFO: [ view_filter ] --START--
NOTIC: [8] Use of undefined constant APP_TMPL_PATH - assumed 'APP_TMPL_PATH' /home/www/vote/ThinkPHP/Lib/Behavior/ContentReplaceBehavior.class.php 第 40 行.
NOTIC: [8] Use of undefined constant APP_TMPL_PATH - assumed 'APP_TMPL_PATH' /home/www/vote/ThinkPHP/Lib/Behavior/ContentReplaceBehavior.class.php 第 47 行.
INFO: ContentReplace Behavior ::run [ RunTime:0.000244s ]
INFO: TokenBuild Behavior ::run [ RunTime:0.000146s ]
INFO: WriteHtmlCache Behavior ::run [ RunTime:0.000101s ]
INFO: ShowRuntime Behavior ::run [ RunTime:0.000180s ]
INFO: [ view_filter ] --END-- [ RunTime:0.000876s ]
INFO: [ view_end ] --START--
INFO: ShowPageTrace Behavior ::run [ RunTime:0.000175s ]
INFO: [ view_end ] --END-- [ RunTime:0.000248s ]

[ 2015-04-04T10:57:29+08:00 ] 117.176.140.240 /
INFO: [ app_begin ] --START--
INFO: ReadHtmlCache Behavior ::run [ RunTime:0.000181s ]
INFO: [ app_begin ] --END-- [ RunTime:0.000287s ]
INFO: [ view_parse ] --START--
INFO: ParseTemplate Behavior ::run [ RunTime:0.000357s ]
INFO: [ view_parse ] --END-- [ RunTime:0.000440s ]
INFO: [ view_filter ] --START--
NOTIC: [8] Use of undefined constant APP_TMPL_PATH - assumed 'APP_TMPL_PATH' /home/www/vote/ThinkPHP/Lib/Behavior/ContentReplaceBehavior.class.php 第 40 行.
NOTIC: [8] Use of undefined constant APP_TMPL_PATH - assumed 'APP_TMPL_PATH' /home/www/vote/ThinkPHP/Lib/Behavior/ContentReplaceBehavior.class.php 第 47 行.
INFO: ContentReplace Behavior ::run [ RunTime:0.000228s ]
INFO: TokenBuild Behavior ::run [ RunTime:0.000141s ]
INFO: WriteHtmlCache Behavior ::run [ RunTime:0.000095s ]
INFO: ShowRuntime Behavior ::run [ RunTime:0.000166s ]
INFO: [ view_filter ] --END-- [ RunTime:0.000825s ]
INFO: [ view_end ] --START--
INFO: ShowPageTrace Behavior ::run [ RunTime:0.000165s ]
INFO: [ view_end ] --END-- [ RunTime:0.000234s ]

[ 2015-04-04T10:57:29+08:00 ] 117.176.140.240 /
INFO: [ app_begin ] --START--
INFO: ReadHtmlCache Behavior ::run [ RunTime:0.000188s ]
INFO: [ app_begin ] --END-- [ RunTime:0.000301s ]
INFO: [ view_parse ] --START--
INFO: ParseTemplate Behavior ::run [ RunTime:0.000375s ]
INFO: [ view_parse ] --END-- [ RunTime:0.000464s ]
INFO: [ view_filter ] --START--
NOTIC: [8] Use of undefined constant APP_TMPL_PATH - assumed 'APP_TMPL_PATH' /home/www/vote/ThinkPHP/Lib/Behavior/ContentReplaceBehavior.class.php 第 40 行.
NOTIC: [8] Use of undefined constant APP_TMPL_PATH - assumed 'APP_TMPL_PATH' /home/www/vote/ThinkPHP/Lib/Behavior/ContentReplaceBehavior.class.php 第 47 行.
INFO: ContentReplace Behavior ::run [ RunTime:0.000236s ]
INFO: TokenBuild Behavior ::run [ RunTime:0.000144s ]
INFO: WriteHtmlCache Behavior ::run [ RunTime:0.000099s ]
INFO: ShowRuntime Behavior ::run [ RunTime:0.000177s ]
INFO: [ view_filter ] --END-- [ RunTime:0.000853s ]
INFO: [ view_end ] --START--
INFO: ShowPageTrace Behavior ::run [ RunTime:0.000163s ]
INFO: [ view_end ] --END-- [ RunTime:0.000235s ]

[ 2015-04-04T12:34:20+08:00 ] 123.125.71.39 /
INFO: [ app_begin ] --START--
INFO: ReadHtmlCache Behavior ::run [ RunTime:0.000193s ]
INFO: [ app_begin ] --END-- [ RunTime:0.000325s ]
INFO: [ view_parse ] --START--
INFO: ParseTemplate Behavior ::run [ RunTime:0.000360s ]
INFO: [ view_parse ] --END-- [ RunTime:0.000453s ]
INFO: [ view_filter ] --START--
NOTIC: [8] Use of undefined constant APP_TMPL_PATH - assumed 'APP_TMPL_PATH' /home/www/vote/ThinkPHP/Lib/Behavior/ContentReplaceBehavior.class.php 第 40 行.
NOTIC: [8] Use of undefined constant APP_TMPL_PATH - assumed 'APP_TMPL_PATH' /home/www/vote/ThinkPHP/Lib/Behavior/ContentReplaceBehavior.class.php 第 47 行.
INFO: ContentReplace Behavior ::run [ RunTime:0.000251s ]
INFO: TokenBuild Behavior ::run [ RunTime:0.000146s ]
INFO: WriteHtmlCache Behavior ::run [ RunTime:0.000100s ]
INFO: ShowRuntime Behavior ::run [ RunTime:0.000175s ]
INFO: [ view_filter ] --END-- [ RunTime:0.000872s ]
INFO: [ view_end ] --START--
INFO: ShowPageTrace Behavior ::run [ RunTime:0.000170s ]
INFO: [ view_end ] --END-- [ RunTime:0.000244s ]

[ 2015-04-04T12:35:06+08:00 ] 123.125.71.48 /
INFO: [ app_begin ] --START--
INFO: ReadHtmlCache Behavior ::run [ RunTime:0.000191s ]
INFO: [ app_begin ] --END-- [ RunTime:0.000312s ]
INFO: [ view_parse ] --START--
INFO: ParseTemplate Behavior ::run [ RunTime:0.000359s ]
INFO: [ view_parse ] --END-- [ RunTime:0.000449s ]
INFO: [ view_filter ] --START--
NOTIC: [8] Use of undefined constant APP_TMPL_PATH - assumed 'APP_TMPL_PATH' /home/www/vote/ThinkPHP/Lib/Behavior/ContentReplaceBehavior.class.php 第 40 行.
NOTIC: [8] Use of undefined constant APP_TMPL_PATH - assumed 'APP_TMPL_PATH' /home/www/vote/ThinkPHP/Lib/Behavior/ContentReplaceBehavior.class.php 第 47 行.
INFO: ContentReplace Behavior ::run [ RunTime:0.000244s ]
INFO: TokenBuild Behavior ::run [ RunTime:0.000146s ]
INFO: WriteHtmlCache Behavior ::run [ RunTime:0.000116s ]
INFO: ShowRuntime Behavior ::run [ RunTime:0.000182s ]
INFO: [ view_filter ] --END-- [ RunTime:0.000894s ]
INFO: [ view_end ] --START--
INFO: ShowPageTrace Behavior ::run [ RunTime:0.000167s ]
INFO: [ view_end ] --END-- [ RunTime:0.000244s ]

[ 2015-04-04T12:35:28+08:00 ] 220.181.108.97 /
INFO: [ app_begin ] --START--
INFO: ReadHtmlCache Behavior ::run [ RunTime:0.000164s ]
INFO: [ app_begin ] --END-- [ RunTime:0.000280s ]
INFO: [ view_parse ] --START--
INFO: ParseTemplate Behavior ::run [ RunTime:0.000319s ]
INFO: [ view_parse ] --END-- [ RunTime:0.000417s ]
INFO: [ view_filter ] --START--
NOTIC: [8] Use of undefined constant APP_TMPL_PATH - assumed 'APP_TMPL_PATH' /home/www/vote/ThinkPHP/Lib/Behavior/ContentReplaceBehavior.class.php 第 40 行.
NOTIC: [8] Use of undefined constant APP_TMPL_PATH - assumed 'APP_TMPL_PATH' /home/www/vote/ThinkPHP/Lib/Behavior/ContentReplaceBehavior.class.php 第 47 行.
INFO: ContentReplace Behavior ::run [ RunTime:0.000232s ]
INFO: TokenBuild Behavior ::run [ RunTime:0.000135s ]
INFO: WriteHtmlCache Behavior ::run [ RunTime:0.000090s ]
INFO: ShowRuntime Behavior ::run [ RunTime:0.000157s ]
INFO: [ view_filter ] --END-- [ RunTime:0.000812s ]
INFO: [ view_end ] --START--
INFO: ShowPageTrace Behavior ::run [ RunTime:0.000150s ]
INFO: [ view_end ] --END-- [ RunTime:0.000225s ]

[ 2015-04-04T12:36:17+08:00 ] 220.181.108.86 /
INFO: [ app_begin ] --START--
INFO: ReadHtmlCache Behavior ::run [ RunTime:0.000163s ]
INFO: [ app_begin ] --END-- [ RunTime:0.000278s ]
INFO: [ view_parse ] --START--
INFO: ParseTemplate Behavior ::run [ RunTime:0.000343s ]
INFO: [ view_parse ] --END-- [ RunTime:0.000434s ]
INFO: [ view_filter ] --START--
NOTIC: [8] Use of undefined constant APP_TMPL_PATH - assumed 'APP_TMPL_PATH' /home/www/vote/ThinkPHP/Lib/Behavior/ContentReplaceBehavior.class.php 第 40 行.
NOTIC: [8] Use of undefined constant APP_TMPL_PATH - assumed 'APP_TMPL_PATH' /home/www/vote/ThinkPHP/Lib/Behavior/ContentReplaceBehavior.class.php 第 47 行.
INFO: ContentReplace Behavior ::run [ RunTime:0.000233s ]
INFO: TokenBuild Behavior ::run [ RunTime:0.000135s ]
INFO: WriteHtmlCache Behavior ::run [ RunTime:0.000088s ]
INFO: ShowRuntime Behavior ::run [ RunTime:0.000161s ]
INFO: [ view_filter ] --END-- [ RunTime:0.000822s ]
INFO: [ view_end ] --START--
INFO: ShowPageTrace Behavior ::run [ RunTime:0.000143s ]
INFO: [ view_end ] --END-- [ RunTime:0.000215s ]

[ 2015-04-04T17:43:31+08:00 ] 61.163.178.30 /
INFO: [ app_begin ] --START--
INFO: ReadHtmlCache Behavior ::run [ RunTime:0.000189s ]
INFO: [ app_begin ] --END-- [ RunTime:0.000307s ]
INFO: [ view_parse ] --START--
INFO: ParseTemplate Behavior ::run [ RunTime:0.000359s ]
INFO: [ view_parse ] --END-- [ RunTime:0.000452s ]
INFO: [ view_filter ] --START--
NOTIC: [8] Use of undefined constant APP_TMPL_PATH - assumed 'APP_TMPL_PATH' /home/www/vote/ThinkPHP/Lib/Behavior/ContentReplaceBehavior.class.php 第 40 行.
NOTIC: [8] Use of undefined constant APP_TMPL_PATH - assumed 'APP_TMPL_PATH' /home/www/vote/ThinkPHP/Lib/Behavior/ContentReplaceBehavior.class.php 第 47 行.
INFO: ContentReplace Behavior ::run [ RunTime:0.000243s ]
INFO: TokenBuild Behavior ::run [ RunTime:0.000152s ]
INFO: WriteHtmlCache Behavior ::run [ RunTime:0.000101s ]
INFO: ShowRuntime Behavior ::run [ RunTime:0.000179s ]
INFO: [ view_filter ] --END-- [ RunTime:0.000878s ]
INFO: [ view_end ] --START--
INFO: ShowPageTrace Behavior ::run [ RunTime:0.000171s ]
INFO: [ view_end ] --END-- [ RunTime:0.000246s ]

[ 2015-04-04T18:02:04+08:00 ] 66.249.65.200 /robots.txt
INFO: [ route_check ] --START--
INFO: CheckRoute Behavior ::run [ RunTime:0.000213s ]
INFO: [ route_check ] --END-- [ RunTime:0.000332s ]
INFO: [ app_begin ] --START--
INFO: ReadHtmlCache Behavior ::run [ RunTime:0.000167s ]
INFO: [ app_begin ] --END-- [ RunTime:0.000251s ]
NOTIC: [8] Undefined variable: group /home/www/vote/ThinkPHP/Lib/Core/App.class.php 第 102 行.
ERR: 无法加载模块:robots.txt

[ 2015-04-04T18:02:05+08:00 ] 66.249.65.200 /
INFO: [ app_begin ] --START--
INFO: ReadHtmlCache Behavior ::run [ RunTime:0.000166s ]
INFO: [ app_begin ] --END-- [ RunTime:0.000272s ]
INFO: [ view_parse ] --START--
INFO: ParseTemplate Behavior ::run [ RunTime:0.000347s ]
INFO: [ view_parse ] --END-- [ RunTime:0.000443s ]
INFO: [ view_filter ] --START--
NOTIC: [8] Use of undefined constant APP_TMPL_PATH - assumed 'APP_TMPL_PATH' /home/www/vote/ThinkPHP/Lib/Behavior/ContentReplaceBehavior.class.php 第 40 行.
NOTIC: [8] Use of undefined constant APP_TMPL_PATH - assumed 'APP_TMPL_PATH' /home/www/vote/ThinkPHP/Lib/Behavior/ContentReplaceBehavior.class.php 第 47 行.
INFO: ContentReplace Behavior ::run [ RunTime:0.000228s ]
INFO: TokenBuild Behavior ::run [ RunTime:0.000136s ]
INFO: WriteHtmlCache Behavior ::run [ RunTime:0.000114s ]
INFO: ShowRuntime Behavior ::run [ RunTime:0.000172s ]
INFO: [ view_filter ] --END-- [ RunTime:0.000850s ]
INFO: [ view_end ] --START--
INFO: ShowPageTrace Behavior ::run [ RunTime:0.000151s ]
INFO: [ view_end ] --END-- [ RunTime:0.000226s ]

[ 2015-04-04T20:10:15+08:00 ] 106.120.160.119 /
INFO: [ app_begin ] --START--
INFO: ReadHtmlCache Behavior ::run [ RunTime:0.000181s ]
INFO: [ app_begin ] --END-- [ RunTime:0.000298s ]
INFO: [ view_parse ] --START--
INFO: ParseTemplate Behavior ::run [ RunTime:0.000374s ]
INFO: [ view_parse ] --END-- [ RunTime:0.000457s ]
INFO: [ view_filter ] --START--
NOTIC: [8] Use of undefined constant APP_TMPL_PATH - assumed 'APP_TMPL_PATH' /home/www/vote/ThinkPHP/Lib/Behavior/ContentReplaceBehavior.class.php 第 40 行.
NOTIC: [8] Use of undefined constant APP_TMPL_PATH - assumed 'APP_TMPL_PATH' /home/www/vote/ThinkPHP/Lib/Behavior/ContentReplaceBehavior.class.php 第 47 行.
INFO: ContentReplace Behavior ::run [ RunTime:0.000235s ]
INFO: TokenBuild Behavior ::run [ RunTime:0.000141s ]
INFO: WriteHtmlCache Behavior ::run [ RunTime:0.000097s ]
INFO: ShowRuntime Behavior ::run [ RunTime:0.000166s ]
INFO: [ view_filter ] --END-- [ RunTime:0.000832s ]
INFO: [ view_end ] --START--
INFO: ShowPageTrace Behavior ::run [ RunTime:0.000161s ]
INFO: [ view_end ] --END-- [ RunTime:0.000230s ]

[ 2015-04-04T20:13:10+08:00 ] 101.199.108.52 /
INFO: [ app_begin ] --START--
INFO: ReadHtmlCache Behavior ::run [ RunTime:0.000182s ]
INFO: [ app_begin ] --END-- [ RunTime:0.000297s ]
INFO: [ view_parse ] --START--
INFO: ParseTemplate Behavior ::run [ RunTime:0.000347s ]
INFO: [ view_parse ] --END-- [ RunTime:0.000430s ]
INFO: [ view_filter ] --START--
NOTIC: [8] Use of undefined constant APP_TMPL_PATH - assumed 'APP_TMPL_PATH' /home/www/vote/ThinkPHP/Lib/Behavior/ContentReplaceBehavior.class.php 第 40 行.
NOTIC: [8] Use of undefined constant APP_TMPL_PATH - assumed 'APP_TMPL_PATH' /home/www/vote/ThinkPHP/Lib/Behavior/ContentReplaceBehavior.class.php 第 47 行.
INFO: ContentReplace Behavior ::run [ RunTime:0.000236s ]
INFO: TokenBuild Behavior ::run [ RunTime:0.000145s ]
INFO: WriteHtmlCache Behavior ::run [ RunTime:0.000103s ]
INFO: ShowRuntime Behavior ::run [ RunTime:0.000167s ]
INFO: [ view_filter ] --END-- [ RunTime:0.000867s ]
INFO: [ view_end ] --START--
INFO: ShowPageTrace Behavior ::run [ RunTime:0.000164s ]
INFO: [ view_end ] --END-- [ RunTime:0.000232s ]

[ 2015-04-04T21:06:44+08:00 ] 123.125.71.21 /
INFO: [ app_begin ] --START--
INFO: ReadHtmlCache Behavior ::run [ RunTime:0.000185s ]
INFO: [ app_begin ] --END-- [ RunTime:0.000289s ]
INFO: [ view_parse ] --START--
INFO: ParseTemplate Behavior ::run [ RunTime:0.000360s ]
INFO: [ view_parse ] --END-- [ RunTime:0.000442s ]
INFO: [ view_filter ] --START--
NOTIC: [8] Use of undefined constant APP_TMPL_PATH - assumed 'APP_TMPL_PATH' /home/www/vote/ThinkPHP/Lib/Behavior/ContentReplaceBehavior.class.php 第 40 行.
NOTIC: [8] Use of undefined constant APP_TMPL_PATH - assumed 'APP_TMPL_PATH' /home/www/vote/ThinkPHP/Lib/Behavior/ContentReplaceBehavior.class.php 第 47 行.
INFO: ContentReplace Behavior ::run [ RunTime:0.000231s ]
INFO: TokenBuild Behavior ::run [ RunTime:0.000143s ]
INFO: WriteHtmlCache Behavior ::run [ RunTime:0.000097s ]
INFO: ShowRuntime Behavior ::run [ RunTime:0.000171s ]
INFO: [ view_filter ] --END-- [ RunTime:0.000835s ]
INFO: [ view_end ] --START--
INFO: ShowPageTrace Behavior ::run [ RunTime:0.000168s ]
INFO: [ view_end ] --END-- [ RunTime:0.000237s ]

[ 2015-04-04T21:27:00+08:00 ] 117.176.140.240 /
INFO: [ app_begin ] --START--
INFO: ReadHtmlCache Behavior ::run [ RunTime:0.000188s ]
INFO: [ app_begin ] --END-- [ RunTime:0.000318s ]
INFO: [ view_parse ] --START--
INFO: ParseTemplate Behavior ::run [ RunTime:0.000352s ]
INFO: [ view_parse ] --END-- [ RunTime:0.000444s ]
INFO: [ view_filter ] --START--
NOTIC: [8] Use of undefined constant APP_TMPL_PATH - assumed 'APP_TMPL_PATH' /home/www/vote/ThinkPHP/Lib/Behavior/ContentReplaceBehavior.class.php 第 40 行.
NOTIC: [8] Use of undefined constant APP_TMPL_PATH - assumed 'APP_TMPL_PATH' /home/www/vote/ThinkPHP/Lib/Behavior/ContentReplaceBehavior.class.php 第 47 行.
INFO: ContentReplace Behavior ::run [ RunTime:0.000241s ]
INFO: TokenBuild Behavior ::run [ RunTime:0.000145s ]
INFO: WriteHtmlCache Behavior ::run [ RunTime:0.000102s ]
INFO: ShowRuntime Behavior ::run [ RunTime:0.000176s ]
INFO: [ view_filter ] --END-- [ RunTime:0.000863s ]
INFO: [ view_end ] --START--
INFO: ShowPageTrace Behavior ::run [ RunTime:0.000170s ]
INFO: [ view_end ] --END-- [ RunTime:0.000243s ]

[ 2015-04-04T21:27:02+08:00 ] 117.176.140.240 /
INFO: [ app_begin ] --START--
INFO: ReadHtmlCache Behavior ::run [ RunTime:0.000191s ]
INFO: [ app_begin ] --END-- [ RunTime:0.000303s ]
INFO: [ view_parse ] --START--
INFO: ParseTemplate Behavior ::run [ RunTime:0.000361s ]
INFO: [ view_parse ] --END-- [ RunTime:0.000451s ]
INFO: [ view_filter ] --START--
NOTIC: [8] Use of undefined constant APP_TMPL_PATH - assumed 'APP_TMPL_PATH' /home/www/vote/ThinkPHP/Lib/Behavior/ContentReplaceBehavior.class.php 第 40 行.
NOTIC: [8] Use of undefined constant APP_TMPL_PATH - assumed 'APP_TMPL_PATH' /home/www/vote/ThinkPHP/Lib/Behavior/ContentReplaceBehavior.class.php 第 47 行.
INFO: ContentReplace Behavior ::run [ RunTime:0.000238s ]
INFO: TokenBuild Behavior ::run [ RunTime:0.000144s ]
INFO: WriteHtmlCache Behavior ::run [ RunTime:0.000099s ]
INFO: ShowRuntime Behavior ::run [ RunTime:0.000182s ]
INFO: [ view_filter ] --END-- [ RunTime:0.000862s ]
INFO: [ view_end ] --START--
INFO: ShowPageTrace Behavior ::run [ RunTime:0.000166s ]
INFO: [ view_end ] --END-- [ RunTime:0.000241s ]

